SF:src/sections/Route.enum.ts
DA:1,412
DA:2,412
DA:3,412
DA:4,412
DA:5,412
DA:6,412
DA:7,412
DA:8,412
DA:9,412
DA:10,412
DA:11,412
DA:12,412
DA:13,412
DA:14,412
DA:15,412
DA:18,412
DA:20,3872
DA:21,78
DA:22,76
DA:23,7
DA:26,412
DA:27,412
DA:28,412
DA:29,412
DA:30,412
DA:31,412
DA:32,412
BRDA:1,0,0,412
BRDA:1,0,1,412
BRDA:20,1,0,3867
BRDA:20,1,1,5
BRDA:26,2,0,412
BRDA:26,2,1,412
end_of_record
SF:src/sections/account/Account.tsx
DA:8,2
DA:15,4
DA:16,4
DA:18,2
DA:45,2
end_of_record
SF:src/sections/account/AccountFactory.tsx
end_of_record
SF:src/sections/account/AccountHelper.ts
DA:2,21
DA:9,21
DA:12,5
DA:14,5
BRDA:15,0,0,5
BRDA:15,0,1,2
end_of_record
SF:src/sections/account/api-token-section/ApiTokenSection.tsx
DA:19,110
DA:20,110
DA:21,98
DA:23,98
DA:25,98
DA:26,42
DA:34,98
DA:36,98
DA:37,25
DA:38,3
DA:42,98
DA:43,3
DA:46,98
DA:48,98
DA:49,2
DA:50,2
DA:56,98
DA:57,5
DA:64,98
DA:65,49
DA:68,49
DA:69,1
DA:76,48
DA:132,8
BRDA:37,0,0,3
BRDA:57,1,0,5
BRDA:57,1,1,0
BRDA:64,2,0,49
BRDA:64,3,0,98
BRDA:64,3,1,54
BRDA:64,3,2,51
BRDA:68,4,0,1
BRDA:68,5,0,49
BRDA:68,5,1,48
BRDA:68,5,2,48
BRDA:71,6,0,1
BRDA:71,6,1,0
BRDA:71,6,2,0
BRDA:93,7,0,26
BRDA:93,7,1,22
end_of_record
SF:src/sections/account/api-token-section/ApiTokenSectionSkeleton.tsx
DA:7,49
DA:8,49
DA:10,49
DA:49,8
end_of_record
SF:src/sections/account/api-token-section/useGetCurrentApiToken.tsx
DA:12,116
DA:13,116
DA:17,116
DA:18,116
DA:20,116
DA:21,31
DA:22,31
DA:23,31
DA:24,24
DA:28,24
DA:31,7
DA:34,7
DA:41,31
DA:45,116
DA:46,31
DA:48,116
DA:49,12
BRDA:31,0,0,5
BRDA:31,0,1,2
BRDA:31,1,0,7
BRDA:31,1,1,5
BRDA:35,2,0,0
BRDA:35,2,1,7
end_of_record
SF:src/sections/account/api-token-section/useRecreateApiToken.tsx
DA:13,125
DA:14,125
DA:15,125
DA:16,125
DA:18,125
DA:19,12
DA:20,12
DA:21,12
DA:22,12
DA:23,7
DA:26,5
DA:29,5
DA:31,12
DA:35,125
DA:36,12
BRDA:26,0,0,3
BRDA:26,0,1,2
BRDA:26,1,0,5
BRDA:26,1,1,3
end_of_record
SF:src/sections/account/api-token-section/useRevokeApiToken.tsx
DA:11,116
DA:12,116
DA:13,116
DA:15,116
DA:16,11
DA:17,11
DA:18,11
DA:19,11
DA:22,5
DA:25,5
DA:27,11
DA:31,116
DA:32,12
BRDA:22,0,0,3
BRDA:22,0,1,2
BRDA:22,1,0,5
BRDA:22,1,1,3
end_of_record
SF:src/sections/alerts/AlertContext.ts
DA:12,25
DA:19,669
end_of_record
SF:src/sections/alerts/AlertProvider.tsx
DA:6,312
DA:7,312
DA:9,312
DA:10,11
DA:11,11
DA:12,11
DA:13,2
DA:17,312
DA:18,3
DA:21,312
DA:32,25
BRDA:12,0,0,9
end_of_record
SF:src/sections/collection/Collection.tsx
DA:31,11
DA:38,152
DA:39,152
DA:40,141
DA:41,141
DA:42,141
DA:43,141
DA:48,141
DA:53,141
DA:54,141
DA:55,141
DA:56,141
DA:58,141
DA:59,141
DA:60,141
DA:62,141
DA:63,10
DA:66,131
DA:120,11
BRDA:58,0,0,141
BRDA:58,0,1,11
BRDA:58,0,2,3
BRDA:59,1,0,141
BRDA:59,1,1,11
BRDA:59,1,2,2
BRDA:60,2,0,141
BRDA:60,2,1,11
BRDA:62,3,0,10
BRDA:62,4,0,141
BRDA:62,4,1,65
BRDA:69,5,0,76
BRDA:69,5,1,55
BRDA:75,6,0,55
BRDA:75,6,1,5
BRDA:76,7,0,55
BRDA:76,7,1,0
BRDA:81,8,0,55
BRDA:81,8,1,4
BRDA:84,9,0,55
BRDA:84,9,1,53
BRDA:84,9,2,11
BRDA:89,10,0,11
BRDA:89,10,1,2
BRDA:95,11,0,11
BRDA:95,11,1,11
BRDA:106,12,0,8
BRDA:106,12,1,47
end_of_record
SF:src/sections/collection/CollectionFactory.tsx
end_of_record
SF:src/sections/collection/CollectionHelper.ts
DA:8,32
DA:12,32
DA:16,32
DA:18,32
DA:20,32
DA:22,32
DA:25,32
DA:29,170
DA:35,21
BRDA:8,0,0,9
BRDA:8,0,1,23
BRDA:12,1,0,17
BRDA:12,1,1,15
BRDA:16,2,0,32
BRDA:16,2,1,16
end_of_record
SF:src/sections/collection/CollectionInfo.tsx
DA:1,112
DA:11,16
DA:12,69
DA:34,16
BRDA:1,0,0,16
BRDA:17,1,0,69
BRDA:17,1,1,12
BRDA:20,2,0,69
BRDA:20,2,1,4
BRDA:27,3,0,69
BRDA:27,3,1,5
end_of_record
SF:src/sections/collection/CollectionSkeleton.tsx
DA:1,77
DA:4,11
DA:5,76
DA:15,11
BRDA:1,0,0,11
end_of_record
SF:src/sections/collection/CreatedAlert.tsx
DA:4,11
DA:5,11
DA:6,5
DA:23,11
end_of_record
SF:src/sections/collection/config.ts
end_of_record
SF:src/sections/collection/useCollection.tsx
DA:10,424
DA:11,424
DA:12,424
DA:14,424
DA:15,185
DA:16,185
DA:17,185
DA:19,185
DA:22,0
DA:25,185
DA:29,424
DA:30,48
end_of_record
SF:src/sections/collection/useGetCollectionQueryParams.ts
end_of_record
SF:src/sections/collection/collection-items-panel/CollectionItemsPanel.tsx
DA:40,31
DA:45,561
DA:46,561
DA:47,561
DA:49,561
DA:52,561
DA:57,561
DA:60,561
DA:72,561
DA:78,189
DA:79,189
DA:80,15
DA:83,189
DA:85,189
DA:86,171
DA:87,171
DA:91,561
DA:92,10
DA:94,10
DA:95,10
DA:97,10
DA:99,5
DA:100,5
DA:101,5
DA:105,5
DA:117,10
DA:122,10
DA:124,10
DA:125,10
DA:126,10
DA:130,561
DA:131,21
DA:134,21
DA:137,28
DA:141,21
DA:143,21
DA:144,21
DA:147,21
DA:155,21
DA:160,21
DA:162,21
DA:163,21
DA:164,21
DA:169,2
DA:170,2
DA:172,2
DA:177,2
DA:178,2
DA:180,2
DA:181,2
DA:182,2
DA:186,561
DA:187,330
DA:190,561
DA:226,31
BRDA:54,0,0,561
BRDA:54,0,1,435
BRDA:79,1,0,15
BRDA:85,2,0,171
BRDA:97,3,0,5
BRDA:97,3,1,5
BRDA:118,4,0,5
BRDA:118,4,1,5
BRDA:124,5,0,10
BRDA:134,6,0,7
BRDA:134,6,1,14
BRDA:135,7,0,7
BRDA:136,8,0,14
BRDA:150,9,0,21
BRDA:150,9,1,9
BRDA:162,10,0,21
BRDA:180,11,0,2
end_of_record
SF:src/sections/collection/collection-items-panel/useGetAccumulatedItems.tsx
DA:11,31
DA:34,31
DA:37,561
DA:38,561
DA:39,561
DA:40,561
DA:41,561
DA:42,561
DA:44,561
DA:45,561
DA:46,489
DA:48,561
DA:50,561
DA:55,222
DA:57,222
DA:58,222
DA:65,204
DA:67,204
DA:69,204
DA:71,204
DA:75,204
DA:77,204
DA:78,96
DA:81,204
DA:84,18
DA:87,18
DA:89,222
DA:93,561
DA:104,31
DA:112,222
DA:118,18
BRDA:46,0,0,489
BRDA:46,0,1,187
BRDA:46,0,2,105
BRDA:53,1,0,189
BRDA:65,2,0,171
BRDA:65,2,1,33
BRDA:71,3,0,171
BRDA:71,3,1,33
BRDA:77,4,0,96
BRDA:84,5,0,18
BRDA:84,5,1,0
BRDA:84,6,0,18
BRDA:84,6,1,18
end_of_record
SF:src/sections/collection/collection-items-panel/useLoadMoreOnPopStateEvent.ts
DA:9,31
DA:10,561
DA:11,264
DA:12,2
DA:15,264
DA:17,264
DA:18,234
end_of_record
SF:src/sections/collection/collection-items-panel/filter-panel/FilterPanel.tsx
DA:15,33
DA:19,569
DA:20,569
DA:22,547
DA:24,547
DA:25,547
DA:27,547
DA:53,33
end_of_record
SF:src/sections/collection/collection-items-panel/filter-panel/type-filters/TypeFilters.tsx
DA:18,40
DA:22,585
DA:23,585
DA:25,578
DA:26,39
DA:30,578
DA:34,578
DA:38,578
DA:41,578
DA:46,15
DA:60,13
DA:74,11
DA:87,40
BRDA:30,0,0,578
BRDA:30,0,1,530
BRDA:30,0,2,75
BRDA:34,1,0,578
BRDA:34,1,1,530
BRDA:34,1,2,75
BRDA:38,2,0,578
BRDA:38,2,1,530
BRDA:38,2,2,75
end_of_record
SF:src/sections/collection/collection-items-panel/items-list/ErrorItemsMessage.tsx
DA:1,217
DA:7,31
DA:8,36
DA:11,31
BRDA:1,0,0,31
end_of_record
SF:src/sections/collection/collection-items-panel/items-list/ItemsList.tsx
DA:33,31
DA:50,1286
DA:51,1286
DA:54,189
DA:59,1286
DA:60,1286
DA:62,1286
DA:63,1286
DA:65,1286
DA:97,2882
DA:132,31
DA:133,31
DA:135,31
DA:137,31
DA:138,552
DA:152,31
DA:154,124
DA:155,799
DA:157,2397
DA:160,31
BRDA:59,0,0,1286
BRDA:59,0,1,1253
BRDA:59,0,2,164
BRDA:60,1,0,1286
BRDA:60,1,1,1253
BRDA:60,1,2,164
BRDA:62,2,0,1286
BRDA:62,2,1,1094
BRDA:62,2,2,1058
BRDA:63,3,0,1286
BRDA:63,3,1,33
BRDA:69,4,0,1286
BRDA:69,4,1,1122
BRDA:74,5,0,1286
BRDA:74,5,1,126
BRDA:76,6,0,1286
BRDA:76,6,1,38
BRDA:78,7,0,1286
BRDA:78,7,1,36
BRDA:80,8,0,1286
BRDA:80,8,1,275
BRDA:83,9,0,24
BRDA:83,9,1,251
BRDA:98,10,0,2882
BRDA:98,10,1,1220
BRDA:104,11,0,2882
BRDA:104,11,1,831
BRDA:107,12,0,2882
BRDA:107,12,1,831
BRDA:116,13,0,1286
BRDA:116,13,1,1058
BRDA:119,14,0,1058
BRDA:119,14,1,811
BRDA:124,15,0,1286
BRDA:124,15,1,0
end_of_record
SF:src/sections/collection/collection-items-panel/items-list/NoItemsMessage.tsx
DA:11,126
DA:12,126
DA:13,126
DA:15,126
DA:25,126
DA:26,126
DA:28,126
DA:29,102
DA:30,60
DA:31,60
DA:34,42
DA:35,42
DA:39,16
DA:41,26
DA:45,14
DA:47,12
DA:51,12
DA:56,126
DA:58,126
DA:74,31
BRDA:28,0,0,24
BRDA:29,1,0,60
BRDA:34,2,0,42
BRDA:35,3,0,16
BRDA:36,4,0,42
BRDA:36,4,1,30
BRDA:41,5,0,14
BRDA:42,6,0,26
BRDA:42,6,1,14
BRDA:47,7,0,12
BRDA:48,8,0,12
BRDA:48,8,1,12
BRDA:60,9,0,0
BRDA:60,9,1,126
end_of_record
SF:src/sections/collection/collection-items-panel/items-list/NoSearchMatchesMessage.tsx
DA:4,38
DA:5,38
DA:7,38
DA:24,31
end_of_record
SF:src/sections/collection/collection-items-panel/items-list/collection-card/CollectionCard.tsx
DA:1,238
DA:12,34
DA:13,1225
DA:25,34
BRDA:1,0,0,34
end_of_record
SF:src/sections/collection/collection-items-panel/items-list/collection-card/CollectionCardHeader.tsx
DA:1,238
DA:12,34
DA:13,1225
DA:37,34
BRDA:1,0,0,34
BRDA:22,1,0,1225
BRDA:22,1,1,904
BRDA:25,2,0,1225
BRDA:25,2,1,887
end_of_record
SF:src/sections/collection/collection-items-panel/items-list/collection-card/CollectionCardInfo.tsx
DA:1,238
DA:14,34
DA:19,1225
DA:21,1225
DA:46,34
BRDA:1,0,0,34
BRDA:30,1,0,1225
BRDA:30,1,1,1225
BRDA:40,2,0,1225
BRDA:40,2,1,904
end_of_record
SF:src/sections/collection/collection-items-panel/items-list/collection-card/CollectionCardThumbnail.tsx
DA:1,238
DA:12,34
DA:13,1225
DA:29,34
BRDA:1,0,0,34
BRDA:19,1,0,2
BRDA:19,1,1,1223
end_of_record
SF:src/sections/collection/collection-items-panel/items-list/dataset-card/DatasetCard.tsx
DA:1,198
DA:11,33
DA:12,833
DA:32,33
BRDA:1,0,0,33
BRDA:1,1,0,0
end_of_record
SF:src/sections/collection/collection-items-panel/items-list/dataset-card/DatasetCardHeader.tsx
DA:1,252
DA:15,36
DA:16,838
DA:35,36
BRDA:1,0,0,36
end_of_record
SF:src/sections/collection/collection-items-panel/items-list/dataset-card/DatasetCardHelper.ts
DA:11,1676
DA:13,1676
DA:14,2
DA:16,1676
BRDA:13,0,0,2
end_of_record
SF:src/sections/collection/collection-items-panel/items-list/dataset-card/DatasetCardInfo.tsx
DA:1,252
DA:13,36
DA:18,838
DA:33,36
BRDA:1,0,0,36
end_of_record
SF:src/sections/collection/collection-items-panel/items-list/dataset-card/DatasetCardThumbnail.tsx
DA:1,252
DA:18,36
DA:23,838
DA:42,36
BRDA:1,0,0,36
end_of_record
SF:src/sections/collection/collection-items-panel/items-list/file-card/FileCard.tsx
DA:1,231
DA:11,33
DA:12,835
DA:21,33
BRDA:1,0,0,33
end_of_record
SF:src/sections/collection/collection-items-panel/items-list/file-card/FileCardHeader.tsx
DA:1,273
DA:17,39
DA:18,855
DA:19,855
DA:21,855
DA:45,39
BRDA:1,0,0,39
BRDA:19,1,0,855
BRDA:19,1,1,851
end_of_record
SF:src/sections/collection/collection-items-panel/items-list/file-card/FileCardHelper.ts
DA:11,835
DA:12,835
DA:13,0
DA:15,835
DA:18,1704
DA:19,1704
DA:20,14
DA:22,1704
DA:29,855
DA:30,855
DA:31,10
DA:33,855
DA:34,2
DA:38,855
DA:42,837
DA:49,837
BRDA:12,0,0,0
BRDA:19,1,0,14
BRDA:30,2,0,10
BRDA:33,3,0,2
end_of_record
SF:src/sections/collection/collection-items-panel/items-list/file-card/FileCardInfo.tsx
DA:1,231
DA:16,33
DA:17,835
DA:19,835
DA:53,33
BRDA:1,0,0,33
BRDA:42,1,0,835
BRDA:42,1,1,835
end_of_record
SF:src/sections/collection/collection-items-panel/items-list/file-card/FileCardThumbnail.tsx
DA:1,266
DA:16,38
DA:17,849
DA:18,849
DA:20,849
DA:48,38
BRDA:1,0,0,38
BRDA:18,1,0,849
BRDA:18,1,1,845
BRDA:29,2,0,847
BRDA:29,2,1,2
end_of_record
SF:src/sections/collection/collection-items-panel/search-panel/SearchPanel.tsx
DA:13,36
DA:17,690
DA:18,690
DA:20,665
DA:22,665
DA:23,12
DA:25,12
DA:27,12
DA:29,12
DA:32,665
DA:33,100
DA:36,665
DA:37,278
DA:40,665
DA:65,36
BRDA:14,0,0,621
end_of_record
SF:src/sections/collection/edit-collection-dropdown/EditCollectionDropdown.tsx
DA:20,28
DA:21,28
DA:22,24
DA:24,24
DA:25,4
DA:28,24
DA:53,15
BRDA:42,0,0,4
BRDA:42,0,1,20
end_of_record
SF:src/sections/collection/publish-collection/PublishCollectionButton.tsx
DA:13,11
DA:16,6
DA:17,11
DA:18,6
DA:20,6
DA:26,2
DA:31,2
DA:37,11
end_of_record
SF:src/sections/collection/publish-collection/PublishCollectionModal.tsx
DA:18,15
DA:23,37
DA:24,37
DA:25,37
DA:27,33
DA:28,33
DA:35,2
DA:38,2
DA:41,33
DA:73,15
BRDA:49,0,0,33
BRDA:49,0,1,7
end_of_record
SF:src/sections/collection/publish-collection/usePublishCollection.tsx
DA:26,33
DA:27,33
DA:30,33
DA:32,33
DA:33,9
DA:35,9
DA:37,2
DA:38,2
DA:39,2
DA:40,2
DA:44,7
DA:48,7
DA:49,7
DA:53,33
DA:58,15
BRDA:44,0,0,4
BRDA:44,0,1,3
BRDA:44,1,0,7
BRDA:44,1,1,7
end_of_record
SF:src/sections/create-collection/CreateCollection.tsx
DA:24,7
DA:28,68
DA:29,68
DA:30,61
DA:31,61
DA:33,61
DA:42,61
DA:47,61
DA:49,61
DA:51,61
DA:52,54
DA:53,27
DA:57,61
DA:58,5
DA:61,56
DA:62,34
DA:65,22
DA:66,4
DA:75,18
DA:76,2
DA:83,16
DA:106,7
BRDA:49,0,0,61
BRDA:49,0,1,27
BRDA:52,1,0,27
BRDA:57,2,0,5
BRDA:57,3,0,61
BRDA:57,3,1,27
BRDA:61,4,0,34
BRDA:61,5,0,56
BRDA:61,5,1,22
BRDA:65,6,0,4
BRDA:65,7,0,22
BRDA:65,7,1,20
BRDA:75,8,0,2
end_of_record
SF:src/sections/create-collection/CreateCollectionFactory.tsx
end_of_record
SF:src/sections/create-collection/CreateCollectionSkeleton.tsx
DA:1,49
DA:6,7
DA:7,34
DA:19,7
BRDA:1,0,0,7
end_of_record
SF:src/sections/create-dataset/CreateDataset.tsx
DA:27,7
DA:32,71
DA:33,71
DA:34,64
DA:35,64
DA:37,64
DA:43,64
DA:48,64
DA:49,64
DA:51,64
DA:52,54
DA:55,64
DA:56,7
DA:59,57
DA:60,33
DA:63,24
DA:64,3
DA:73,21
DA:97,7
BRDA:49,0,0,64
BRDA:49,0,1,37
BRDA:55,1,0,7
BRDA:55,2,0,64
BRDA:55,2,1,31
BRDA:59,3,0,33
BRDA:59,4,0,57
BRDA:59,4,1,24
BRDA:63,5,0,3
BRDA:63,6,0,24
BRDA:63,6,1,24
end_of_record
SF:src/sections/create-dataset/CreateDatasetFactory.tsx
end_of_record
SF:src/sections/create-dataset/CreateDatasetSkeleton.tsx
DA:1,49
DA:8,7
DA:9,33
DA:35,7
BRDA:1,0,0,7
end_of_record
SF:src/sections/create-dataset/HostCollectionForm/HostCollectionForm.tsx
DA:11,21
DA:12,21
DA:13,21
DA:15,21
DA:35,7
end_of_record
SF:src/sections/dataset/Dataset.tsx
DA:41,13
DA:50,320
DA:51,320
DA:52,320
DA:53,320
DA:54,307
DA:55,307
DA:56,307
DA:58,307
DA:65,307
DA:66,167
DA:67,0
DA:74,307
DA:75,179
DA:78,307
DA:79,90
DA:82,217
DA:164,13
BRDA:66,0,0,0
BRDA:66,1,0,167
BRDA:66,1,1,20
BRDA:66,1,2,0
BRDA:78,2,0,90
BRDA:78,3,0,307
BRDA:78,3,1,90
BRDA:85,4,0,24
BRDA:85,4,1,193
BRDA:125,5,0,193
BRDA:125,5,1,30
BRDA:125,6,0,193
BRDA:125,6,1,30
BRDA:125,6,2,193
BRDA:131,7,0,8
BRDA:131,7,1,185
end_of_record
SF:src/sections/dataset/DatasetContext.ts
DA:8,220
DA:13,335284
end_of_record
SF:src/sections/dataset/DatasetFactory.tsx
end_of_record
SF:src/sections/dataset/DatasetProvider.tsx
DA:17,113
DA:22,1106
DA:23,1106
DA:24,1106
DA:26,1106
DA:27,510
DA:28,501
DA:30,9
DA:31,6
DA:33,3
DA:36,1106
DA:37,510
DA:38,510
DA:40,510
DA:42,510
DA:43,510
DA:46,0
DA:47,0
DA:51,1106
DA:54,113
BRDA:27,0,0,501
BRDA:30,1,0,6
BRDA:37,2,0,0
end_of_record
SF:src/sections/dataset/DatasetSkeleton.tsx
DA:1,104
DA:7,90
DA:33,13
DA:35,26
DA:36,120
DA:44,13
BRDA:1,0,0,13
end_of_record
SF:src/sections/dataset/config.ts
DA:1,18
DA:2,18
end_of_record
SF:src/sections/dataset/useCheckPublishCompleted.ts
DA:7,18
DA:12,326
DA:14,326
DA:15,184
DA:17,184
DA:18,22
DA:19,22
DA:20,11
DA:21,5
DA:23,6
DA:24,4
DA:25,4
DA:26,4
DA:27,2
DA:28,2
DA:29,2
DA:32,0
DA:35,4
DA:39,22
DA:42,184
DA:43,166
DA:44,3
DA:49,326
BRDA:17,0,0,22
BRDA:17,1,0,184
BRDA:17,1,1,32
BRDA:20,2,0,5
BRDA:20,2,1,6
BRDA:27,3,0,2
BRDA:28,4,0,2
BRDA:32,5,0,0
BRDA:43,6,0,3
end_of_record
SF:src/sections/dataset/useGetMetadataBlockDisplayFormatInfo.ts
DA:18,31
DA:23,839
DA:24,839
DA:25,839
DA:27,839
DA:28,335
DA:29,335
DA:30,335
DA:31,335
DA:36,324
DA:39,11
DA:42,11
DA:44,335
DA:48,335
DA:51,839
BRDA:39,0,0,9
BRDA:39,0,1,2
BRDA:39,1,0,11
BRDA:39,1,1,11
end_of_record
SF:src/sections/dataset/useUpdateDatasetAlerts.ts
DA:19,307
DA:20,307
DA:22,307
DA:23,167
DA:24,77
DA:25,77
DA:31,307
DA:32,167
DA:33,14
DA:34,14
DA:41,307
DA:42,167
DA:43,2
DA:44,2
DA:51,307
DA:52,167
DA:54,10
BRDA:23,0,0,77
BRDA:32,1,0,14
BRDA:32,2,0,167
BRDA:32,2,1,28
BRDA:42,3,0,2
BRDA:42,4,0,167
BRDA:42,4,1,4
BRDA:52,5,0,10
BRDA:52,6,0,167
BRDA:52,6,1,20
end_of_record
SF:src/sections/dataset/anonymized/AnonymizedContext.ts
DA:8,27
DA:13,1724
end_of_record
SF:src/sections/dataset/anonymized/AnonymizedProvider.tsx
end_of_record
SF:src/sections/dataset/dataset-action-buttons/DatasetActionButtons.tsx
DA:19,16
DA:23,201
DA:24,201
DA:25,198
DA:44,16
end_of_record
SF:src/sections/dataset/dataset-action-buttons/access-dataset-menu/AccessDatasetMenu.tsx
DA:20,24
DA:26,241
DA:27,241
DA:30,233
DA:32,233
DA:38,206
DA:41,27
DA:57,24
DA:65,48
DA:69,7
DA:70,24
DA:72,13
DA:73,10
DA:76,7
DA:97,24
BRDA:32,0,0,206
BRDA:33,1,0,233
BRDA:33,1,1,38
BRDA:33,1,2,27
BRDA:33,1,3,7
BRDA:73,2,0,10
BRDA:73,2,1,0
BRDA:76,3,0,3
BRDA:76,3,1,4
end_of_record
SF:src/sections/dataset/dataset-action-buttons/edit-dataset-menu/DeaccessionDatasetButton.tsx
DA:8,27
DA:9,27
DA:11,21
DA:15,5
DA:18,16
DA:24,27
BRDA:11,0,0,5
BRDA:12,1,0,21
BRDA:12,1,1,19
end_of_record
SF:src/sections/dataset/dataset-action-buttons/edit-dataset-menu/DeleteDatasetButton.tsx
DA:8,38
DA:9,38
DA:11,32
DA:15,10
DA:18,22
DA:28,29
BRDA:11,0,0,10
BRDA:12,1,0,32
BRDA:12,1,1,24
BRDA:22,2,0,17
BRDA:22,2,1,5
end_of_record
SF:src/sections/dataset/dataset-action-buttons/edit-dataset-menu/EditDatasetMenu.tsx
DA:20,23
DA:21,23
DA:22,23
DA:23,23
DA:24,23
DA:25,23
DA:26,23
DA:29,258
DA:30,258
DA:31,258
DA:32,258
DA:33,251
DA:35,251
DA:36,0
DA:37,0
DA:39,0
DA:40,0
DA:43,0
DA:44,0
DA:45,0
DA:47,0
DA:48,0
DA:49,0
DA:51,0
DA:54,251
DA:55,230
DA:58,21
DA:95,23
BRDA:20,0,0,23
BRDA:20,0,1,23
BRDA:39,1,0,0
BRDA:43,2,0,0
BRDA:47,3,0,0
BRDA:54,4,0,230
BRDA:54,5,0,251
BRDA:54,5,1,26
BRDA:81,6,0,21
BRDA:81,6,1,2
BRDA:81,6,2,19
end_of_record
SF:src/sections/dataset/dataset-action-buttons/edit-dataset-menu/EditDatasetPermissionsMenu.tsx
DA:12,34
DA:13,34
DA:14,29
DA:15,29
DA:17,29
DA:18,29
DA:20,6
DA:23,23
DA:27,29
DA:31,4
DA:34,25
DA:35,3
DA:42,22
DA:59,28
BRDA:27,0,0,4
BRDA:28,1,0,29
BRDA:28,1,1,4
BRDA:34,2,0,3
BRDA:47,3,0,22
BRDA:47,3,1,22
BRDA:52,4,0,22
BRDA:52,4,1,17
end_of_record
SF:src/sections/dataset/dataset-action-buttons/link-dataset-button/LinkDatasetButton.tsx
DA:11,232
DA:12,232
DA:13,227
DA:14,227
DA:15,0
DA:17,227
DA:19,227
DA:24,217
DA:27,10
DA:34,21
BRDA:19,0,0,217
BRDA:20,1,0,227
BRDA:20,1,1,15
BRDA:20,1,2,13
end_of_record
SF:src/sections/dataset/dataset-action-buttons/publish-dataset-menu/ChangeCurationStatusMenu.tsx
DA:13,47
DA:14,47
DA:15,44
DA:16,44
DA:17,44
DA:18,44
DA:19,44
DA:21,28
DA:24,16
DA:28,44
DA:29,0
DA:30,0
DA:33,44
DA:34,30
DA:37,14
DA:43,28
DA:48,0
DA:53,31
BRDA:33,0,0,30
end_of_record
SF:src/sections/dataset/dataset-action-buttons/publish-dataset-menu/PublishDatasetMenu.tsx
DA:17,28
DA:21,359
DA:22,359
DA:23,359
DA:24,347
DA:26,347
DA:32,301
DA:35,46
DA:36,0
DA:39,46
DA:50,0
DA:74,28
BRDA:26,0,0,301
BRDA:27,1,0,347
BRDA:27,1,1,136
BRDA:27,1,2,124
BRDA:27,1,3,57
BRDA:60,2,0,46
BRDA:60,2,1,41
BRDA:60,2,2,34
BRDA:65,3,0,46
BRDA:65,3,1,2
end_of_record
SF:src/sections/dataset/dataset-action-buttons/submit-for-review-button/SubmitForReviewButton.tsx
DA:10,358
DA:11,358
DA:12,358
DA:14,346
DA:22,318
DA:25,28
DA:38,28
BRDA:14,0,0,318
BRDA:15,1,0,346
BRDA:15,1,1,127
BRDA:15,1,2,115
BRDA:15,1,3,99
BRDA:15,1,4,81
BRDA:15,1,5,35
BRDA:29,2,0,28
BRDA:29,2,1,21
BRDA:29,2,2,15
BRDA:33,3,0,2
BRDA:33,3,1,26
end_of_record
SF:src/sections/dataset/dataset-alerts/DatasetAlerts.tsx
DA:7,271
DA:8,271
DA:9,263
DA:11,263
DA:12,206
DA:15,57
DA:18,76
DA:21,76
DA:22,76
DA:24,76
DA:36,21
BRDA:11,0,0,206
BRDA:18,1,0,25
BRDA:18,1,1,51
end_of_record
SF:src/sections/dataset/dataset-citation/DatasetCitation.tsx
DA:1,161
DA:15,23
DA:16,228
DA:41,23
BRDA:1,0,0,23
BRDA:19,1,0,3
BRDA:19,1,1,225
BRDA:23,2,0,228
BRDA:23,2,1,210
BRDA:32,3,0,18
BRDA:32,3,1,210
end_of_record
SF:src/sections/dataset/dataset-citation/DatasetCitationTooltip.tsx
DA:9,252
DA:10,252
DA:12,234
DA:13,225
DA:16,9
DA:19,26
BRDA:12,0,0,225
end_of_record
SF:src/sections/dataset/dataset-files/DatasetFiles.tsx
DA:17,36
DA:21,1430
DA:22,1430
DA:23,1430
DA:24,1430
DA:33,1430
DA:53,36
end_of_record
SF:src/sections/dataset/dataset-files/DatasetFilesScrollable.tsx
DA:25,56
DA:29,10085
DA:30,10085
DA:31,10085
DA:32,10085
DA:34,10085
DA:35,1021
DA:37,10085
DA:43,10085
DA:54,10042
DA:71,10042
DA:77,10042
DA:80,1614
DA:86,1614
DA:88,1614
DA:89,709
DA:92,1614
DA:94,1614
DA:95,1593
DA:97,1593
DA:101,10042
DA:102,205
DA:104,205
DA:106,205
DA:107,205
DA:109,205
DA:111,205
DA:112,205
DA:114,205
DA:118,10042
DA:119,1080
DA:123,10042
DA:124,1029
DA:128,10042
DA:129,153
DA:132,459
DA:133,153
DA:144,9889
DA:178,56
BRDA:88,0,0,709
BRDA:94,1,0,1593
BRDA:111,2,0,205
BRDA:119,3,0,1080
BRDA:119,3,1,999
BRDA:119,3,2,978
BRDA:128,4,0,153
BRDA:132,5,0,153
end_of_record
SF:src/sections/dataset/dataset-files/useFiles.tsx
DA:19,1488
DA:20,1488
DA:21,1488
DA:22,1488
DA:23,1488
DA:24,1488
DA:25,695
DA:32,695
DA:33,695
DA:34,371
DA:36,695
DA:39,0
DA:43,1488
DA:44,695
DA:45,695
DA:46,4
DA:47,4
DA:49,691
DA:57,618
DA:58,618
DA:61,73
DA:66,1488
DA:67,695
DA:69,695
DA:70,695
DA:72,73
DA:73,73
DA:84,1488
DA:85,443
DA:87,443
DA:90,0
DA:94,1488
DA:100,43
BRDA:33,0,0,371
BRDA:44,1,0,695
BRDA:45,2,0,4
end_of_record
SF:src/sections/dataset/dataset-files/useGetAccumulatedFiles.tsx
DA:11,56
DA:35,56
DA:39,10042
DA:40,10042
DA:41,10042
DA:42,10042
DA:43,10042
DA:44,10042
DA:45,10042
DA:47,10042
DA:48,10042
DA:49,1883
DA:51,10042
DA:53,10042
DA:58,1819
DA:60,1819
DA:61,1819
DA:69,1798
DA:71,1798
DA:73,1798
DA:75,1798
DA:79,1798
DA:81,1798
DA:82,81
DA:85,1798
DA:88,21
DA:89,21
DA:91,1819
DA:95,10042
DA:106,56
DA:115,1819
DA:122,21
BRDA:49,0,0,1883
BRDA:49,0,1,884
BRDA:49,0,2,843
BRDA:56,1,0,1614
BRDA:69,2,0,1593
BRDA:69,2,1,205
BRDA:75,3,0,1593
BRDA:75,3,1,205
BRDA:81,4,0,81
BRDA:88,5,0,11
BRDA:88,5,1,10
BRDA:88,6,0,21
BRDA:88,6,1,21
end_of_record
SF:src/sections/dataset/dataset-files/useGetFilesCountInfo.ts
DA:16,56
DA:22,10085
DA:23,10042
DA:24,10042
DA:25,10042
DA:27,10042
DA:28,1140
DA:30,1140
DA:31,1140
DA:37,1127
DA:40,13
DA:41,13
DA:43,1140
DA:47,10042
DA:48,1140
DA:51,10042
BRDA:40,0,0,7
BRDA:40,0,1,6
BRDA:40,1,0,13
BRDA:40,1,1,13
end_of_record
SF:src/sections/dataset/dataset-files/useGetFilesTotalDownloadSize.ts
DA:15,56
DA:21,10042
DA:22,10042
DA:23,10042
DA:24,10042
DA:26,10042
DA:27,1140
DA:29,1140
DA:30,1140
DA:36,1123
DA:39,17
DA:42,17
DA:44,1140
DA:48,10042
DA:49,1140
DA:52,10042
BRDA:39,0,0,9
BRDA:39,0,1,8
BRDA:39,1,0,17
BRDA:39,1,1,17
end_of_record
SF:src/sections/dataset/dataset-files/dataset-upload-files-button/DatasetUploadFilesButton.tsx
DA:14,10262
DA:15,10262
DA:16,10177
DA:17,10177
DA:18,10177
DA:20,10177
DA:21,10160
DA:24,17
DA:25,2
DA:26,2
DA:28,2
DA:29,0
DA:32,2
DA:35,17
DA:44,98
BRDA:20,0,0,10160
BRDA:20,1,0,10177
BRDA:20,1,1,21
BRDA:28,2,0,0
end_of_record
SF:src/sections/dataset/dataset-files/file-criteria-form/FileCriteriaFilterByAccess.tsx
DA:18,101
DA:22,7976
DA:23,7976
DA:24,7970
DA:25,7970
DA:26,49
DA:27,49
DA:28,49
DA:34,7970
DA:35,2
DA:38,7968
DA:54,15936
DA:63,101
BRDA:24,0,0,7970
BRDA:24,0,1,7877
BRDA:26,1,0,49
BRDA:29,2,0,4
BRDA:29,2,1,45
BRDA:34,3,0,2
BRDA:49,4,0,7863
BRDA:49,4,1,105
BRDA:57,5,0,105
BRDA:57,5,1,15831
end_of_record
SF:src/sections/dataset/dataset-files/file-criteria-form/FileCriteriaFilterByTag.tsx
DA:18,101
DA:22,7975
DA:23,7975
DA:24,7969
DA:27,7969
DA:28,46
DA:29,46
DA:31,46
DA:37,7969
DA:38,2
DA:41,7967
DA:55,15934
DA:64,101
BRDA:25,0,0,7969
BRDA:25,0,1,7880
BRDA:28,1,0,46
BRDA:32,2,0,4
BRDA:32,2,1,42
BRDA:37,3,0,2
BRDA:44,4,0,7967
BRDA:44,4,1,0
BRDA:50,5,0,7866
BRDA:50,5,1,101
BRDA:58,6,0,99
BRDA:58,6,1,15835
end_of_record
SF:src/sections/dataset/dataset-files/file-criteria-form/FileCriteriaFilterByType.tsx
DA:19,101
DA:23,7977
DA:24,7977
DA:25,7971
DA:28,7971
DA:29,107
DA:30,107
DA:31,107
DA:37,7971
DA:38,2
DA:41,7969
DA:57,15938
DA:66,101
BRDA:26,0,0,7971
BRDA:26,0,1,7779
BRDA:29,1,0,107
BRDA:32,2,0,4
BRDA:32,2,1,103
BRDA:37,3,0,2
BRDA:45,4,0,7767
BRDA:45,4,1,202
BRDA:52,5,0,7767
BRDA:52,5,1,202
BRDA:60,6,0,200
BRDA:60,6,1,15738
end_of_record
SF:src/sections/dataset/dataset-files/file-criteria-form/FileCriteriaFilters.tsx
DA:14,95
DA:18,7940
DA:19,7940
DA:21,7925
DA:25,7925
DA:26,2
DA:29,7923
DA:51,95
BRDA:21,0,0,7925
BRDA:21,0,1,2
BRDA:21,0,2,2
BRDA:25,1,0,2
end_of_record
SF:src/sections/dataset/dataset-files/file-criteria-form/FileCriteriaForm.tsx
DA:1,644
DA:17,92
DA:18,92
DA:25,10210
DA:27,10210
DA:57,92
BRDA:1,0,0,92
BRDA:25,1,0,10210
BRDA:25,1,1,7957
BRDA:25,1,2,27
BRDA:34,2,0,10210
BRDA:34,2,1,7932
BRDA:43,3,0,10210
BRDA:43,3,1,7932
end_of_record
SF:src/sections/dataset/dataset-files/file-criteria-form/FileCriteriaSearchText.tsx
DA:11,96
DA:14,8252
DA:15,8252
DA:16,8236
DA:17,8236
DA:18,307
DA:19,307
DA:21,8236
DA:22,5
DA:23,5
DA:25,8236
DA:26,370
DA:27,63
DA:28,63
DA:31,8236
DA:32,68
DA:35,8236
DA:55,96
BRDA:16,0,0,8236
BRDA:16,0,1,8053
BRDA:26,1,0,63
end_of_record
SF:src/sections/dataset/dataset-files/file-criteria-form/FileCriteriaSortBy.tsx
DA:8,96
DA:14,7976
DA:15,7976
DA:16,7960
DA:17,7960
DA:18,137
DA:19,126
DA:20,126
DA:24,7960
DA:35,47760
DA:44,96
BRDA:18,0,0,126
BRDA:38,1,0,7960
BRDA:38,1,1,39800
end_of_record
SF:src/sections/dataset/dataset-files/files-table/FilesTable.tsx
DA:22,50
DA:28,7090
DA:29,7090
DA:34,7090
DA:35,7090
DA:36,7090
DA:38,7090
DA:39,3731
DA:40,3552
DA:42,3731
DA:45,7090
DA:46,5957
DA:47,66
DA:49,5957
DA:52,7090
DA:53,1758
DA:55,5332
DA:74,93
DA:77,484623
DA:78,484623
DA:80,484623
DA:81,161538
DA:84,323085
DA:85,161542
DA:88,161543
DA:89,161541
DA:92,2
DA:93,93
BRDA:39,0,0,3552
BRDA:46,1,0,66
BRDA:52,2,0,1758
BRDA:80,3,0,161538
BRDA:84,4,0,161542
BRDA:88,5,0,161541
end_of_record
SF:src/sections/dataset/dataset-files/files-table/FilesTableBody.tsx
DA:32,16212
DA:33,425
DA:36,15787
DA:37,123
DA:40,15664
DA:43,145326
DA:46,435978
DA:47,435978
DA:60,93
DA:62,548
DA:63,548
DA:65,548
DA:72,93
DA:74,279
DA:75,11432
DA:109,93
BRDA:32,0,0,425
BRDA:32,1,0,16212
BRDA:32,1,1,4537
BRDA:36,2,0,123
BRDA:36,3,0,15787
BRDA:36,3,1,11675
BRDA:44,4,0,28872
BRDA:44,4,1,116454
BRDA:57,5,0,15664
BRDA:57,5,1,11552
BRDA:57,5,2,11432
end_of_record
SF:src/sections/dataset/dataset-files/files-table/FilesTableColumnsDefinition.tsx
DA:11,93
DA:15,22656
DA:19,16212
DA:29,145326
DA:41,16212
DA:47,145326
DA:51,16212
DA:52,145326
DA:57,145326
end_of_record
SF:src/sections/dataset/dataset-files/files-table/FilesTableHeader.tsx
DA:1,651
DA:12,93
DA:13,16212
DA:15,16212
DA:22,16212
DA:24,48636
DA:40,93
BRDA:1,0,0,93
BRDA:20,1,0,11675
BRDA:20,1,1,4537
BRDA:30,2,0,0
BRDA:30,2,1,48636
end_of_record
SF:src/sections/dataset/dataset-files/files-table/FilesTableScrollable.tsx
DA:27,56
DA:37,15566
DA:39,15566
DA:41,15566
DA:43,15566
DA:44,15566
DA:46,15566
DA:48,15566
DA:49,11632
DA:50,205
DA:52,11632
DA:55,15566
DA:90,56
DA:93,14
DA:94,14
DA:96,14
DA:97,2
DA:100,12
DA:101,5
DA:104,7
DA:105,4
DA:108,3
DA:109,56
BRDA:49,0,0,205
BRDA:96,1,0,2
BRDA:100,2,0,5
BRDA:104,3,0,4
end_of_record
SF:src/sections/dataset/dataset-files/files-table/useFilesTable.tsx
DA:12,7090
DA:13,7090
DA:14,7090
DA:17,7090
DA:22,7090
DA:35,7090
DA:37,7090
DA:38,1043
DA:39,1043
DA:42,7090
DA:43,2069
DA:46,7090
DA:52,93
end_of_record
SF:src/sections/dataset/dataset-files/files-table/useFilesTableScrollable.tsx
DA:16,47
DA:20,15566
DA:21,15566
DA:22,15566
DA:24,15566
DA:25,2749
DA:26,9288
DA:27,9288
DA:30,2749
DA:31,59876
DA:32,50998
DA:36,2749
DA:39,15566
DA:52,15566
DA:55,15566
DA:56,143
DA:57,143
DA:60,15566
DA:62,15566
DA:63,2938
DA:64,2938
DA:67,15566
DA:68,3425
DA:71,15566
DA:77,56
DA:80,143
DA:82,143
DA:83,28600
DA:86,143
BRDA:31,0,0,50998
end_of_record
SF:src/sections/dataset/dataset-files/files-table/file-actions/FileActionsHeader.tsx
DA:11,16216
DA:12,16216
DA:13,16200
DA:19,95
end_of_record
SF:src/sections/dataset/dataset-files/files-table/file-actions/download-files/DownloadFilesButton.tsx
DA:19,106
DA:20,106
DA:22,16356
DA:23,16356
DA:24,16345
DA:25,16345
DA:26,16345
DA:27,16345
DA:29,16345
DA:30,16345
DA:31,13
DA:32,13
DA:33,13
DA:36,16345
DA:37,88
DA:38,88
DA:39,6
DA:42,82
DA:45,16345
DA:49,16274
DA:52,71
DA:56,71
DA:57,17
DA:75,0
DA:81,54
DA:96,0
DA:100,106
DA:102,106
DA:103,82
DA:104,30
DA:105,30
DA:106,106
BRDA:31,0,0,13
BRDA:38,1,0,6
BRDA:39,2,0,6
BRDA:39,2,1,0
BRDA:45,3,0,16274
BRDA:46,4,0,16345
BRDA:46,4,1,11357
BRDA:52,5,0,71
BRDA:56,6,0,17
end_of_record
SF:src/sections/dataset/dataset-files/files-table/file-actions/edit-files-menu/EditFilesMenu.tsx
DA:16,103
DA:17,16280
DA:18,16280
DA:19,16272
DA:20,16272
DA:21,16272
DA:23,16272
DA:28,16252
DA:30,20
DA:43,103
BRDA:23,0,0,16252
BRDA:24,1,0,16272
BRDA:24,1,1,11272
BRDA:24,1,2,24
BRDA:34,2,0,20
BRDA:34,2,1,0
BRDA:38,3,0,20
BRDA:38,3,1,17
end_of_record
SF:src/sections/dataset/dataset-files/files-table/file-actions/edit-files-menu/EditFilesOptions.tsx
DA:14,124
DA:16,124
DA:17,77
DA:18,71
DA:19,71
DA:20,71
DA:21,124
DA:22,71
DA:23,24
DA:24,18
DA:27,6
DA:31,71
DA:36,76
DA:41,100
DA:64,18
DA:68,124
BRDA:23,0,0,18
BRDA:23,0,1,6
BRDA:36,1,0,71
BRDA:36,1,1,41
BRDA:41,2,0,71
BRDA:41,2,1,59
BRDA:49,3,0,71
BRDA:49,3,1,0
BRDA:54,4,0,71
BRDA:54,4,1,0
end_of_record
SF:src/sections/dataset/dataset-files/files-table/file-actions/file-actions-cell/FileActionsCell.tsx
DA:1,665
DA:9,95
DA:10,145330
DA:16,95
BRDA:1,0,0,95
end_of_record
SF:src/sections/dataset/dataset-files/files-table/file-actions/file-actions-cell/file-action-buttons/FileActionButtons.tsx
DA:11,145338
DA:12,145338
DA:14,145193
DA:28,98
end_of_record
SF:src/sections/dataset/dataset-files/files-table/file-actions/file-actions-cell/file-action-buttons/file-options-menu/FileAlreadyDeletedModal.tsx
DA:10,108
DA:11,108
DA:12,6
DA:30,108
end_of_record
SF:src/sections/dataset/dataset-files/files-table/file-actions/file-actions-cell/file-action-buttons/file-options-menu/FileOptionsMenu.tsx
DA:11,145316
DA:12,145316
DA:13,145306
DA:14,145306
DA:15,145306
DA:17,145306
DA:18,145265
DA:21,41
DA:22,6
DA:32,3
DA:39,0
DA:45,35
DA:61,108
BRDA:17,0,0,145265
BRDA:17,1,0,145306
BRDA:17,1,1,52
BRDA:17,1,2,46
BRDA:21,2,0,6
end_of_record
SF:src/sections/dataset/dataset-files/files-table/file-actions/file-actions-cell/file-info-messages/AccessRequestedInfoMessage.tsx
DA:4,145346
DA:5,145346
DA:7,145198
DA:9,76365
DA:10,107
BRDA:7,0,0,68833
end_of_record
SF:src/sections/dataset/dataset-files/files-table/file-actions/file-actions-cell/file-info-messages/FileInfoMessages.tsx
DA:1,856
DA:13,145338
DA:19,107
DA:21,214
DA:22,91033
DA:25,107
BRDA:1,0,0,107
end_of_record
SF:src/sections/dataset/dataset-files/files-table/file-actions/file-actions-cell/file-info-messages/IngestInfoMessage.tsx
DA:10,145378
DA:11,145378
DA:12,145227
DA:14,145227
DA:15,14659
DA:22,130568
DA:23,9
DA:47,130559
DA:48,107
BRDA:14,0,0,14659
BRDA:22,1,0,9
BRDA:22,2,0,130568
BRDA:22,2,1,68686
BRDA:34,3,0,4
BRDA:34,3,1,5
end_of_record
SF:src/sections/dataset/dataset-files/files-table/file-actions/no-selected-files-modal/NoSelectedFilesModal.tsx
DA:11,142
DA:12,142
DA:13,142
DA:30,135
end_of_record
SF:src/sections/dataset/dataset-files/files-table/file-info/FileInfoHeader.tsx
DA:1,679
DA:10,97
DA:11,16221
DA:13,16221
DA:14,4770
DA:20,11451
DA:25,97
BRDA:1,0,0,97
BRDA:13,1,0,4770
end_of_record
SF:src/sections/dataset/dataset-files/files-table/file-info/file-info-cell/FileInfoCell.tsx
DA:1,651
DA:15,93
DA:16,145326
DA:43,93
BRDA:1,0,0,93
end_of_record
SF:src/sections/dataset/dataset-files/files-table/file-info/file-info-cell/file-info-data/FileChecksum.tsx
DA:1,672
DA:5,96
DA:6,145334
DA:7,2
DA:10,145332
DA:16,96
BRDA:1,0,0,96
BRDA:6,1,0,2
end_of_record
SF:src/sections/dataset/dataset-files/files-table/file-info/file-info-cell/file-info-data/FileDate.tsx
DA:7,145330
DA:8,145330
DA:9,145188
DA:16,95
end_of_record
SF:src/sections/dataset/dataset-files/files-table/file-info/file-info-cell/file-info-data/FileDescription.tsx
DA:1,672
DA:3,96
DA:4,145331
DA:5,83272
DA:7,62059
DA:8,96
BRDA:1,0,0,96
BRDA:4,1,0,83272
end_of_record
SF:src/sections/dataset/dataset-files/files-table/file-info/file-info-cell/file-info-data/FileDirectory.tsx
DA:1,672
DA:2,145331
DA:3,75735
DA:5,69596
DA:10,96
BRDA:1,0,0,96
BRDA:2,1,0,75735
end_of_record
SF:src/sections/dataset/dataset-files/files-table/file-info/file-info-cell/file-info-data/FileDownloads.tsx
DA:8,145334
DA:9,145334
DA:10,145191
DA:11,2
DA:14,145189
DA:21,96
BRDA:10,0,0,2
end_of_record
SF:src/sections/dataset/dataset-files/files-table/file-info/file-info-cell/file-info-data/FileTabularData.tsx
DA:5,96
DA:9,145334
DA:10,145334
DA:11,145191
DA:12,116235
DA:14,28956
DA:21,96
BRDA:11,0,0,116235
BRDA:18,1,0,28956
BRDA:18,1,1,28956
end_of_record
SF:src/sections/dataset/dataset-files/files-table/file-info/file-info-cell/file-info-data/FileTitle.tsx
DA:1,665
DA:12,95
DA:13,145328
DA:21,95
BRDA:1,0,0,95
end_of_record
SF:src/sections/dataset/dataset-files/files-table/file-info/file-info-cell/file-info-data/FileType.tsx
DA:12,145339
DA:13,145339
DA:14,145195
DA:24,97
BRDA:17,0,0,41318
BRDA:17,0,1,103877
end_of_record
SF:src/sections/dataset/dataset-files/files-table/file-info/file-info-cell/file-info-data/copy-to-clipboard-button/CopyToClipboardButton.tsx
DA:7,175152
DA:8,175152
DA:9,174936
DA:10,174936
DA:11,5
DA:14,5
DA:15,5
DA:16,5
DA:19,0
DA:23,174936
DA:43,137
DA:46,174936
DA:47,19
DA:49,174917
DA:50,174917
DA:52,174917
DA:53,174917
DA:54,28958
DA:57,174917
DA:58,28958
DA:61,174917
DA:62,137
BRDA:27,0,0,5
BRDA:27,0,1,174931
BRDA:46,1,0,19
BRDA:53,2,0,28958
BRDA:57,3,0,28958
end_of_record
SF:src/sections/dataset/dataset-files/files-table/file-info/file-info-cell/file-info-data/file-thumbnail/FilePreviewImage.tsx
DA:1,700
DA:10,100
DA:11,13047
DA:23,100
BRDA:1,0,0,100
end_of_record
SF:src/sections/dataset/dataset-files/files-table/file-info/file-info-cell/file-info-data/file-thumbnail/FileThumbnail.tsx
DA:1,700
DA:11,100
DA:12,145353
DA:32,100
BRDA:1,0,0,100
BRDA:15,1,0,13047
BRDA:15,1,1,132306
BRDA:15,2,0,145353
BRDA:15,2,1,57685
BRDA:19,3,0,13047
BRDA:19,3,1,132306
BRDA:19,4,0,145353
BRDA:19,4,1,57685
end_of_record
SF:src/sections/dataset/dataset-files/files-table/row-selection/RowSelectionCheckbox.tsx
DA:3,93
DA:6,161538
DA:7,161538
DA:9,161538
DA:10,161341
DA:11,161341
DA:12,161341
DA:17,161538
DA:18,93
BRDA:10,0,0,161341
BRDA:11,1,0,161341
BRDA:12,2,0,161341
BRDA:12,2,1,130659
end_of_record
SF:src/sections/dataset/dataset-files/files-table/row-selection/RowSelectionMessage.tsx
DA:13,100
DA:14,100
DA:16,100
DA:21,16246
DA:22,16246
DA:23,16225
DA:25,16225
DA:28,16225
DA:29,12191
DA:31,4034
DA:46,100
BRDA:25,0,0,16225
BRDA:25,0,1,11331
BRDA:28,1,0,12191
BRDA:36,2,0,4034
BRDA:36,2,1,3068
end_of_record
SF:src/sections/dataset/dataset-files/files-table/row-selection/useFileSelection.ts
DA:16,7090
DA:17,7090
DA:18,2510
DA:19,2510
DA:21,2510
DA:22,12543
DA:23,12543
DA:24,676
DA:25,92
DA:30,2510
DA:32,7090
DA:33,6063
DA:35,70995
DA:38,7090
DA:39,2510
DA:40,2510
DA:42,2510
DA:43,1068
DA:44,1068
DA:46,2510
DA:48,7090
DA:49,1043
DA:50,1043
DA:52,1043
DA:53,2079
DA:54,2079
DA:55,133
DA:59,1043
DA:61,7090
DA:62,44
DA:64,44
DA:65,44
DA:66,44
DA:68,7090
DA:69,72
DA:70,72
DA:73,7090
DA:74,2510
DA:77,7090
DA:78,1043
DA:81,7090
DA:89,44
DA:91,44
DA:92,440
DA:95,44
DA:99,44
DA:101,44
DA:102,8800
DA:105,44
BRDA:23,0,0,676
BRDA:24,1,0,92
BRDA:54,2,0,133
end_of_record
SF:src/sections/dataset/dataset-files/files-table/spinner-symbol/SpinnerSymbol.tsx
DA:6,1493
DA:7,1493
DA:8,1493
DA:9,1434
DA:25,93
end_of_record
SF:src/sections/dataset/dataset-files/files-table/zip-download-limit-message/ZipDownloadLimitMessage.tsx
DA:16,101
DA:18,100
DA:22,17142
DA:23,17142
DA:24,17120
DA:25,17120
DA:26,17120
DA:27,1614
DA:29,475
DA:32,1139
DA:36,17120
DA:37,17120
DA:38,7396
DA:43,7396
DA:47,17120
DA:51,17120
DA:52,16204
DA:54,916
DA:64,101
DA:71,13268
DA:72,7396
DA:74,969
DA:76,969
DA:77,322
DA:80,647
DA:83,6427
DA:87,8365
DA:88,141779
DA:89,14311
DA:93,1832
DA:101,1832
DA:102,1832
DA:104,1832
DA:105,277
DA:108,1555
DA:109,1555
DA:110,101
BRDA:47,0,0,17120
BRDA:47,0,1,3468
BRDA:47,0,2,1067
BRDA:51,1,0,16204
BRDA:72,2,0,969
BRDA:74,3,0,969
BRDA:74,3,1,738
BRDA:76,4,0,322
BRDA:89,5,0,14311
BRDA:89,5,1,0
BRDA:104,6,0,277
end_of_record
SF:src/sections/dataset/dataset-icon/DatasetIcon.tsx
DA:1,476
DA:4,68
DA:5,1073
DA:10,68
BRDA:1,0,0,68
end_of_record
SF:src/sections/dataset/dataset-labels/DatasetLabels.tsx
DA:1,455
DA:9,65
DA:22,65
DA:23,1907
DA:26,1724
DA:36,65
BRDA:1,0,0,65
end_of_record
SF:src/sections/dataset/dataset-metadata/DatasetMetadata.tsx
DA:1,154
DA:15,22
DA:20,237
DA:23,474
DA:28,474
DA:39,22
BRDA:1,0,0,22
BRDA:24,1,0,237
BRDA:24,1,1,237
end_of_record
SF:src/sections/dataset/dataset-metadata/dataset-metadata-block/DatasetMetadataBlock.tsx
DA:14,22
DA:17,598
DA:18,598
DA:23,598
DA:28,598
DA:29,4
DA:32,594
DA:33,294
DA:36,300
DA:48,22
BRDA:28,0,0,4
BRDA:32,1,0,294
BRDA:32,2,0,594
BRDA:32,2,1,300
end_of_record
SF:src/sections/dataset/dataset-metadata/dataset-metadata-block/DatasetMetadataBlockSkeleton.tsx
DA:1,154
DA:4,22
DA:5,294
DA:40,22
BRDA:1,0,0,22
end_of_record
SF:src/sections/dataset/dataset-metadata/dataset-metadata-fields/DatasetMetadataField.tsx
DA:1,135
DA:16,27
DA:22,1724
DA:44,27
BRDA:1,0,0,27
end_of_record
SF:src/sections/dataset/dataset-metadata/dataset-metadata-fields/DatasetMetadataFieldTip.tsx
DA:10,27
DA:13,1724
DA:14,1724
DA:15,1724
DA:17,1724
DA:19,1724
DA:20,27
BRDA:17,0,0,1574
BRDA:17,0,1,150
BRDA:19,1,0,150
BRDA:19,1,1,1574
end_of_record
SF:src/sections/dataset/dataset-metadata/dataset-metadata-fields/DatasetMetadataFieldTitle.tsx
DA:10,27
DA:13,1724
DA:14,1724
DA:15,1724
DA:17,1724
DA:25,27
end_of_record
SF:src/sections/dataset/dataset-metadata/dataset-metadata-fields/DatasetMetadataFieldValue.tsx
DA:18,26
DA:23,1724
DA:24,1724
DA:25,1724
DA:26,1724
DA:27,30
DA:30,1694
DA:38,27
DA:40,54
DA:41,30
DA:42,15
DA:43,27
BRDA:25,0,0,1724
BRDA:25,0,1,70
BRDA:26,1,0,30
end_of_record
SF:src/sections/dataset/dataset-metadata/dataset-metadata-fields/DatasetMetadataFieldValueFormatted.tsx
DA:20,26
DA:25,1694
DA:26,1694
DA:28,1694
DA:34,1694
DA:39,1694
DA:40,27
DA:47,1746
DA:49,1746
DA:50,576
DA:51,716
DA:55,1170
DA:56,156
DA:59,1014
DA:60,140
DA:63,874
DA:67,1798
DA:71,1922
DA:75,140
DA:82,716
DA:84,1992
DA:93,1992
DA:94,0
DA:97,1992
DA:98,140
DA:101,1852
DA:102,27
BRDA:47,0,0,1746
BRDA:47,0,1,766
BRDA:49,1,0,576
BRDA:55,2,0,156
BRDA:59,3,0,140
BRDA:67,4,0,1798
BRDA:67,4,1,762
BRDA:71,5,0,1922
BRDA:71,5,1,886
BRDA:93,6,0,0
BRDA:97,7,0,140
end_of_record
SF:src/sections/dataset/dataset-metadata/dataset-metadata-fields/DatasetMetadataFields.tsx
DA:1,189
DA:12,27
DA:17,408
DA:20,1724
DA:30,27
BRDA:1,0,0,27
end_of_record
SF:src/sections/dataset/dataset-summary/DatasetSummary.tsx
DA:1,112
DA:12,16
DA:17,201
DA:26,16
BRDA:1,0,0,16
end_of_record
SF:src/sections/dataset/dataset-summary/License.tsx
DA:9,332
DA:10,332
DA:12,327
DA:32,41
BRDA:18,0,0,327
BRDA:18,0,1,327
end_of_record
SF:src/sections/dataset/dataset-summary/SummaryBlock.tsx
DA:18,18
DA:22,223
DA:27,223
DA:32,223
DA:33,2
DA:36,221
DA:37,113
DA:40,108
DA:47,18
DA:49,113
DA:50,113
DA:52,113
DA:55,565
DA:66,18
BRDA:32,0,0,2
BRDA:36,1,0,113
BRDA:36,2,0,221
BRDA:36,2,1,108
end_of_record
SF:src/sections/dataset/dataset-summary/SummaryFields.tsx
DA:1,126
DA:10,18
DA:11,203
DA:14,203
DA:23,18
BRDA:1,0,0,18
end_of_record
SF:src/sections/dataset/dataset-thumbnail/DatasetThumbnail.tsx
DA:1,441
DA:10,63
DA:11,1057
DA:12,824
DA:15,233
DA:16,63
BRDA:1,0,0,63
BRDA:11,1,0,824
BRDA:11,2,0,1057
BRDA:11,2,1,827
end_of_record
SF:src/sections/dataset/markdown/MarkdownComponent.tsx
DA:1,322
DA:5,46
DA:6,1707
DA:7,46
BRDA:1,0,0,46
end_of_record
SF:src/sections/dataset/publish-dataset/PublishDatasetHelpText.tsx
DA:18,127
DA:19,88
DA:20,28
DA:21,60
DA:23,39
DA:26,36
DA:31,127
DA:32,127
DA:33,127
DA:35,127
DA:52,36
BRDA:18,0,0,88
BRDA:19,1,0,28
BRDA:19,1,1,60
BRDA:38,2,0,28
BRDA:38,2,1,99
end_of_record
SF:src/sections/dataset/publish-dataset/PublishDatasetModal.tsx
DA:34,36
DA:44,181
DA:45,181
DA:46,173
DA:47,173
DA:49,173
DA:56,173
DA:59,173
DA:60,5
DA:61,5
DA:63,173
DA:64,173
DA:66,13
DA:73,13
DA:76,173
DA:137,26
DA:153,36
BRDA:57,0,0,53
BRDA:57,0,1,120
BRDA:63,1,0,39
BRDA:63,1,1,134
BRDA:64,2,0,39
BRDA:64,2,1,134
BRDA:96,3,0,173
BRDA:96,3,1,53
BRDA:115,4,0,53
BRDA:115,4,1,4
BRDA:129,5,0,173
BRDA:129,5,1,13
BRDA:130,6,0,13
BRDA:130,6,1,0
end_of_record
SF:src/sections/dataset/publish-dataset/usePublishDataset.tsx
DA:32,173
DA:33,173
DA:36,173
DA:38,173
DA:39,26
DA:41,26
DA:42,20
DA:44,13
DA:45,13
DA:46,13
DA:50,7
DA:53,7
DA:54,7
DA:58,26
DA:59,6
DA:63,6
DA:66,6
DA:67,6
DA:70,20
DA:74,173
DA:79,36
BRDA:50,0,0,7
BRDA:50,0,1,0
BRDA:50,1,0,7
BRDA:50,1,1,7
BRDA:58,2,0,6
BRDA:58,2,1,20
BRDA:63,3,0,6
BRDA:63,3,1,0
BRDA:63,4,0,6
BRDA:63,4,1,6
end_of_record
SF:src/sections/edit-collection/EditCollection.tsx
DA:25,7
DA:29,68
DA:30,68
DA:31,61
DA:32,61
DA:34,61
DA:43,61
DA:47,61
DA:49,61
DA:51,61
DA:52,54
DA:53,27
DA:57,61
DA:58,5
DA:61,56
DA:62,34
DA:65,22
DA:66,4
DA:75,18
DA:76,2
DA:83,16
DA:85,16
DA:121,7
BRDA:49,0,0,61
BRDA:49,0,1,27
BRDA:52,1,0,27
BRDA:57,2,0,5
BRDA:57,3,0,61
BRDA:57,3,1,27
BRDA:61,4,0,34
BRDA:61,5,0,56
BRDA:61,5,1,22
BRDA:65,6,0,4
BRDA:65,7,0,22
BRDA:65,7,1,20
BRDA:75,8,0,2
BRDA:109,9,0,0
BRDA:109,9,1,16
end_of_record
SF:src/sections/edit-collection/EditCollectionFactory.tsx
end_of_record
SF:src/sections/edit-collection/EditCollectionSkeleton.tsx
DA:1,49
DA:6,7
DA:7,34
DA:19,7
BRDA:1,0,0,7
end_of_record
SF:src/sections/edit-dataset-metadata/EditDatasetMetadata.tsx
DA:22,5
DA:25,47
DA:26,47
DA:27,42
DA:28,42
DA:30,42
DA:31,28
DA:34,42
DA:36,25
DA:38,22
DA:43,42
DA:44,14
DA:47,28
DA:81,5
BRDA:43,0,0,14
BRDA:49,1,0,6
BRDA:49,1,1,22
end_of_record
SF:src/sections/edit-dataset-metadata/EditDatasetMetadataFactory.tsx
end_of_record
SF:src/sections/edit-dataset-metadata/EditDatasetMetadataSkeleton.tsx
DA:7,14
DA:8,14
DA:10,14
DA:32,5
end_of_record
SF:src/sections/edit-dataset-metadata/HostCollection.tsx
DA:8,22
DA:9,22
DA:11,22
DA:21,5
end_of_record
SF:src/sections/error-page/ErrorPage.tsx
end_of_record
SF:src/sections/error-page/useErrorLogger.tsx
DA:3,4
DA:5,20
DA:6,20
DA:7,14
DA:8,14
DA:9,10
DA:10,10
DA:14,20
DA:15,13
DA:16,8
DA:20,20
DA:21,4
BRDA:8,0,0,10
BRDA:15,1,0,8
end_of_record
SF:src/sections/file/File.tsx
DA:24,33
DA:25,33
DA:26,33
DA:27,33
DA:29,33
DA:30,28
DA:33,33
DA:34,14
DA:37,19
DA:108,5
BRDA:33,0,0,14
BRDA:39,1,0,3
BRDA:39,1,1,16
BRDA:51,2,0,16
BRDA:51,2,1,2
end_of_record
SF:src/sections/file/FileFactory.tsx
end_of_record
SF:src/sections/file/FileSkeleton.tsx
DA:7,14
DA:8,14
DA:9,14
DA:49,350
DA:71,5
end_of_record
SF:src/sections/file/useFile.tsx
DA:6,33
DA:7,33
DA:8,33
DA:10,33
DA:11,14
DA:13,14
DA:15,14
DA:16,14
DA:19,0
DA:20,0
DA:24,33
DA:28,5
end_of_record
SF:src/sections/file/file-access/FileAccessRestrictedIcon.tsx
DA:10,145364
DA:11,145364
DA:13,145364
DA:14,56033
DA:17,89331
DA:18,46045
DA:29,43286
DA:38,109
BRDA:13,0,0,56033
BRDA:17,1,0,46045
end_of_record
SF:src/sections/file/file-action-buttons/access-file-menu/AccessFileMenu.tsx
DA:21,112
DA:29,145262
DA:30,145262
DA:32,145248
DA:33,145203
DA:39,45
DA:42,145248
DA:75,112
BRDA:28,0,0,52
BRDA:32,1,0,145203
BRDA:46,2,0,145203
BRDA:46,2,1,45
BRDA:48,3,0,145203
BRDA:48,3,1,45
BRDA:49,4,0,145203
BRDA:49,4,1,45
end_of_record
SF:src/sections/file/file-action-buttons/access-file-menu/AccessStatus.tsx
DA:17,62
DA:32,121
DA:34,15
DA:40,62
DA:41,121
DA:42,62
DA:43,20
DA:44,7
DA:48,13
DA:50,42
DA:51,121
DA:53,363
DA:61,62
DA:62,121
DA:63,62
DA:64,124
DA:65,46
DA:68,78
DA:69,30
DA:70,20
DA:73,10
DA:76,48
DA:79,62
DA:87,121
BRDA:42,0,0,20
BRDA:43,1,0,7
BRDA:64,2,0,46
BRDA:68,3,0,30
BRDA:69,4,0,20
BRDA:82,5,0,41
BRDA:82,5,1,21
BRDA:82,6,0,62
BRDA:82,6,1,38
end_of_record
SF:src/sections/file/file-action-buttons/access-file-menu/FileDownloadOptions.tsx
DA:16,117
DA:22,37
DA:23,117
DA:25,32
DA:26,8
DA:29,24
DA:53,117
BRDA:25,0,0,8
BRDA:35,1,0,2
BRDA:35,1,1,22
end_of_record
SF:src/sections/file/file-action-buttons/access-file-menu/FileNonTabularDownloadOptions.tsx
DA:12,122
DA:16,43
DA:17,43
DA:18,122
DA:20,38
DA:29,122
BRDA:23,0,0,38
BRDA:23,0,1,35
BRDA:23,0,2,2
BRDA:24,1,0,5
BRDA:24,1,1,33
end_of_record
SF:src/sections/file/file-action-buttons/access-file-menu/FileTabularDownloadOptions.tsx
DA:13,123
DA:17,31
DA:18,31
DA:19,123
DA:20,25
DA:22,25
DA:39,123
BRDA:20,0,0,25
BRDA:20,0,1,21
BRDA:20,0,2,3
BRDA:24,1,0,25
BRDA:24,1,1,20
BRDA:26,2,0,20
BRDA:26,2,1,0
BRDA:32,3,0,25
BRDA:32,3,1,23
end_of_record
SF:src/sections/file/file-action-buttons/access-file-menu/RequestAccessModal.tsx
DA:13,34
DA:14,34
DA:15,124
DA:16,30
DA:17,30
DA:18,5
DA:20,30
DA:22,30
DA:37,124
DA:39,124
DA:45,4
DA:46,124
DA:48,4
DA:49,0
DA:50,0
DA:53,0
DA:56,4
DA:79,124
DA:81,372
DA:82,124
DA:83,6
DA:98,124
BRDA:29,0,0,6
BRDA:29,0,1,24
end_of_record
SF:src/sections/file/file-action-buttons/access-file-menu/RequestAccessOption.tsx
DA:15,120
DA:21,61
DA:22,120
DA:24,53
DA:25,19
DA:27,34
DA:28,15
DA:29,7
DA:35,8
DA:37,19
DA:38,6
DA:40,13
DA:41,4
DA:47,9
DA:48,120
BRDA:24,0,0,19
BRDA:24,1,0,53
BRDA:24,1,1,50
BRDA:27,2,0,15
BRDA:28,3,0,7
BRDA:37,4,0,6
BRDA:40,5,0,4
end_of_record
SF:src/sections/file/file-citation/FileCitation.tsx
DA:1,56
DA:12,8
DA:13,24
DA:29,8
BRDA:1,0,0,8
BRDA:16,1,0,2
BRDA:16,1,1,22
end_of_record
SF:src/sections/file/file-embargo/FileEmbargoDate.tsx
DA:12,116
DA:16,145498
DA:17,145498
DA:19,145326
DA:20,77380
DA:25,67946
DA:35,134
DA:37,134
DA:41,67946
DA:42,67942
DA:47,4
DA:48,134
BRDA:15,0,0,145350
BRDA:19,1,0,77380
BRDA:29,2,0,122
BRDA:29,2,1,67824
BRDA:41,3,0,67942
BRDA:42,4,0,67937
BRDA:42,4,1,5
end_of_record
SF:src/sections/file/file-labels/FileLabels.tsx
DA:1,917
DA:5,131
DA:10,131
DA:11,145558
DA:14,197571
DA:20,131
BRDA:1,0,0,131
end_of_record
SF:src/sections/file/file-metadata/FileMetadata.tsx
DA:20,35
DA:25,506
DA:26,506
DA:27,506
DA:187,35
DA:190,481
DA:191,35
BRDA:40,0,0,506
BRDA:40,0,1,227
BRDA:50,1,0,506
BRDA:50,1,1,481
BRDA:58,2,0,506
BRDA:58,2,1,481
BRDA:80,3,0,506
BRDA:80,3,1,54
BRDA:88,4,0,506
BRDA:88,4,1,285
BRDA:103,5,0,506
BRDA:103,5,1,325
BRDA:110,6,0,506
BRDA:110,6,1,181
BRDA:110,6,2,372
BRDA:119,7,0,146
BRDA:119,7,1,226
BRDA:131,8,0,506
BRDA:131,8,1,146
BRDA:131,8,2,136
BRDA:151,9,0,506
BRDA:151,9,1,54
BRDA:167,10,0,506
BRDA:167,10,1,86
BRDA:175,11,0,506
BRDA:175,11,1,225
end_of_record
SF:src/sections/file/file-preview/FileIcon.tsx
DA:1,966
DA:6,138
DA:7,132630
DA:9,132630
DA:14,138
BRDA:1,0,0,138
BRDA:7,1,0,132630
BRDA:7,1,1,5
end_of_record
SF:src/sections/file/file-preview/FileImage.tsx
DA:1,966
DA:8,138
DA:9,13234
DA:16,138
BRDA:1,0,0,138
BRDA:13,1,0,13047
BRDA:13,1,1,187
BRDA:13,2,0,13047
BRDA:13,2,1,187
end_of_record
SF:src/sections/file/file-preview/FilePreview.tsx
DA:1,266
DA:11,38
DA:12,511
DA:13,38
BRDA:1,0,0,38
BRDA:12,1,0,187
BRDA:12,1,1,324
end_of_record
SF:src/sections/file/file-preview/FileTypeToFileIconMap.ts
DA:3,182
end_of_record
SF:src/sections/file/multiple-file-download/MultipleFileDownloadContext.ts
DA:8,106
DA:10,65
DA:11,65
DA:15,16345
end_of_record
SF:src/sections/file/multiple-file-download/MultipleFileDownloadProvider.tsx
DA:1,77
DA:11,11
DA:15,11
DA:16,17
DA:19,11
DA:24,11
BRDA:1,0,0,11
end_of_record
SF:src/sections/homepage/Homepage.tsx
end_of_record
SF:src/sections/homepage/HomepageFactory.tsx
end_of_record
SF:src/sections/homepage/search-input/SearchInput.tsx
DA:9,36
DA:10,36
DA:11,36
DA:12,36
DA:14,36
DA:15,22
DA:18,36
DA:19,4
DA:21,4
DA:23,4
DA:25,2
DA:27,2
DA:28,2
DA:29,2
DA:34,2
DA:36,2
DA:39,36
DA:40,3
DA:41,3
DA:44,36
DA:71,4
BRDA:23,0,0,2
BRDA:57,1,0,36
BRDA:57,1,1,22
end_of_record
SF:src/sections/layout/Layout.tsx
DA:1,399
DA:8,186
DA:9,5
DA:22,3
DA:7,54
DA:17,54
BRDA:1,0,0,57
end_of_record
SF:src/sections/layout/footer/Footer.tsx
DA:12,25
DA:13,25
DA:14,25
DA:15,25
DA:17,25
DA:54,7
DA:6,327
DA:7,327
DA:9,180
DA:46,108
end_of_record
SF:src/sections/layout/footer/FooterFactory.tsx
DA:5,3
DA:9,3
end_of_record
SF:src/sections/layout/footer/useDataverseVersion.tsx
DA:6,25
DA:7,25
DA:9,25
DA:10,14
DA:12,11
DA:14,3
DA:17,25
DA:18,7
end_of_record
SF:src/sections/layout/header/Header.tsx
DA:14,387
DA:15,387
DA:16,60
DA:18,60
DA:36,118
DA:17,219
BRDA:26,0,0,19
BRDA:26,0,1,41
BRDA:24,0,0,54
BRDA:24,0,1,165
end_of_record
SF:src/sections/layout/header/HeaderFactory.tsx
DA:5,3
DA:9,5
end_of_record
SF:src/sections/layout/header/LoggedInHeaderActions.tsx
DA:12,16
DA:19,16
DA:22,97
DA:23,97
DA:24,97
DA:25,97
DA:26,97
DA:28,97
DA:33,97
DA:34,2
DA:35,2
DA:39,97
DA:40,58
DA:43,39
DA:44,39
DA:46,39
DA:47,39
DA:49,39
DA:74,16
BRDA:39,0,0,58
end_of_record
SF:src/sections/layout/topbar-progress-indicator/TopbarProgressIndicator.tsx
DA:7,20
DA:8,20
DA:9,20
DA:10,20
DA:12,20
DA:13,10
DA:16,20
DA:24,20
DA:25,6
DA:27,6
BRDA:13,0,0,10
BRDA:13,0,1,10
BRDA:24,1,0,10
BRDA:24,1,1,10
end_of_record
SF:src/sections/loading/LoadingContext.ts
DA:8,189
DA:13,6265
end_of_record
SF:src/sections/loading/LoadingProvider.tsx
DA:4,666
DA:5,666
DA:7,666
DA:12,46
end_of_record
SF:src/sections/not-implemented/NotImplementedModal.tsx
DA:1,161
DA:8,23
DA:9,243
DA:10,243
DA:11,243
DA:13,243
DA:32,23
BRDA:1,0,0,23
end_of_record
SF:src/sections/not-implemented/NotImplementedModalContext.ts
DA:9,161
DA:15,992
end_of_record
SF:src/sections/not-implemented/NotImplementedModalProvider.tsx
DA:4,8
DA:5,8
DA:6,8
DA:7,8
DA:9,8
DA:14,7
end_of_record
SF:src/sections/page-not-found/PageNotFound.tsx
DA:4,94
DA:5,94
DA:7,94
DA:12,74
end_of_record
SF:src/sections/session/SessionContext.ts
DA:10,890
DA:17,174675
end_of_record
SF:src/sections/session/SessionProvider.tsx
DA:11,2485
DA:12,2485
DA:13,2485
DA:15,2485
DA:16,1191
DA:17,1191
DA:18,1191
DA:19,1191
DA:21,1191
DA:23,0
DA:25,1191
DA:29,1191
DA:32,2485
DA:33,4
DA:35,4
DA:37,0
DA:40,2485
DA:45,890
BRDA:21,0,0,1191
BRDA:21,0,1,1184
end_of_record
SF:src/sections/settings/SettingsContext.ts
DA:8,131
DA:9,1178
DA:11,17193
end_of_record
SF:src/sections/settings/SettingsProvider.tsx
DA:10,86
DA:13,467
DA:15,467
DA:18,464
DA:19,464
DA:20,232
DA:23,232
DA:24,232
DA:25,232
DA:29,467
DA:34,86
BRDA:19,0,0,232
end_of_record
SF:src/sections/shared/add-data-actions/AddDataActionsButton.tsx
DA:15,18
DA:19,35
DA:20,35
DA:22,35
DA:23,35
DA:25,35
DA:39,18
end_of_record
SF:src/sections/shared/citation/CitationDescription.tsx
DA:1,455
DA:10,65
DA:11,1095
DA:13,1095
DA:20,65
BRDA:1,0,0,65
end_of_record
SF:src/sections/shared/citation/CitationLearnAbout.tsx
DA:4,254
DA:5,254
DA:7,254
DA:18,28
end_of_record
SF:src/sections/shared/form/DatasetMetadataForm/MetadataFieldsHelper.ts
DA:39,1761
DA:41,1761
DA:42,8277
DA:43,8277
DA:46,1761
DA:50,40346
DA:51,215872
DA:52,215872
DA:53,25244
DA:55,215872
DA:56,32069
DA:65,170
DA:66,170
DA:68,170
DA:70,322
DA:72,322
DA:77,322
DA:80,170
DA:86,322
DA:88,322
DA:89,1790
DA:91,1790
DA:94,1790
DA:95,170
DA:96,358
DA:100,358
DA:101,358
DA:104,170
DA:105,1620
DA:107,868
DA:110,492
DA:111,626
DA:112,1744
DA:116,1744
DA:117,1744
DA:120,492
DA:122,1128
DA:126,322
DA:132,1173
DA:134,1173
DA:135,1191
DA:137,1191
DA:138,10827
DA:139,10827
DA:141,10827
DA:142,4895
DA:144,4895
DA:145,4895
DA:146,16057
DA:147,14254
DA:150,16057
DA:151,1803
DA:156,4895
DA:157,612
DA:163,612
DA:164,451
DA:165,596
DA:168,1659
DA:169,1659
DA:171,1659
DA:174,596
DA:180,451
DA:182,161
DA:185,338
DA:186,338
DA:188,338
DA:191,161
DA:197,612
DA:199,4283
DA:205,10827
DA:206,5194
DA:209,10827
DA:210,738
DA:214,1191
DA:217,1173
DA:223,5194
DA:224,1126
DA:226,1126
DA:228,128
DA:230,4068
DA:231,4068
DA:237,738
DA:238,713
DA:240,713
DA:242,161
DA:244,25
DA:245,25
DA:249,74
DA:251,74
DA:252,119
DA:253,119
DA:255,119
DA:257,119
DA:258,1259
DA:260,1259
DA:265,752
DA:266,752
DA:269,507
DA:270,59
DA:271,59
DA:272,222
DA:273,222
DA:277,222
DA:279,59
DA:282,448
DA:283,448
DA:284,467
DA:286,467
DA:287,1486
DA:289,1486
DA:292,467
DA:298,74
DA:302,73
DA:304,73
DA:305,118
DA:309,118
DA:311,118
DA:312,1244
DA:313,464
DA:314,157
DA:315,157
DA:317,307
DA:319,780
DA:320,90
DA:321,58
DA:322,58
DA:324,32
DA:327,690
DA:328,185
DA:329,237
DA:330,237
DA:332,185
DA:333,52
DA:334,52
DA:336,133
DA:339,505
DA:340,58
DA:342,58
DA:343,219
DA:344,103
DA:347,58
DA:348,58
DA:349,58
DA:351,0
DA:354,447
DA:355,447
DA:357,447
DA:358,466
DA:359,466
DA:360,1482
DA:361,326
DA:364,466
DA:365,167
DA:368,447
DA:369,148
DA:372,447
DA:376,118
DA:378,73
DA:386,168
DA:391,168
DA:392,319
DA:393,319
DA:396,168
DA:397,315
DA:399,315
DA:400,313
DA:401,5719
DA:403,5719
DA:404,1276
DA:410,168
DA:413,32527
DA:414,3086
DA:429,39402
DA:430,6283
DA:432,33119
DA:433,26072
DA:436,7047
DA:437,2436
DA:439,4611
DA:442,174
DA:443,2503
DA:445,174
DA:448,1386
DA:450,174
DA:453,1568
DA:455,174
DA:458,1012
DA:460,174
DA:463,933
BRDA:42,0,0,8277
BRDA:52,1,0,25244
BRDA:55,2,0,32069
BRDA:89,3,0,216
BRDA:89,3,1,1574
BRDA:94,4,0,170
BRDA:94,4,1,1620
BRDA:94,5,0,1790
BRDA:94,5,1,904
BRDA:96,6,0,36
BRDA:96,6,1,322
BRDA:105,7,0,492
BRDA:105,7,1,1128
BRDA:106,8,0,1620
BRDA:106,8,1,734
BRDA:112,9,0,36
BRDA:112,9,1,1708
BRDA:141,10,0,4895
BRDA:144,11,0,4895
BRDA:146,12,0,14254
BRDA:150,13,0,1803
BRDA:156,14,0,612
BRDA:156,14,1,4283
BRDA:163,15,0,451
BRDA:163,15,1,161
BRDA:168,16,0,1659
BRDA:185,17,0,338
BRDA:199,18,0,3872
BRDA:199,18,1,411
BRDA:205,19,0,5194
BRDA:209,20,0,738
BRDA:223,21,0,1126
BRDA:226,22,0,1046
BRDA:231,23,0,4068
BRDA:231,23,1,3676
BRDA:237,24,0,713
BRDA:240,25,0,552
BRDA:245,26,0,25
BRDA:245,26,1,9
BRDA:260,27,0,752
BRDA:261,28,0,1259
BRDA:261,28,1,788
BRDA:261,28,2,696
BRDA:269,29,0,59
BRDA:282,30,0,448
BRDA:312,31,0,464
BRDA:313,32,0,157
BRDA:319,33,0,90
BRDA:320,34,0,58
BRDA:327,35,0,185
BRDA:332,36,0,52
BRDA:339,37,0,58
BRDA:343,38,0,103
BRDA:347,39,0,58
BRDA:354,40,0,447
BRDA:360,41,0,326
BRDA:364,42,0,167
BRDA:368,43,0,148
BRDA:399,44,0,313
BRDA:403,45,0,1276
BRDA:429,46,0,6283
BRDA:429,47,0,39402
BRDA:429,47,1,32355
BRDA:432,48,0,26072
BRDA:432,49,0,33119
BRDA:432,49,1,26072
BRDA:436,50,0,2436
BRDA:448,51,0,1386
BRDA:448,51,1,1269
BRDA:448,52,0,1377
BRDA:448,52,1,1377
BRDA:453,53,0,1568
BRDA:453,53,1,1451
BRDA:458,54,0,1012
BRDA:458,54,1,1012
BRDA:463,55,0,895
BRDA:463,55,1,895
end_of_record
SF:src/sections/shared/form/DatasetMetadataForm/index.tsx
DA:32,45
DA:39,1189
DA:40,1189
DA:41,1189
DA:47,1189
DA:54,1189
DA:55,1148
DA:57,560
DA:61,1189
DA:62,588
DA:64,152
DA:70,1189
DA:71,1148
DA:72,997
DA:75,151
DA:84,1189
DA:85,1148
DA:90,1189
DA:91,1174
DA:94,1189
DA:95,599
DA:98,590
DA:99,26
DA:106,564
DA:117,45
BRDA:55,0,0,588
BRDA:62,1,0,436
BRDA:71,2,0,997
BRDA:71,3,0,1148
BRDA:71,3,1,560
BRDA:75,4,0,151
BRDA:75,4,1,0
BRDA:85,5,0,151
BRDA:85,5,1,997
BRDA:85,6,0,1148
BRDA:85,6,1,303
BRDA:94,7,0,599
BRDA:94,8,0,1189
BRDA:94,8,1,590
BRDA:98,9,0,26
end_of_record
SF:src/sections/shared/form/DatasetMetadataForm/useGetMetadataBlocksInfo.tsx
DA:20,45
DA:24,1189
DA:25,1189
DA:26,1189
DA:27,1189
DA:29,1189
DA:30,588
DA:31,588
DA:32,588
DA:33,588
DA:35,588
DA:36,152
DA:41,436
DA:47,562
DA:50,26
DA:53,26
DA:55,588
DA:59,588
DA:62,1189
DA:67,45
BRDA:35,0,0,152
BRDA:35,0,1,436
BRDA:50,1,0,26
BRDA:50,2,0,26
BRDA:50,2,1,26
end_of_record
SF:src/sections/shared/form/DatasetMetadataForm/useSubmitDataset.ts
DA:13,96
DA:14,96
DA:15,96
DA:16,96
DA:17,96
DA:42,957
DA:43,957
DA:45,957
DA:48,957
DA:50,957
DA:51,60
DA:53,60
DA:55,60
DA:59,60
DA:60,35
DA:62,11
DA:63,11
DA:64,11
DA:70,11
DA:74,24
DA:78,24
DA:79,24
DA:81,24
DA:84,25
DA:86,25
DA:92,10
DA:93,10
DA:94,10
DA:101,10
DA:105,15
DA:109,15
DA:110,15
DA:112,15
DA:117,957
BRDA:13,0,0,96
BRDA:13,0,1,96
BRDA:59,1,0,35
BRDA:59,1,1,25
BRDA:74,2,0,17
BRDA:74,2,1,7
BRDA:74,3,0,24
BRDA:74,3,1,24
BRDA:75,4,0,17
BRDA:75,4,1,9
BRDA:105,5,0,11
BRDA:105,5,1,4
BRDA:105,6,0,15
BRDA:105,6,1,15
BRDA:106,7,0,11
BRDA:106,7,1,6
end_of_record
SF:src/sections/shared/form/DatasetMetadataForm/MetadataForm/MetadataFormSkeleton.tsx
DA:1,315
DA:5,45
DA:6,632
DA:32,2528
DA:51,1896
DA:89,45
BRDA:1,0,0,45
BRDA:17,1,0,632
BRDA:17,1,1,163
BRDA:41,2,0,2528
BRDA:41,2,1,632
end_of_record
SF:src/sections/shared/form/DatasetMetadataForm/MetadataForm/index.tsx
DA:28,45
DA:36,957
DA:37,957
DA:38,957
DA:39,957
DA:41,957
DA:42,957
DA:44,957
DA:45,957
DA:46,957
DA:48,957
DA:49,957
DA:51,957
DA:59,957
DA:61,560
DA:62,28
DA:63,28
DA:64,28
DA:65,28
DA:68,28
DA:69,28
DA:71,28
DA:72,28
DA:73,28
DA:78,957
DA:79,25
DA:80,25
DA:83,957
DA:84,89
DA:89,89
DA:91,89
DA:95,89
DA:96,178
DA:97,178
DA:98,178
DA:100,178
DA:101,24
DA:103,24
DA:115,39
DA:116,39
DA:120,957
DA:121,863
DA:128,957
DA:130,6395
DA:132,41
DA:133,41
DA:135,41
DA:138,957
DA:185,1993
DA:222,45
BRDA:61,0,0,28
BRDA:61,1,0,560
BRDA:61,1,1,409
BRDA:71,2,0,28
BRDA:84,3,0,0
BRDA:100,4,0,24
BRDA:100,5,0,178
BRDA:100,5,1,89
BRDA:115,6,0,39
BRDA:122,7,0,863
BRDA:122,7,1,863
BRDA:122,7,2,863
BRDA:130,8,0,6354
BRDA:133,9,0,20
BRDA:133,9,1,21
BRDA:135,10,0,21
BRDA:135,11,0,41
BRDA:135,11,1,21
BRDA:150,12,0,957
BRDA:150,12,1,289
BRDA:167,13,0,957
BRDA:167,13,1,39
BRDA:176,14,0,957
BRDA:176,14,1,21
BRDA:182,15,0,957
BRDA:182,15,1,957
BRDA:200,16,0,957
BRDA:200,16,1,668
BRDA:207,17,0,668
BRDA:207,17,1,289
end_of_record
SF:src/sections/shared/form/DatasetMetadataForm/MetadataForm/MetadataBlockFormFields/index.tsx
DA:1,225
DA:8,45
DA:9,1993
DA:11,1993
DA:14,18239
DA:24,45
BRDA:1,0,0,45
end_of_record
SF:src/sections/shared/form/DatasetMetadataForm/MetadataForm/MetadataBlockFormFields/MetadataFormField/index.tsx
DA:48,45
DA:57,46794
DA:70,46794
DA:73,46794
DA:78,46794
DA:82,46794
DA:85,46794
DA:87,14457
DA:89,46794
DA:94,46794
DA:95,33929
DA:96,1855
DA:109,32074
DA:128,12865
DA:129,4472
DA:130,1177
DA:145,3295
DA:163,8393
DA:164,8393
DA:165,7475
DA:182,918
DA:199,0
DA:200,45
BRDA:52,0,0,18239
BRDA:73,1,0,46794
BRDA:73,1,1,8393
BRDA:73,1,2,8393
BRDA:78,2,0,46794
BRDA:78,2,1,4472
BRDA:78,2,2,4472
BRDA:85,3,0,46794
BRDA:85,3,1,8393
BRDA:85,3,2,4745
BRDA:94,4,0,33929
BRDA:95,5,0,1855
BRDA:128,6,0,4472
BRDA:129,7,0,1177
BRDA:163,8,0,8393
BRDA:164,9,0,7475
end_of_record
SF:src/sections/shared/form/DatasetMetadataForm/MetadataForm/MetadataBlockFormFields/MetadataFormField/useDefineRules.ts
DA:23,45
DA:27,46794
DA:28,46794
DA:32,46794
DA:34,46794
DA:39,11152
DA:40,3991
DA:43,7161
DA:44,885
DA:45,827
DA:47,58
DA:49,6276
DA:51,880
DA:53,880
DA:54,764
DA:60,116
DA:62,5396
DA:63,978
DA:64,783
DA:66,195
DA:68,4418
DA:69,178
DA:70,60
DA:72,118
DA:74,4240
DA:75,206
DA:76,59
DA:78,147
DA:81,4034
DA:85,46794
BRDA:32,0,0,28555
BRDA:32,0,1,18239
BRDA:32,1,0,28555
BRDA:32,1,1,13032
BRDA:35,2,0,9650
BRDA:35,2,1,37144
BRDA:39,3,0,3991
BRDA:43,4,0,885
BRDA:44,5,0,827
BRDA:49,6,0,880
BRDA:51,7,0,590
BRDA:51,7,1,290
BRDA:53,8,0,764
BRDA:62,9,0,978
BRDA:63,10,0,783
BRDA:68,11,0,178
BRDA:69,12,0,60
BRDA:74,13,0,206
BRDA:75,14,0,59
end_of_record
SF:src/sections/shared/form/DatasetMetadataForm/MetadataForm/MetadataBlockFormFields/MetadataFormField/useWatchFieldsThatTriggerRequired.tsx
DA:9,37205
DA:10,37205
DA:14,37205
DA:16,37205
DA:17,9293
DA:20,37205
DA:21,20510
DA:22,20491
DA:26,37205
DA:27,45
BRDA:11,0,0,37205
BRDA:11,0,1,10109
BRDA:16,1,0,27096
BRDA:16,1,1,10109
BRDA:21,2,0,20491
end_of_record
SF:src/sections/shared/form/DatasetMetadataForm/MetadataForm/MetadataBlockFormFields/MetadataFormField/Fields/ComposeFieldMultiple.tsx
DA:19,45
DA:27,7475
DA:28,7475
DA:29,7475
DA:35,7475
DA:40,7475
DA:42,4298
DA:44,715
DA:45,143
DA:50,7475
DA:52,4298
DA:54,715
DA:55,572
DA:60,7475
DA:61,23
DA:63,23
DA:64,92
DA:65,92
DA:68,23
DA:74,7475
DA:76,7475
DA:87,7769
DA:92,24895
DA:96,24895
DA:120,23
DA:121,23
DA:130,45
BRDA:42,0,0,143
BRDA:42,0,1,4155
BRDA:52,1,0,143
BRDA:52,1,1,4155
BRDA:81,2,0,7475
BRDA:81,2,1,265
BRDA:92,3,0,1325
BRDA:92,3,1,23570
end_of_record
SF:src/sections/shared/form/DatasetMetadataForm/MetadataForm/MetadataBlockFormFields/MetadataFormField/Fields/ComposedField.tsx
DA:16,45
DA:24,918
DA:25,918
DA:27,918
DA:29,547
DA:31,4
DA:32,2
DA:37,918
DA:39,547
DA:41,4
DA:42,2
DA:47,918
DA:61,3660
DA:65,3660
DA:83,45
BRDA:29,0,0,2
BRDA:29,0,1,545
BRDA:39,1,0,2
BRDA:39,1,1,545
BRDA:52,2,0,918
BRDA:52,2,1,6
BRDA:61,3,0,12
BRDA:61,3,1,3648
end_of_record
SF:src/sections/shared/form/DatasetMetadataForm/MetadataForm/MetadataBlockFormFields/MetadataFormField/Fields/Primitive.tsx
DA:19,45
DA:33,33910
DA:34,33910
DA:35,33910
DA:37,33910
DA:39,18526
DA:48,33910
DA:49,11948
DA:57,33910
DA:62,33910
DA:63,32112
DA:64,10
DA:69,32102
DA:72,33910
DA:74,33910
DA:90,60503
DA:124,45
BRDA:63,0,0,10
BRDA:63,1,0,32112
BRDA:63,1,1,281
BRDA:75,2,0,27096
BRDA:75,2,1,6814
BRDA:90,3,0,46909
BRDA:90,3,1,13594
BRDA:92,4,0,46909
BRDA:92,4,1,13594
BRDA:93,5,0,7203
BRDA:93,5,1,53300
end_of_record
SF:src/sections/shared/form/DatasetMetadataForm/MetadataForm/MetadataBlockFormFields/MetadataFormField/Fields/PrimitiveMultiple.tsx
DA:16,45
DA:25,1855
DA:26,1855
DA:32,1855
DA:37,1855
DA:39,6280
DA:50,1855
DA:52,1855
DA:53,22
DA:63,1855
DA:65,1855
DA:67,1855
DA:80,1877
DA:86,3380
DA:123,22
DA:124,22
DA:136,45
BRDA:88,0,0,1260
BRDA:88,0,1,2120
end_of_record
SF:src/sections/shared/form/DatasetMetadataForm/MetadataForm/MetadataBlockFormFields/MetadataFormField/Fields/Vocabulary.tsx
DA:19,45
DA:32,3295
DA:33,3295
DA:35,3295
DA:37,3295
DA:39,1946
DA:48,3295
DA:49,0
DA:57,3295
DA:62,3295
DA:63,3295
DA:64,0
DA:69,3295
DA:72,3295
DA:74,3295
DA:80,5564
DA:113,16176
DA:128,45
BRDA:63,0,0,0
BRDA:63,1,0,3295
BRDA:63,1,1,0
BRDA:81,2,0,3542
BRDA:81,2,1,2022
BRDA:82,3,0,5564
BRDA:82,3,1,0
BRDA:88,4,0,3542
BRDA:88,4,1,2022
BRDA:92,5,0,5564
BRDA:92,5,1,0
BRDA:94,6,0,5564
BRDA:94,6,1,0
BRDA:95,7,0,3542
BRDA:95,7,1,2022
end_of_record
SF:src/sections/shared/form/DatasetMetadataForm/MetadataForm/MetadataBlockFormFields/MetadataFormField/Fields/VocabularyMultiple.tsx
DA:14,45
DA:23,1177
DA:24,1177
DA:26,1177
DA:28,688
DA:37,1177
DA:43,1994
DA:73,45
end_of_record
SF:src/sections/shared/form/DynamicFieldsButtons/DynamicFieldsButtons.tsx
DA:13,106
DA:18,15211
DA:19,15211
DA:21,15211
DA:47,106
BRDA:33,0,0,15211
BRDA:33,0,1,861
end_of_record
SF:src/sections/shared/form/EditCreateCollectionForm/CollectionFormHelper.ts
DA:22,187658
DA:24,90
DA:29,2411
DA:30,2411
DA:32,2411
DA:33,7061
DA:34,110226
DA:35,110226
DA:36,110226
DA:39,110226
DA:44,110226
DA:46,62116
DA:48,110226
DA:57,110226
DA:58,26985
DA:59,77410
DA:60,77410
DA:63,77410
DA:65,77410
DA:78,2411
DA:87,1266
DA:89,1266
DA:90,28
DA:93,1238
DA:94,56
DA:95,56
DA:96,56
DA:98,56
DA:103,1238
DA:110,2409
DA:112,2409
DA:113,54
DA:114,54
DA:122,2409
DA:128,187
DA:130,187
DA:131,1174
DA:132,244
DA:136,187
DA:144,186
DA:146,186
DA:148,186
DA:149,25860
DA:150,12874
DA:158,186
DA:164,186
DA:166,186
DA:167,25860
DA:168,25860
DA:170,25860
DA:173,186
DA:176,90
DA:180,257360
DA:181,838968
DA:183,581608
DA:184,581608
DA:192,64
DA:193,292
DA:194,3900
DA:197,292
DA:198,3900
DA:199,966
DA:200,2729
DA:205,292
DA:208,64
DA:209,2488
DA:211,2488
DA:225,119
DA:226,34
DA:229,105
DA:239,2410
DA:240,211
DA:241,106
DA:243,105
DA:246,2199
DA:257,238
DA:258,93
DA:259,53
DA:261,21
DA:263,40
DA:266,10
DA:269,145
DA:272,33
DA:282,188
DA:283,55
DA:284,27
DA:285,17
DA:287,28
DA:290,4
DA:293,133
DA:296,2
BRDA:39,0,0,110226
BRDA:39,0,1,26956
BRDA:39,0,2,26956
BRDA:44,1,0,110226
BRDA:44,1,1,26956
BRDA:44,1,2,23440
BRDA:51,2,0,5889
BRDA:51,2,1,104337
BRDA:51,3,0,110226
BRDA:51,3,1,5889
BRDA:57,4,0,26985
BRDA:63,5,0,77410
BRDA:63,5,1,5860
BRDA:68,6,0,3545
BRDA:68,6,1,73865
BRDA:68,7,0,77410
BRDA:68,7,1,4717
BRDA:89,8,0,28
BRDA:100,9,0,28
BRDA:100,9,1,28
BRDA:113,10,0,54
BRDA:131,11,0,244
BRDA:149,12,0,12874
BRDA:198,13,0,966
BRDA:225,14,0,34
BRDA:239,15,0,211
BRDA:239,15,1,2199
BRDA:240,16,0,106
BRDA:240,16,1,105
BRDA:257,17,0,93
BRDA:257,17,1,145
BRDA:258,18,0,53
BRDA:258,18,1,40
BRDA:259,19,0,32
BRDA:259,20,0,53
BRDA:259,20,1,34
BRDA:263,21,0,30
BRDA:269,22,0,112
BRDA:282,23,0,55
BRDA:282,23,1,133
BRDA:283,24,0,27
BRDA:283,24,1,28
BRDA:284,25,0,10
BRDA:287,26,0,24
BRDA:293,27,0,131
end_of_record
SF:src/sections/shared/form/EditCreateCollectionForm/EditCreateCollectionForm.tsx
DA:25,61
DA:26,61
DA:27,61
DA:28,61
DA:29,61
DA:56,61
DA:63,2418
DA:64,2418
DA:66,2418
DA:68,2418
DA:74,2418
DA:83,2418
DA:89,2418
DA:98,2418
DA:102,2418
DA:103,2382
DA:107,2418
DA:110,2418
DA:111,1210
DA:114,2418
DA:115,2382
DA:121,2418
DA:122,2382
DA:123,7032
DA:124,7032
DA:128,2418
DA:130,2382
DA:131,1202
DA:133,1202
DA:134,1202
DA:139,4688
DA:146,2418
DA:151,2418
DA:158,2418
DA:159,2418
DA:160,1208
DA:164,2418
DA:165,1210
DA:168,4724
DA:169,36
DA:172,144
DA:174,144
DA:182,1172
DA:188,1172
DA:192,1172
DA:198,1172
DA:204,1172
DA:222,1172
DA:234,61
BRDA:68,0,0,2418
BRDA:68,0,1,161
BRDA:75,1,0,161
BRDA:75,1,1,2257
BRDA:90,2,0,161
BRDA:90,2,1,2257
BRDA:107,3,0,161
BRDA:107,3,1,2257
BRDA:146,4,0,2418
BRDA:146,4,1,1208
BRDA:146,4,2,1208
BRDA:146,4,3,1208
BRDA:159,5,0,1208
BRDA:164,6,0,1210
BRDA:168,7,0,36
BRDA:182,8,0,80
BRDA:182,8,1,1092
BRDA:184,9,0,1079
BRDA:184,9,1,13
BRDA:188,10,0,80
BRDA:188,10,1,1092
BRDA:190,11,0,1092
BRDA:190,11,1,13
BRDA:195,12,0,80
BRDA:195,12,1,1092
BRDA:201,13,0,80
BRDA:201,13,1,1092
BRDA:205,14,0,44
BRDA:205,14,1,1128
BRDA:209,15,0,80
BRDA:209,15,1,1092
BRDA:210,16,0,80
BRDA:210,16,1,1092
BRDA:212,17,0,80
BRDA:212,17,1,1092
BRDA:212,18,0,80
BRDA:212,18,1,44
BRDA:212,19,0,1092
BRDA:212,19,1,13
BRDA:214,20,0,80
BRDA:214,20,1,1092
BRDA:214,21,0,80
BRDA:214,21,1,44
BRDA:226,22,0,1092
BRDA:226,22,1,80
end_of_record
SF:src/sections/shared/form/EditCreateCollectionForm/EditCreateCollectionFormSkeleton.tsx
DA:1,427
DA:5,61
DA:6,1278
DA:75,61
BRDA:1,0,0,61
end_of_record
SF:src/sections/shared/form/EditCreateCollectionForm/types.ts
end_of_record
SF:src/sections/shared/form/EditCreateCollectionForm/collection-form/CollectionForm.tsx
DA:32,61
DA:41,2779
DA:42,2779
DA:43,2779
DA:44,2779
DA:45,2779
DA:47,2779
DA:52,2779
DA:54,2779
DA:64,47
DA:65,47
DA:69,2779
DA:70,37
DA:73,2779
DA:74,2159
DA:77,2779
DA:140,61
BRDA:64,0,0,47
BRDA:74,1,0,2159
BRDA:74,1,1,2159
BRDA:82,2,0,2779
BRDA:82,2,1,47
BRDA:87,3,0,2779
BRDA:87,3,1,114
BRDA:89,4,0,90
BRDA:89,4,1,24
BRDA:126,5,0,2633
BRDA:126,5,1,146
end_of_record
SF:src/sections/shared/form/EditCreateCollectionForm/collection-form/useSubmitCollection.ts
DA:22,61
DA:23,61
DA:24,61
DA:25,61
DA:26,61
DA:52,2779
DA:54,2779
DA:57,2779
DA:59,2779
DA:62,161
DA:65,161
DA:69,161
DA:74,647
DA:76,161
DA:78,161
DA:81,161
DA:84,161
DA:86,161
DA:89,161
DA:97,161
DA:104,161
DA:114,161
DA:128,161
DA:130,161
DA:131,128
DA:137,90
DA:138,90
DA:140,90
DA:143,90
DA:146,38
DA:147,38
DA:148,38
DA:149,38
DA:150,38
DA:153,33
DA:155,24
DA:156,24
DA:158,24
DA:161,24
DA:164,9
DA:165,9
DA:166,9
DA:167,9
DA:168,9
DA:173,2779
BRDA:22,0,0,61
BRDA:22,0,1,61
BRDA:121,1,0,30
BRDA:121,1,1,131
BRDA:124,2,0,30
BRDA:124,2,1,131
BRDA:125,3,0,3
BRDA:125,3,1,158
BRDA:130,4,0,128
BRDA:130,4,1,33
BRDA:147,5,0,38
BRDA:147,5,1,38
BRDA:165,6,0,9
BRDA:165,6,1,9
end_of_record
SF:src/sections/shared/form/EditCreateCollectionForm/collection-form/browse-search-facets-section/BrowseSearchFacetsSection.tsx
DA:30,61
DA:35,2834
DA:36,2834
DA:37,2834
DA:38,2834
DA:43,2834
DA:45,17004
DA:47,165556
DA:53,2834
DA:55,2834
DA:59,43
DA:61,107
DA:68,43
DA:71,2834
DA:72,55
DA:73,14
DA:74,14
DA:78,41
DA:83,41
DA:84,2419
DA:85,178
DA:91,41
DA:94,2834
DA:95,29
DA:98,2834
DA:133,327
DA:134,12
DA:136,315
DA:140,3012
DA:143,43
DA:160,61
BRDA:72,0,0,14
BRDA:107,1,0,2834
BRDA:107,1,1,2762
BRDA:133,2,0,12
BRDA:151,3,0,3012
BRDA:151,3,1,24
end_of_record
SF:src/sections/shared/form/EditCreateCollectionForm/collection-form/browse-search-facets-section/FacetsFromParentCheckbox.tsx
DA:13,61
DA:16,2762
DA:17,2762
DA:18,2762
DA:19,2762
DA:21,2762
DA:25,99
DA:26,29
DA:27,29
DA:29,99
DA:32,2762
DA:37,2885
DA:40,99
DA:55,61
BRDA:25,0,0,29
end_of_record
SF:src/sections/shared/form/EditCreateCollectionForm/collection-form/metadata-fields-section/MetadataFieldsSection.tsx
DA:18,61
DA:22,2779
DA:23,2779
DA:25,2779
DA:38,16674
DA:55,61
BRDA:34,0,0,2779
BRDA:34,0,1,2707
end_of_record
SF:src/sections/shared/form/EditCreateCollectionForm/collection-form/metadata-fields-section/fields-from-parent-checkbox/ConfirmResetModificationsModal.tsx
DA:10,61
DA:14,2819
DA:15,2819
DA:17,2819
DA:37,61
end_of_record
SF:src/sections/shared/form/EditCreateCollectionForm/collection-form/metadata-fields-section/fields-from-parent-checkbox/FieldsFromParentCheckbox.tsx
DA:17,2819
DA:18,2819
DA:19,2819
DA:20,2819
DA:21,2819
DA:22,2819
DA:24,2819
DA:25,27
DA:27,27
DA:30,27
DA:31,162
DA:37,27
DA:39,27
DA:42,2819
DA:43,2819
DA:45,2819
DA:47,2819
DA:54,2942
DA:56,351
DA:57,84
DA:59,267
DA:62,2942
DA:87,61
BRDA:56,0,0,84
BRDA:56,0,1,267
end_of_record
SF:src/sections/shared/form/EditCreateCollectionForm/collection-form/metadata-fields-section/metadata-input-level-fields-block/MetadataInputLevelFieldsBlock.tsx
DA:25,61
DA:31,23875
DA:32,23875
DA:33,23875
DA:34,23875
DA:38,23875
DA:43,23875
DA:45,23875
DA:48,23875
DA:52,23875
DA:54,23875
DA:60,23875
DA:62,23875
DA:63,167
DA:69,23875
DA:70,65
DA:76,23875
DA:77,39
DA:83,23875
DA:88,85
DA:89,49
DA:95,85
DA:98,85
DA:99,31
DA:101,4960
DA:103,31
DA:104,341
DA:112,23875
DA:113,8796
DA:114,6930
DA:121,23875
DA:129,24613
DA:131,85
DA:182,61
BRDA:54,0,0,4156
BRDA:54,0,1,19719
BRDA:56,1,0,360
BRDA:56,1,1,19359
BRDA:88,2,0,49
BRDA:98,3,0,31
BRDA:113,4,0,6930
BRDA:133,5,0,4279
BRDA:133,5,1,20334
BRDA:144,6,0,23875
BRDA:144,6,1,23245
BRDA:144,6,2,3741
BRDA:144,6,3,625
BRDA:153,7,0,23875
BRDA:153,7,1,23245
BRDA:153,7,2,3741
BRDA:153,7,3,3116
BRDA:161,8,0,23875
BRDA:161,8,1,23245
BRDA:161,8,2,19504
BRDA:176,9,0,630
BRDA:176,9,1,23245
end_of_record
SF:src/sections/shared/form/EditCreateCollectionForm/collection-form/metadata-fields-section/metadata-input-level-fields-block/input-levels-table/InputLevelFieldRow.tsx
DA:20,377713
DA:21,377713
DA:24,377713
DA:25,377713
DA:27,377713
DA:31,377713
DA:34,377713
DA:39,377713
DA:41,215776
DA:43,377713
DA:45,377713
DA:49,152
DA:51,105
DA:52,51
DA:56,54
DA:60,54
DA:61,170
DA:62,170
DA:67,105
DA:69,47
DA:73,377713
DA:82,377713
DA:84,152
DA:113,269804
DA:115,269804
DA:153,61
BRDA:34,0,0,377713
BRDA:34,0,1,93910
BRDA:34,0,2,93910
BRDA:39,1,0,377713
BRDA:39,1,1,93910
BRDA:39,1,2,81442
BRDA:49,2,0,105
BRDA:49,2,1,47
BRDA:51,3,0,51
BRDA:51,3,1,54
BRDA:87,4,0,377713
BRDA:87,4,1,375921
BRDA:87,4,2,355376
BRDA:94,5,0,377713
BRDA:94,5,1,20780
BRDA:99,6,0,377713
BRDA:99,6,1,283803
BRDA:99,6,2,275491
BRDA:110,7,0,377713
BRDA:110,7,1,93910
BRDA:113,8,0,269804
BRDA:113,8,1,20780
BRDA:121,9,0,269804
BRDA:121,9,1,267344
BRDA:121,9,2,16436
BRDA:127,10,0,12468
BRDA:127,10,1,257336
BRDA:127,11,0,269804
BRDA:127,11,1,16624
end_of_record
SF:src/sections/shared/form/EditCreateCollectionForm/collection-form/metadata-fields-section/metadata-input-level-fields-block/input-levels-table/InputLevelsTable.tsx
DA:1,427
DA:15,61
DA:21,23875
DA:32,377713
DA:38,61
BRDA:1,0,0,61
end_of_record
SF:src/sections/shared/form/EditCreateCollectionForm/collection-form/metadata-fields-section/metadata-input-level-fields-block/input-levels-table/RequiredOptionalRadios.tsx
DA:39,61
DA:49,532827
DA:50,532827
DA:53,532827
DA:55,532827
DA:56,581560
DA:57,581560
DA:59,532827
DA:63,532827
DA:68,170
DA:70,126
DA:71,63
DA:77,126
DA:79,63
DA:80,63
DA:82,63
DA:83,42
DA:87,21
DA:93,170
DA:96,532827
DA:101,532827
DA:103,532827
DA:104,221
DA:118,532606
DA:122,85
DA:133,85
DA:146,61
BRDA:55,0,0,532827
BRDA:55,0,1,275491
BRDA:68,1,0,126
BRDA:70,2,0,63
BRDA:70,3,0,126
BRDA:70,3,1,63
BRDA:77,4,0,63
BRDA:77,5,0,126
BRDA:77,5,1,63
BRDA:82,6,0,42
BRDA:82,6,1,21
BRDA:103,7,0,221
BRDA:132,8,0,528450
BRDA:132,8,1,4156
end_of_record
SF:src/sections/shared/form/EditCreateCollectionForm/collection-form/top-fields-section/ContactsField.tsx
DA:13,2779
DA:14,2779
DA:15,2779
DA:21,2779
DA:26,2779
DA:27,8143
DA:31,2779
DA:33,2779
DA:34,65
DA:44,2779
DA:46,2779
DA:56,2844
DA:62,4062
DA:84,65
DA:85,32
DA:96,61
end_of_record
SF:src/sections/shared/form/EditCreateCollectionForm/collection-form/top-fields-section/DescriptionField.tsx
DA:7,2779
DA:8,2779
DA:9,2779
DA:11,2779
DA:12,2779
DA:24,2779
DA:45,2902
DA:58,61
end_of_record
SF:src/sections/shared/form/EditCreateCollectionForm/collection-form/top-fields-section/IdentifierField.tsx
DA:8,61
DA:9,2941
DA:11,2843
DA:24,4479
DA:25,4479
DA:26,4479
DA:27,4479
DA:29,4479
DA:31,4479
DA:32,162
DA:34,4479
DA:45,5524
DA:82,61
BRDA:9,0,0,98
BRDA:60,1,0,5524
BRDA:60,1,1,5341
BRDA:60,1,2,4704
end_of_record
SF:src/sections/shared/form/EditCreateCollectionForm/collection-form/top-fields-section/TopFieldsSection.tsx
DA:17,2779
DA:18,2779
DA:19,2779
DA:21,2779
DA:25,2779
DA:29,2779
DA:36,1083
DA:37,480
DA:39,603
DA:43,2779
DA:45,2779
DA:48,1233
DA:49,926
DA:51,307
DA:55,2779
DA:70,2830
DA:99,4687
DA:123,3271
DA:151,2902
DA:160,2902
DA:184,3030
DA:193,27270
DA:211,61
BRDA:36,0,0,480
BRDA:48,1,0,926
BRDA:59,2,0,2779
BRDA:59,2,1,2707
end_of_record
SF:src/sections/shared/form/RequiredFieldText/RequiredFieldText.tsx
DA:4,989
DA:5,989
DA:7,989
DA:13,59
end_of_record
SF:src/sections/shared/hierarchy/BreadcrumbsGenerator.tsx
DA:1,624
DA:27,1587
DA:29,1587
DA:32,3087
DA:33,3087
DA:35,3087
DA:36,271
DA:43,2816
DA:44,1529
DA:54,1287
DA:72,78
DA:74,78
DA:80,156
DA:93,1287
DA:104,78
BRDA:1,0,0,78
BRDA:32,1,0,2579
BRDA:32,1,1,508
BRDA:35,2,0,271
BRDA:43,3,0,1529
BRDA:69,4,0,1587
BRDA:69,4,1,1316
BRDA:98,5,0,6
BRDA:98,5,1,1281
BRDA:99,6,0,6
BRDA:99,6,1,1281
end_of_record
SF:src/sections/shared/hierarchy/BreadcrumbsSkeleton.tsx
DA:1,385
DA:3,55
DA:4,295
DA:9,55
BRDA:1,0,0,55
end_of_record
SF:src/sections/shared/layout/SeparationLine/SeparationLine.tsx
DA:1,833
DA:2,119
DA:3,6029
DA:4,119
BRDA:1,0,0,119
end_of_record
SF:src/sections/shared/layout/app-loader/AppLoader.tsx
DA:1,21
DA:9,3
DA:10,5
DA:19,3
BRDA:1,0,0,3
BRDA:9,1,0,3
end_of_record
SF:src/sections/shared/link-to-page/LinkToPage.tsx
DA:1,1456
DA:18,156043
DA:20,156043
DA:21,3681
DA:24,152362
DA:25,208
DA:27,208
DA:28,154511
DA:29,299861
DA:31,208
BRDA:1,0,0,208
BRDA:18,1,0,154511
BRDA:18,1,1,1532
BRDA:20,2,0,3681
BRDA:20,3,0,156043
BRDA:20,3,1,3681
BRDA:20,3,2,3681
end_of_record
SF:src/sections/shared/pagination/PageNumbersButtons.tsx
DA:1,357
DA:9,51
DA:15,1013
DA:17,1013
DA:20,8308
DA:21,8308
DA:22,8308
DA:26,98
DA:33,51
BRDA:1,0,0,51
end_of_record
SF:src/sections/shared/pagination/PageNumbersButtonsWithEllipsis.tsx
DA:1,357
DA:15,1013
DA:16,1013
DA:17,1013
DA:18,1013
DA:24,1013
DA:31,2
DA:48,2
DA:54,51
DA:61,1013
DA:62,1013
DA:66,1013
DA:68,1013
DA:69,347
DA:70,347
DA:73,1013
DA:74,51
BRDA:1,0,0,51
BRDA:26,1,0,1013
BRDA:26,1,1,29
BRDA:42,2,0,1013
BRDA:42,2,1,666
BRDA:68,3,0,347
end_of_record
SF:src/sections/shared/pagination/PageSizeSelector.tsx
DA:4,46
DA:12,999
DA:13,999
DA:14,999
DA:16,999
DA:27,115
DA:30,2997
DA:37,46
end_of_record
SF:src/sections/shared/pagination/PaginationControls.tsx
DA:19,46
DA:20,46
DA:25,2081
DA:26,2081
DA:27,2081
DA:30,2081
DA:31,115
DA:33,2081
DA:34,24
DA:36,2081
DA:37,34
DA:39,2081
DA:40,115
DA:43,2081
DA:44,517
DA:47,2081
DA:48,617
DA:49,617
DA:50,0
DA:51,0
DA:52,0
DA:57,2081
DA:58,750
DA:61,2081
DA:62,402
DA:63,0
DA:64,0
DA:65,0
DA:66,0
DA:67,0
DA:72,2081
DA:73,1082
DA:75,999
DA:81,8
DA:85,24
DA:94,34
DA:98,17
DA:113,46
BRDA:23,0,0,2077
BRDA:24,1,0,2081
BRDA:49,2,0,0
BRDA:50,3,0,0
BRDA:62,4,0,0
BRDA:63,5,0,0
BRDA:64,6,0,0
BRDA:64,6,1,0
BRDA:72,7,0,1082
BRDA:102,8,0,999
BRDA:102,8,1,999
end_of_record
SF:src/sections/shared/pagination/PaginationResultsInfo.tsx
DA:13,11729
DA:14,11729
DA:16,11729
DA:18,7172
DA:26,11729
DA:27,11607
DA:31,11729
DA:49,135
BRDA:18,0,0,5
BRDA:18,0,1,7167
BRDA:20,1,0,152
BRDA:20,1,1,7015
BRDA:33,2,0,7172
BRDA:33,2,1,4557
end_of_record
SF:src/sections/upload-dataset-files/FileUploader.tsx
DA:18,19
DA:26,2545
DA:27,2545
DA:28,2545
DA:29,2545
DA:31,2545
DA:32,13
DA:33,13
DA:37,2545
DA:38,246
DA:39,203
DA:40,203
DA:45,2545
DA:47,0
DA:48,0
DA:49,0
DA:50,0
DA:51,0
DA:52,0
DA:53,0
DA:54,0
DA:60,2545
DA:61,13
DA:64,2545
DA:65,233
DA:68,2545
DA:69,0
DA:73,2545
DA:74,233
DA:75,233
DA:78,2545
DA:79,233
DA:80,233
DA:81,233
DA:82,233
DA:83,233
DA:84,233
DA:85,233
DA:86,0
DA:87,0
DA:88,233
DA:89,233
DA:90,233
DA:91,233
DA:95,233
DA:96,233
DA:97,0
DA:101,2545
DA:102,1238
DA:103,1238
DA:104,1416
DA:105,1416
DA:106,78
DA:108,1416
DA:113,2545
DA:115,2545
DA:118,13
DA:141,3151
DA:144,2463
DA:146,2393
DA:166,14
DA:180,19
BRDA:32,0,0,13
BRDA:32,1,0,13
BRDA:32,1,1,13
BRDA:38,2,0,203
BRDA:50,3,0,0
BRDA:50,3,1,0
BRDA:53,4,0,0
BRDA:83,5,0,233
BRDA:85,6,0,0
BRDA:85,6,1,233
BRDA:88,7,0,233
BRDA:96,8,0,0
BRDA:96,9,0,233
BRDA:96,9,1,0
BRDA:96,9,2,0
BRDA:105,10,0,78
BRDA:141,11,0,1439
BRDA:141,11,1,1106
BRDA:151,12,0,0
BRDA:151,12,1,2393
BRDA:157,13,0,203
BRDA:157,13,1,2190
end_of_record
SF:src/sections/upload-dataset-files/UploadDatasetFiles.tsx
DA:23,1492
DA:24,1492
DA:25,1492
DA:26,1492
DA:27,1473
DA:28,1473
DA:29,1473
DA:31,1473
DA:32,1473
DA:34,1473
DA:35,25
DA:36,25
DA:37,25
DA:39,25
DA:42,1473
DA:43,142
DA:44,142
DA:45,142
DA:48,284
DA:49,142
DA:51,142
DA:52,142
DA:56,142
DA:57,79
DA:58,79
DA:60,142
DA:64,1473
DA:65,203
DA:69,1473
DA:72,203
DA:73,0
DA:75,203
DA:76,203
DA:77,203
DA:82,142
DA:83,142
DA:86,25
DA:87,25
DA:89,717
DA:90,142
DA:92,203
DA:95,1473
DA:96,203
DA:97,203
DA:100,1473
DA:101,92
DA:102,92
DA:103,92
DA:104,14
DA:106,92
DA:107,92
DA:108,92
DA:112,1473
DA:113,14
DA:114,14
DA:117,1473
DA:118,210
DA:119,210
DA:120,230
DA:122,210
DA:126,1473
DA:127,78
DA:128,78
DA:131,1473
DA:132,41
DA:133,41
DA:134,82
DA:136,41
DA:140,1473
DA:141,17
DA:142,17
DA:143,15
DA:144,15
DA:146,17
DA:147,17
DA:148,17
DA:151,1473
DA:152,1250
DA:154,1473
DA:155,378
DA:158,1473
DA:159,189
DA:162,1284
DA:198,19
BRDA:48,0,0,142
BRDA:48,0,1,142
BRDA:65,1,0,203
BRDA:65,1,1,203
BRDA:65,1,2,203
BRDA:72,2,0,0
BRDA:103,3,0,14
BRDA:152,4,0,1026
BRDA:152,4,1,1001
BRDA:152,4,2,571
BRDA:158,5,0,189
BRDA:164,6,0,34
BRDA:164,6,1,1250
end_of_record
SF:src/sections/upload-dataset-files/UploadDatasetFilesFactory.tsx
end_of_record
SF:src/sections/upload-dataset-files/uploaded-files-list/UploadedFiles.tsx
DA:22,19
DA:29,1313
DA:30,1313
DA:31,1313
DA:32,1313
DA:33,1313
DA:34,1313
DA:39,1313
DA:40,1313
DA:41,1313
DA:42,1313
DA:43,1313
DA:44,35
DA:45,25
DA:46,25
DA:48,15
DA:49,10
DA:52,1313
DA:53,25
DA:54,15
DA:55,15
DA:56,25
DA:57,15
DA:59,25
DA:61,1313
DA:62,6
DA:63,2
DA:64,2
DA:65,4
DA:67,2
DA:69,2
DA:71,6
DA:73,1313
DA:74,6
DA:75,6
DA:76,6
DA:77,6
DA:79,6
DA:81,1313
DA:82,6
DA:83,6
DA:84,3
DA:86,3
DA:88,6
DA:90,1313
DA:91,8
DA:92,8
DA:95,1313
DA:121,6
DA:122,6
DA:130,538
DA:141,6
DA:159,10
DA:168,6
DA:187,19
BRDA:44,0,0,25
BRDA:44,0,1,10
BRDA:53,1,0,15
BRDA:62,2,0,2
BRDA:65,3,0,4
BRDA:83,4,0,3
BRDA:83,4,1,3
BRDA:127,5,0,393
BRDA:127,5,1,920
end_of_record
SF:src/sections/upload-dataset-files/uploaded-files-list/add-tags-modal/AddTagsModal.tsx
DA:19,1405
DA:20,1405
DA:21,1405
DA:22,1405
DA:23,1405
DA:24,6
DA:25,6
DA:27,1405
DA:28,1405
DA:29,6
DA:30,6
DA:31,6
DA:32,6
DA:35,1405
DA:36,90
DA:37,4
DA:38,4
DA:41,1405
DA:42,2
DA:56,12
DA:58,2
DA:82,86
DA:99,4685
DA:102,8
DA:121,2
DA:128,2
DA:135,19
BRDA:29,0,0,6
BRDA:29,1,0,6
BRDA:29,1,1,6
BRDA:36,2,0,4
BRDA:102,3,0,4
end_of_record
SF:src/sections/upload-dataset-files/uploaded-files-list/file-form/FileForm.tsx
DA:15,650
DA:16,650
DA:17,650
DA:18,650
DA:19,650
DA:20,52
DA:21,52
DA:23,650
DA:24,52
DA:25,52
DA:27,650
DA:28,52
DA:29,52
DA:31,650
DA:32,8
DA:33,4
DA:35,4
DA:37,8
DA:39,650
DA:40,116
DA:41,4
DA:42,4
DA:45,650
DA:46,8
DA:47,8
DA:48,8
DA:49,8
DA:50,8
DA:54,650
DA:67,52
DA:82,52
DA:95,52
DA:108,2372
DA:123,112
DA:142,19
BRDA:32,0,0,4
BRDA:32,0,1,4
BRDA:40,1,0,4
BRDA:46,2,0,8
BRDA:46,3,0,8
BRDA:46,3,1,8
BRDA:109,4,0,392
BRDA:109,4,1,1980
BRDA:111,5,0,392
BRDA:111,5,1,1980
end_of_record
SF:src/sections/upload-dataset-files/uploaded-files-list/files-header/FilesHeader.tsx
DA:26,19
DA:36,1434
DA:37,1434
DA:38,1434
DA:39,1434
DA:40,1434
DA:41,9
DA:42,9
DA:43,9
DA:44,9
DA:46,1434
DA:47,17
DA:48,17
DA:49,5
DA:51,12
DA:55,1434
DA:56,25
DA:58,1434
DA:59,5
DA:60,10
DA:61,10
DA:63,5
DA:64,5
DA:67,1434
DA:68,861
DA:71,1434
DA:102,20
DA:105,5
DA:115,19
BRDA:48,0,0,5
BRDA:48,0,1,12
end_of_record
SF:src/sections/upload-dataset-files/uploaded-files-list/restriction-modal/RestrictionModal.tsx
DA:19,19
DA:24,1383
DA:25,1383
DA:26,1383
DA:27,1383
DA:28,1383
DA:29,25
DA:31,1383
DA:32,5
DA:53,5
DA:66,65
DA:77,15
DA:83,5
DA:90,19
BRDA:78,0,0,1383
BRDA:78,0,1,105
end_of_record
SF:src/sections/route.enum.ts
DA:1,108
DA:2,108
DA:3,108
DA:4,108
DA:5,108
BRDA:1,0,0,108
BRDA:1,0,1,108
end_of_record
SF:src/sections/hello-dataverse/Home.tsx
DA:5,76
DA:6,76
DA:8,38
DA:24,38
end_of_record
SF:packages/design-system/packages/design-system/src/lib/components/Icon.enum.ts
DA:1,72
DA:2,72
DA:3,72
DA:4,72
DA:5,72
DA:6,72
DA:7,72
DA:8,72
DA:9,72
DA:10,72
DA:11,72
DA:12,72
DA:13,72
DA:14,72
DA:15,72
DA:16,72
BRDA:1,0,0,72
BRDA:1,0,1,72
end_of_record
SF:packages/design-system/packages/design-system/src/lib/components/accordion/Accordion.tsx
DA:1,168
DA:14,54
DA:19,24
DA:21,24
DA:22,24
DA:23,24
DA:25,24
BRDA:1,0,0,24
BRDA:13,1,0,24
end_of_record
SF:packages/design-system/packages/design-system/src/lib/components/accordion/AccordionBody.tsx
DA:1,168
DA:8,24
DA:9,108
DA:10,24
BRDA:1,0,0,24
end_of_record
SF:packages/design-system/packages/design-system/src/lib/components/accordion/AccordionHeader.tsx
DA:1,168
DA:8,24
DA:9,108
DA:10,24
BRDA:1,0,0,24
end_of_record
SF:packages/design-system/packages/design-system/src/lib/components/accordion/AccordionItem.tsx
DA:1,168
[...]
DA:1,1512
DA:11,216
DA:12,42
DA:19,216
BRDA:1,0,0,216
end_of_record
SF:packages/design-system/packages/design-system/src/lib/components/tooltip/overlay-trigger/Tooltip.tsx
DA:1,1368
DA:10,228
DA:11,114
DA:19,228
BRDA:1,0,0,228
BRDA:1,1,0,0
end_of_record
SF:packages/design-system/src/lib/components/accordion/Accordion.tsx
DA:1,630
DA:13,70
DA:15,18
DA:25,70
DA:26,70
DA:28,70
DA:32,70
DA:34,210
BRDA:1,0,0,70
BRDA:14,1,0,8
end_of_record
SF:packages/design-system/src/lib/components/accordion/AccordionBody.tsx
DA:1,490
DA:10,70
DA:11,36
DA:12,70
BRDA:1,0,0,70
end_of_record
SF:packages/design-system/src/lib/components/accordion/AccordionHeader.tsx
DA:1,490
DA:11,70
DA:12,36
DA:13,70
BRDA:1,0,0,70
end_of_record
SF:packages/design-system/src/lib/components/accordion/AccordionItem.tsx
DA:1,490
DA:11,70
DA:12,36
DA:13,70
BRDA:1,0,0,70
end_of_record
SF:packages/design-system/src/lib/components/alert/Alert.tsx
DA:14,78
DA:19,76
DA:25,76
DA:28,76
DA:30,76
DA:32,76
DA:35,6
DA:43,78
DA:44,78
DA:46,78
BRDA:14,0,0,72
BRDA:28,1,0,76
BRDA:28,1,1,76
BRDA:34,2,0,76
BRDA:34,2,1,70
end_of_record
SF:packages/design-system/src/lib/components/alert/AlertIcon.tsx
DA:1,546
DA:12,78
DA:16,70
DA:23,70
DA:25,70
DA:30,78
BRDA:1,0,0,78
end_of_record
SF:packages/design-system/src/lib/components/alert/AlertLink.tsx
DA:1,546
DA:8,78
DA:9,14
DA:10,78
BRDA:1,0,0,78
end_of_record
SF:packages/design-system/src/lib/components/alert/AlertVariant.ts
end_of_record
SF:packages/design-system/src/lib/components/badge/Badge.tsx
DA:1,490
DA:10,70
DA:11,18
DA:16,70
BRDA:1,0,0,70
BRDA:10,1,0,4
end_of_record
SF:packages/design-system/src/lib/components/breadcrumb/Breadcrumb.tsx
DA:1,490
DA:10,18
DA:11,70
DA:13,70
DA:15,70
BRDA:1,0,0,70
end_of_record
SF:packages/design-system/src/lib/components/breadcrumb/BreadcrumbItem.tsx
DA:1,546
DA:10,78
DA:17,18
DA:22,78
BRDA:1,0,0,78
end_of_record
SF:packages/design-system/src/lib/components/button/Button.tsx
DA:1,1232
DA:22,176
DA:33,134286
DA:47,176
BRDA:1,0,0,176
BRDA:24,1,0,3972
BRDA:25,2,0,112016
BRDA:36,3,0,0
BRDA:36,3,1,134286
BRDA:38,4,0,13566
BRDA:38,4,1,120720
BRDA:43,5,0,22
BRDA:43,5,1,134264
end_of_record
SF:packages/design-system/src/lib/components/button-group/ButtonGroup.tsx
DA:1,840
DA:10,120
DA:16,43410
DA:24,120
BRDA:1,0,0,120
BRDA:19,1,0,12
BRDA:19,1,1,43398
end_of_record
SF:packages/design-system/src/lib/components/button-group/ButtonToolbar.tsx
end_of_record
SF:packages/design-system/src/lib/components/card/Card.tsx
DA:1,462
DA:11,4
DA:12,66
DA:14,66
DA:15,66
DA:17,66
BRDA:1,0,0,66
end_of_record
SF:packages/design-system/src/lib/components/card/CardBody.tsx
DA:1,462
DA:4,66
DA:5,4
DA:6,66
BRDA:1,0,0,66
end_of_record
SF:packages/design-system/src/lib/components/card/CardHeader.tsx
DA:1,462
DA:4,66
DA:5,4
DA:6,66
BRDA:1,0,0,66
end_of_record
SF:packages/design-system/src/lib/components/close-button/CloseButton.tsx
DA:1,504
DA:8,72
DA:9,28
DA:10,72
BRDA:1,0,0,72
BRDA:8,1,0,28
end_of_record
SF:packages/design-system/src/lib/components/dropdown-button/DropdownButton.tsx
DA:1,434
DA:23,62
DA:35,108
DA:53,62
BRDA:1,0,0,62
BRDA:26,1,0,40
BRDA:37,2,0,10
BRDA:37,2,1,98
BRDA:41,3,0,16
BRDA:41,3,1,92
BRDA:45,4,0,108
BRDA:45,4,1,108
BRDA:47,5,0,12
BRDA:47,5,1,96
end_of_record
SF:packages/design-system/src/lib/components/dropdown-button/dropdown-button-item/DropdownButtonItem.tsx
DA:1,490
DA:13,70
DA:22,18
DA:33,70
BRDA:1,0,0,70
end_of_record
SF:packages/design-system/src/lib/components/dropdown-button/dropdown-header/DropdownHeader.tsx
DA:1,462
DA:8,66
DA:9,4
DA:10,66
BRDA:1,0,0,66
end_of_record
SF:packages/design-system/src/lib/components/dropdown-button/dropdown-separator/DropdownSeparator.tsx
DA:1,434
DA:3,62
DA:4,6
DA:5,62
BRDA:1,0,0,62
end_of_record
SF:packages/design-system/src/lib/components/form/Form.tsx
DA:1,1190
DA:16,32
DA:21,170
DA:23,170
DA:24,170
DA:25,170
DA:26,170
DA:27,170
DA:28,170
BRDA:1,0,0,170
end_of_record
SF:packages/design-system/src/lib/components/form/form-checkbox-group/FormCheckboxGroup.tsx
DA:1,1190
DA:16,170
DA:24,88
DA:25,88
DA:41,170
BRDA:1,0,0,170
BRDA:24,1,0,6
BRDA:24,1,1,82
BRDA:24,2,0,4
BRDA:24,2,1,78
BRDA:29,3,0,88
BRDA:29,3,1,26
BRDA:30,4,0,88
BRDA:30,4,1,12
end_of_record
SF:packages/design-system/src/lib/components/form/form-group/FormGroup.tsx
DA:1,1456
DA:21,234
DA:26,208
DA:28,208
DA:29,208
DA:30,208
DA:31,208
DA:32,208
DA:33,208
DA:34,208
DA:35,208
DA:36,208
DA:38,208
BRDA:1,0,0,208
BRDA:20,1,0,134
end_of_record
SF:packages/design-system/src/lib/components/form/form-group-multiple-fields/FormGroupWithMultipleFields.tsx
DA:1,1440
DA:14,180
DA:15,28
DA:19,180
DA:21,360
DA:27,28
DA:37,180
BRDA:1,0,0,180
BRDA:16,1,0,28
BRDA:16,1,1,10
BRDA:17,2,0,28
BRDA:17,2,1,6
end_of_record
SF:packages/design-system/src/lib/components/form/form-group/form-element/FormCheckbox.tsx
DA:1,1664
DA:14,416
DA:18,6062
DA:32,208
BRDA:1,0,0,208
end_of_record
SF:packages/design-system/src/lib/components/form/form-group/form-element/FormElementLayout.tsx
end_of_record
SF:packages/design-system/src/lib/components/form/form-group/form-element/FormFeedback.tsx
DA:1,1456
DA:11,208
DA:17,76
DA:22,208
BRDA:1,0,0,208
BRDA:12,1,0,0
end_of_record
SF:packages/design-system/src/lib/components/form/form-group/form-element/FormInput.tsx
DA:1,1664
DA:19,416
DA:35,202
DA:52,208
BRDA:1,0,0,208
BRDA:21,1,0,30
end_of_record
SF:packages/design-system/src/lib/components/form/form-group/form-element/FormLabel.tsx
DA:1,1456
DA:14,208
DA:22,224
DA:29,208
BRDA:1,0,0,208
BRDA:25,1,0,224
BRDA:25,1,1,14
BRDA:26,2,0,224
BRDA:26,2,1,10
end_of_record
SF:packages/design-system/src/lib/components/form/form-group/form-element/FormRadio.tsx
DA:1,1664
DA:13,416
DA:17,258
DA:31,208
BRDA:1,0,0,208
end_of_record
SF:packages/design-system/src/lib/components/form/form-group/form-element/FormSelect.tsx
DA:1,1664
DA:15,416
DA:27,18
DA:39,208
BRDA:1,0,0,208
end_of_record
SF:packages/design-system/src/lib/components/form/form-group/form-element/FormSelectAdvanced.tsx
DA:1,1664
DA:9,208
DA:11,10
DA:13,208
DA:15,416
BRDA:1,0,0,208
end_of_record
SF:packages/design-system/src/lib/components/form/form-group/form-element/FormText.tsx
DA:1,1456
DA:4,208
DA:5,4
DA:6,208
BRDA:1,0,0,208
end_of_record
SF:packages/design-system/src/lib/components/form/form-group/form-element/FormTextArea.tsx
DA:1,1664
DA:14,416
DA:18,4
DA:32,208
BRDA:1,0,0,208
end_of_record
SF:packages/design-system/src/lib/components/form/form-group/form-input-group/FormInputGroup.tsx
DA:1,1232
DA:12,10
DA:17,176
DA:19,176
DA:21,176
BRDA:1,0,0,176
BRDA:11,1,0,10
end_of_record
SF:packages/design-system/src/lib/components/form/form-group/form-input-group/FormInputGroupText.tsx
DA:1,1232
DA:4,176
DA:5,6
DA:6,176
BRDA:1,0,0,176
end_of_record
SF:packages/design-system/src/lib/components/form/form-radio-group/FormRadioGroup.tsx
DA:1,1190
DA:16,170
DA:24,108
DA:25,108
DA:41,170
BRDA:1,0,0,170
BRDA:24,1,0,8
BRDA:24,1,1,100
BRDA:24,2,0,6
BRDA:24,2,1,94
BRDA:29,3,0,108
BRDA:29,3,1,30
BRDA:30,4,0,108
BRDA:30,4,1,14
end_of_record
SF:packages/design-system/src/lib/components/form/required-input-symbol/RequiredInputSymbol.tsx
DA:1,1456
DA:3,208
DA:4,80
DA:10,208
BRDA:1,0,0,208
end_of_record
SF:packages/design-system/src/lib/components/grid/Col.tsx
DA:1,1260
DA:21,180
DA:22,648
DA:23,180
BRDA:1,0,0,180
end_of_record
SF:packages/design-system/src/lib/components/grid/Container.tsx
DA:1,490
DA:9,70
DA:10,18
DA:11,70
BRDA:1,0,0,70
end_of_record
SF:packages/design-system/src/lib/components/grid/Row.tsx
DA:1,1456
DA:14,208
DA:15,358
DA:16,208
BRDA:1,0,0,208
end_of_record
SF:packages/design-system/src/lib/components/icon/Icon.tsx
DA:1,1232
DA:3,176
DA:4,42
DA:5,176
BRDA:1,0,0,176
end_of_record
SF:packages/design-system/src/lib/components/icon/IconName.ts
DA:1,80
DA:2,80
DA:3,80
DA:4,80
DA:5,80
DA:6,80
DA:7,80
DA:8,80
DA:9,80
DA:10,80
DA:11,80
DA:12,80
DA:13,80
DA:14,80
DA:15,80
DA:16,80
BRDA:1,0,0,80
BRDA:1,0,1,80
end_of_record
SF:packages/design-system/src/lib/components/modal/Modal.tsx
DA:1,826
DA:16,8692
DA:21,118
DA:23,118
DA:24,118
DA:25,118
DA:26,118
DA:28,118
BRDA:1,0,0,118
end_of_record
SF:packages/design-system/src/lib/components/modal/ModalBody.tsx
DA:1,826
DA:4,118
DA:5,118
DA:6,118
BRDA:1,0,0,118
end_of_record
SF:packages/design-system/src/lib/components/modal/ModalFooter.tsx
DA:1,826
DA:4,118
DA:5,108
DA:6,118
BRDA:1,0,0,118
end_of_record
SF:packages/design-system/src/lib/components/modal/ModalHeader.tsx
DA:1,826
DA:4,118
DA:5,118
DA:6,118
BRDA:1,0,0,118
end_of_record
SF:packages/design-system/src/lib/components/modal/ModalTitle.tsx
DA:1,826
DA:4,118
DA:5,118
DA:6,118
BRDA:1,0,0,118
end_of_record
SF:packages/design-system/src/lib/components/navbar/Navbar.tsx
DA:1,490
DA:20,18
DA:34,70
DA:36,70
DA:37,70
DA:39,70
BRDA:1,0,0,70
end_of_record
SF:packages/design-system/src/lib/components/navbar/NavbarLink.tsx
DA:1,490
DA:8,70
DA:9,20
DA:10,70
BRDA:1,0,0,70
end_of_record
SF:packages/design-system/src/lib/components/navbar/navbar-dropdown/NavbarDropdown.tsx
DA:1,490
DA:11,10
DA:16,70
DA:18,70
DA:20,70
BRDA:1,0,0,70
end_of_record
SF:packages/design-system/src/lib/components/navbar/navbar-dropdown/NavbarDropdownItem.tsx
DA:1,490
DA:11,70
DA:20,8
DA:22,8
DA:27,70
BRDA:1,0,0,70
end_of_record
SF:packages/design-system/src/lib/components/offcanvas/Offcanvas.tsx
DA:1,490
DA:17,70
DA:25,38
DA:35,70
DA:37,70
DA:38,70
DA:39,70
DA:41,70
BRDA:1,0,0,70
BRDA:19,1,0,8
end_of_record
SF:packages/design-system/src/lib/components/offcanvas/OffcanvasBody.tsx
DA:1,490
DA:8,70
DA:9,58
DA:10,70
BRDA:1,0,0,70
end_of_record
SF:packages/design-system/src/lib/components/offcanvas/OffcanvasHeader.tsx
DA:1,490
DA:9,70
DA:14,58
DA:19,70
BRDA:1,0,0,70
BRDA:10,1,0,58
BRDA:11,2,0,12
end_of_record
SF:packages/design-system/src/lib/components/offcanvas/OffcanvasTitle.tsx
DA:1,490
DA:7,70
DA:8,58
DA:9,70
BRDA:1,0,0,70
end_of_record
SF:packages/design-system/src/lib/components/pagination/Pagination.tsx
DA:1,784
DA:11,4
DA:12,112
DA:14,112
DA:15,112
DA:16,112
DA:17,112
DA:18,112
DA:19,112
DA:21,112
BRDA:1,0,0,112
end_of_record
SF:packages/design-system/src/lib/components/pagination/PaginationEllipsis.tsx
DA:1,784
DA:3,112
DA:4,4
DA:5,112
BRDA:1,0,0,112
end_of_record
SF:packages/design-system/src/lib/components/pagination/PaginationFirst.tsx
DA:1,784
DA:7,112
DA:8,18
DA:9,112
BRDA:1,0,0,112
end_of_record
SF:packages/design-system/src/lib/components/pagination/PaginationItem.tsx
DA:1,784
DA:9,112
DA:10,28
DA:15,112
BRDA:1,0,0,112
end_of_record
SF:packages/design-system/src/lib/components/pagination/PaginationLast.tsx
DA:1,784
DA:7,112
DA:8,18
DA:9,112
BRDA:1,0,0,112
end_of_record
SF:packages/design-system/src/lib/components/pagination/PaginationNext.tsx
DA:1,784
DA:7,112
DA:8,18
DA:9,112
BRDA:1,0,0,112
end_of_record
SF:packages/design-system/src/lib/components/pagination/PaginationPrev.tsx
DA:1,784
DA:7,112
DA:8,18
DA:9,112
BRDA:1,0,0,112
end_of_record
SF:packages/design-system/src/lib/components/progress-bar/ProgressBar.tsx
DA:1,462
DA:11,66
DA:16,4
DA:30,66
BRDA:1,0,0,66
BRDA:13,1,0,4
BRDA:21,2,0,4
BRDA:21,2,1,0
end_of_record
SF:packages/design-system/src/lib/components/rich-text-editor/EditorActions.tsx
DA:28,110
DA:48,8674
DA:49,8674
DA:50,8674
DA:52,8674
DA:53,8674
DA:55,8674
DA:56,20
DA:58,20
DA:59,12
DA:61,8
DA:63,20
DA:66,8674
DA:67,8674
DA:69,8674
DA:70,8674
DA:72,8674
DA:73,8674
DA:75,8674
DA:76,8674
DA:78,8674
DA:79,8674
DA:81,8674
DA:82,8674
DA:84,8674
DA:85,8674
DA:87,8674
DA:88,8674
DA:90,8674
DA:91,8674
DA:93,8674
DA:94,8674
DA:96,8674
DA:97,8674
DA:99,8674
DA:100,8674
DA:102,8674
DA:103,8674
DA:105,8674
DA:334,110
BRDA:58,0,0,12
BRDA:58,0,1,8
BRDA:67,1,0,8674
BRDA:67,1,1,8594
BRDA:70,2,0,8674
BRDA:70,2,1,8594
BRDA:73,3,0,8674
BRDA:73,3,1,8594
BRDA:76,4,0,8674
BRDA:76,4,1,8594
BRDA:79,5,0,8674
BRDA:79,5,1,8594
BRDA:82,6,0,8674
BRDA:82,6,1,8594
BRDA:85,7,0,8674
BRDA:85,7,1,8594
BRDA:88,8,0,8674
BRDA:88,8,1,8594
BRDA:91,9,0,8674
BRDA:91,9,1,8594
BRDA:94,10,0,8674
BRDA:94,10,1,8594
BRDA:97,11,0,8674
BRDA:97,11,1,8594
BRDA:100,12,0,8674
BRDA:100,12,1,8594
BRDA:112,13,0,72
BRDA:112,13,1,8602
BRDA:123,14,0,68
BRDA:123,14,1,8606
BRDA:134,15,0,64
BRDA:134,15,1,8610
BRDA:149,16,0,60
BRDA:149,16,1,8614
BRDA:161,17,0,56
BRDA:161,17,1,8618
BRDA:175,18,0,52
BRDA:175,18,1,8622
BRDA:188,19,0,48
BRDA:188,19,1,8626
BRDA:205,20,0,44
BRDA:205,20,1,8630
BRDA:218,21,0,40
BRDA:218,21,1,8634
BRDA:244,22,0,36
BRDA:244,22,1,8638
BRDA:256,23,0,32
BRDA:256,23,1,8642
BRDA:269,24,0,28
BRDA:269,24,1,8646
BRDA:287,25,0,8674
BRDA:287,25,1,8594
BRDA:297,26,0,8674
BRDA:297,26,1,8594
BRDA:310,27,0,8674
BRDA:310,27,1,8674
BRDA:316,28,0,8674
BRDA:316,28,1,8674
BRDA:325,29,0,8674
BRDA:325,29,1,8674
BRDA:328,30,0,8674
BRDA:328,30,1,8674
end_of_record
SF:packages/design-system/src/lib/components/rich-text-editor/RichTextEditor.tsx
DA:22,110
DA:29,8664
DA:30,8664
DA:56,6484
DA:59,8664
DA:60,598
DA:63,8664
DA:71,110
BRDA:45,0,0,8664
BRDA:45,0,1,8664
BRDA:52,1,0,8664
BRDA:52,1,1,8568
BRDA:53,2,0,8664
BRDA:53,2,1,88
BRDA:56,3,0,6484
BRDA:56,3,1,608
BRDA:60,4,0,598
BRDA:60,5,0,40
BRDA:60,5,1,558
end_of_record
SF:packages/design-system/src/lib/components/rich-text-editor/defaultLocales.ts
DA:11,110
end_of_record
SF:packages/design-system/src/lib/components/select-advanced/SelectAdvanced.tsx
DA:18,312
DA:22,312
DA:52,312
DA:66,6534
DA:67,6534
DA:68,2944
DA:71,6534
DA:81,6534
DA:82,6534
DA:84,6534
DA:86,2912
DA:88,982
DA:93,6534
DA:94,6352
DA:97,6352
DA:99,180
DA:100,72
DA:104,180
DA:105,28
DA:107,16
DA:108,32
DA:111,16
DA:115,180
DA:118,152
DA:120,16
DA:121,16
DA:123,180
DA:126,6534
DA:127,530
DA:128,530
DA:132,6534
DA:133,1000
DA:135,1000
DA:136,826
DA:137,826
DA:139,826
DA:141,494
DA:142,174
DA:144,174
DA:149,6534
DA:150,1262
DA:151,102
DA:153,1160
DA:155,1160
DA:159,6534
DA:160,100
DA:161,100
DA:163,100
DA:167,6534
DA:168,620
DA:170,432
DA:174,432
DA:176,432
DA:179,188
DA:180,552
DA:183,188
DA:185,188
DA:189,6534
DA:220,110
DA:221,312
DA:223,624
BRDA:59,0,0,5764
BRDA:60,1,0,6468
BRDA:61,2,0,6476
BRDA:68,3,0,1636
BRDA:68,3,1,1308
BRDA:68,4,0,1308
BRDA:68,4,1,1228
BRDA:76,5,0,6534
BRDA:76,5,1,6294
BRDA:86,6,0,1930
BRDA:97,7,0,6172
BRDA:99,8,0,78
BRDA:99,8,1,102
BRDA:104,9,0,16
BRDA:104,10,0,180
BRDA:104,10,1,78
BRDA:115,11,0,16
BRDA:116,12,0,180
BRDA:116,12,1,102
BRDA:116,12,2,48
BRDA:135,13,0,826
BRDA:135,13,1,174
BRDA:150,14,0,102
BRDA:168,15,0,432
BRDA:168,15,1,188
BRDA:170,16,0,94
BRDA:170,16,1,338
BRDA:179,17,0,92
BRDA:179,17,1,96
BRDA:191,18,0,3880
BRDA:191,18,1,2654
BRDA:192,19,0,58
BRDA:192,19,1,6476
BRDA:201,20,0,6534
BRDA:201,20,1,6294
BRDA:216,21,0,6534
BRDA:216,21,1,6294
end_of_record
SF:packages/design-system/src/lib/components/select-advanced/SelectAdvancedMenu.tsx
DA:20,312
DA:33,6534
DA:34,6534
DA:35,6534
DA:36,6534
DA:38,6534
DA:40,6534
DA:42,6534
DA:44,552
DA:45,9392
DA:48,6534
DA:58,103500
DA:97,37158
DA:98,17238
DA:105,1262
DA:113,19920
DA:140,312
BRDA:38,0,0,552
BRDA:38,0,1,5982
BRDA:40,1,0,6534
BRDA:40,1,1,626
BRDA:42,2,0,6460
BRDA:42,2,1,74
BRDA:43,3,0,552
BRDA:43,3,1,5908
BRDA:63,4,0,6534
BRDA:63,4,1,2654
BRDA:63,4,2,6320
BRDA:65,5,0,6320
BRDA:65,5,1,3880
BRDA:76,6,0,6320
BRDA:76,6,1,5764
BRDA:87,7,0,6320
BRDA:87,7,1,3880
BRDA:87,7,2,556
BRDA:95,8,0,6534
BRDA:95,8,1,6460
BRDA:97,9,0,17238
BRDA:102,10,0,2570
BRDA:102,10,1,14668
BRDA:105,11,0,162
BRDA:105,11,1,1100
BRDA:106,12,0,14668
BRDA:106,12,1,2570
BRDA:133,13,0,6534
BRDA:133,13,1,74
end_of_record
SF:packages/design-system/src/lib/components/select-advanced/SelectAdvancedToggle.tsx
DA:1,2496
DA:17,312
DA:31,6534
DA:58,5320
DA:60,100
DA:66,100
DA:86,312
DA:88,624
BRDA:1,0,0,312
BRDA:33,1,0,66
BRDA:33,1,1,6468
BRDA:45,2,0,58
BRDA:45,2,1,6476
BRDA:51,3,0,3088
BRDA:51,3,1,3446
BRDA:56,4,0,1834
BRDA:56,4,1,1254
end_of_record
SF:packages/design-system/src/lib/components/select-advanced/selectAdvancedReducer.ts
DA:1,338
DA:6,6714
DA:50,338
DA:54,3814
DA:56,2012
DA:57,830
DA:62,1182
DA:69,326
DA:71,662
DA:76,486
DA:85,224
DA:90,584
DA:95,552
DA:101,188
DA:106,26
DA:110,338
DA:117,552
DA:119,2760
DA:121,452
DA:122,2676
DA:126,338
DA:131,338
DA:136,338
DA:140,338
DA:144,338
DA:149,338
BRDA:8,0,0,4028
BRDA:8,0,1,2686
BRDA:9,1,0,4028
BRDA:9,1,1,3676
BRDA:10,2,0,2686
BRDA:10,2,1,2414
BRDA:54,3,0,2012
BRDA:54,3,1,326
BRDA:54,3,2,486
BRDA:54,3,3,224
BRDA:54,3,4,552
BRDA:54,3,5,188
BRDA:54,3,6,26
BRDA:56,4,0,830
BRDA:56,4,1,1182
BRDA:79,5,0,126
BRDA:79,5,1,360
BRDA:88,6,0,108
BRDA:88,6,1,116
BRDA:117,7,0,100
end_of_record
SF:packages/design-system/src/lib/components/select-advanced/useIsFirstRender.ts
DA:4,6534
DA:6,6534
DA:7,2764
DA:8,2764
DA:11,3770
BRDA:6,0,0,2764
end_of_record
SF:packages/design-system/src/lib/components/select-advanced/utils.ts
DA:7,6534
DA:8,1850
DA:9,1320
DA:11,1850
DA:16,6384
DA:17,6
DA:20,6378
DA:21,184
DA:24,6194
DA:25,6194
DA:27,6194
DA:28,38784
DA:29,4
DA:33,6190
BRDA:8,0,0,1320
BRDA:16,1,0,6
BRDA:16,2,0,6384
BRDA:16,2,1,6
BRDA:20,3,0,184
BRDA:28,4,0,4
end_of_record
SF:packages/design-system/src/lib/components/spinner/Spinner.tsx
DA:1,462
DA:23,66
DA:30,4
DA:35,66
BRDA:1,0,0,66
BRDA:24,1,0,4
BRDA:27,2,0,4
end_of_record
SF:packages/design-system/src/lib/components/stack/Stack.tsx
DA:1,714
DA:11,102
DA:19,2106
DA:21,2106
DA:26,102
BRDA:1,0,0,102
BRDA:12,1,0,12
BRDA:13,2,0,14
BRDA:19,3,0,2106
BRDA:19,3,1,2106
end_of_record
SF:packages/design-system/src/lib/components/table/Table.tsx
DA:1,462
DA:9,66
DA:10,4
DA:15,66
BRDA:1,0,0,66
BRDA:9,1,0,4
end_of_record
SF:packages/design-system/src/lib/components/tabs/Tab.tsx
end_of_record
SF:packages/design-system/src/lib/components/tabs/Tabs.tsx
DA:1,490
DA:10,18
DA:11,70
DA:13,70
DA:15,70
BRDA:1,0,0,70
end_of_record
SF:packages/design-system/src/lib/components/theme/BaseTheme.ts
DA:46,566
end_of_record
SF:packages/design-system/src/lib/components/theme/ThemeContext.ts
DA:4,566
end_of_record
SF:packages/design-system/src/lib/components/theme/ThemeProvider.tsx
DA:12,14
DA:13,566
DA:15,566
BRDA:11,0,0,10
end_of_record
SF:packages/design-system/src/lib/components/tooltip/Tooltip.tsx
DA:1,1320
DA:12,220
DA:13,64
DA:21,220
BRDA:1,0,0,220
BRDA:1,1,0,0
BRDA:12,2,0,64
end_of_record
SF:packages/design-system/src/lib/components/tooltip/question-mark-tooltip/QuestionIcon.tsx
DA:1,1512
DA:3,216
DA:4,60
DA:5,216
BRDA:1,0,0,216
end_of_record
SF:packages/design-system/src/lib/components/tooltip/question-mark-tooltip/QuestionMarkTooltip.tsx
DA:1,1512
DA:12,216
DA:13,60
DA:20,216
BRDA:1,0,0,216
end_of_record
SF:packages/design-system/src/lib/components/transfer-list/ItemsList.tsx
DA:1,658
DA:31,94
DA:41,1932
DA:42,966
DA:45,3756
DA:58,966
DA:59,34
DA:61,34
DA:62,62
DA:63,54
DA:65,34
DA:67,34
DA:69,34
DA:73,966
DA:78,1074
DA:91,94
BRDA:1,0,0,94
BRDA:41,1,0,966
BRDA:61,2,0,34
BRDA:61,3,0,34
BRDA:61,3,1,34
BRDA:69,4,0,34
BRDA:69,4,1,4
end_of_record
SF:packages/design-system/src/lib/components/transfer-list/ListItem.tsx
DA:18,5844
DA:20,5844
DA:22,5844
DA:26,5844
DA:27,5844
DA:29,5844
DA:30,3756
DA:45,2088
DA:50,2088
DA:85,94
BRDA:22,0,0,0
BRDA:22,0,1,5844
BRDA:29,1,0,3756
BRDA:32,2,0,0
BRDA:32,2,1,3756
BRDA:56,3,0,0
BRDA:56,3,1,2088
BRDA:63,4,0,0
BRDA:63,4,1,2088
end_of_record
SF:packages/design-system/src/lib/components/transfer-list/TransferList.tsx
DA:13,6592
DA:17,1932
DA:35,94
DA:42,966
DA:43,966
DA:44,966
DA:45,966
DA:47,966
DA:48,966
DA:50,5844
DA:51,256
DA:52,256
DA:54,256
DA:55,202
DA:57,54
DA:60,256
DA:63,966
DA:64,36
DA:65,36
DA:66,36
DA:69,966
DA:70,36
DA:71,36
DA:72,36
DA:73,36
DA:76,966
DA:77,32
DA:78,128
DA:80,32
DA:81,32
DA:82,32
DA:85,966
DA:86,128
DA:87,32
DA:88,32
DA:91,966
DA:93,270
DA:97,966
DA:164,94
BRDA:37,0,0,548
BRDA:41,1,0,966
BRDA:54,2,0,202
BRDA:54,2,1,54
BRDA:65,3,0,36
BRDA:65,3,1,8
BRDA:71,4,0,36
BRDA:71,4,1,12
BRDA:81,5,0,32
BRDA:81,5,1,10
BRDA:88,6,0,32
BRDA:88,6,1,6
BRDA:99,7,0,0
BRDA:99,7,1,966
BRDA:100,8,0,966
BRDA:100,8,1,40
BRDA:114,9,0,966
BRDA:114,9,1,930
BRDA:124,10,0,966
BRDA:124,10,1,174
BRDA:134,11,0,966
BRDA:134,11,1,64
BRDA:143,12,0,966
BRDA:143,12,1,426
BRDA:149,13,0,0
BRDA:149,13,1,966
BRDA:150,14,0,966
BRDA:150,14,1,40
end_of_record
