SF:src/sections/route.enum.ts
DA:1,84
DA:2,84
DA:3,84
DA:4,84
DA:5,84
BRDA:1,0,0,84
BRDA:1,0,1,84
end_of_record
SF:src/sections/hello-dataverse/HelloDataverse.tsx
DA:5,60
DA:6,60
DA:8,30
DA:24,30
end_of_record
SF:src/sections/layout/Layout.tsx
DA:1,294
DA:7,42
DA:8,142
DA:17,42
BRDA:1,0,0,42
end_of_record
SF:src/sections/layout/footer/Footer.tsx
DA:6,254
DA:7,254
DA:9,140
DA:46,84
end_of_record
SF:src/sections/layout/header/Header.tsx
DA:14,254
DA:15,254
DA:17,170
DA:36,84
BRDA:24,0,0,42
BRDA:24,0,1,128
end_of_record
SF:src/lib/components/icon.enum.ts
DA:1,72
DA:2,72
DA:3,72
DA:4,72
DA:5,72
DA:6,72
DA:7,72
DA:8,72
DA:9,72
DA:10,72
DA:11,72
DA:12,72
DA:13,72
DA:14,72
DA:15,72
DA:16,72
BRDA:1,0,0,72
BRDA:1,0,1,72
end_of_record
SF:src/lib/components/accordion/Accordion.tsx
DA:1,168
DA:14,54
DA:19,24
DA:21,24
DA:22,24
DA:23,24
DA:25,24
BRDA:1,0,0,24
BRDA:13,1,0,24
end_of_record
SF:src/lib/components/accordion/AccordionBody.tsx
DA:1,168
DA:8,24
DA:9,108
DA:10,24
BRDA:1,0,0,24
end_of_record
SF:src/lib/components/accordion/AccordionHeader.tsx
DA:1,168
DA:8,24
DA:9,108
DA:10,24
BRDA:1,0,0,24
end_of_record
SF:src/lib/components/accordion/AccordionItem.tsx
DA:1,168
DA:9,24
DA:10,108
DA:11,24
BRDA:1,0,0,24
end_of_record
SF:src/lib/components/alert/Alert.tsx
DA:14,228
DA:19,228
DA:25,228
DA:28,228
DA:30,228
DA:32,228
DA:35,18
DA:43,48
DA:44,48
DA:46,48
BRDA:14,0,0,216
BRDA:28,1,0,228
BRDA:28,1,1,228
BRDA:34,2,0,228
BRDA:34,2,1,210
end_of_record
SF:src/lib/components/alert/AlertIcon.tsx
DA:1,336
DA:12,48
DA:16,210
DA:23,210
DA:25,210
DA:30,48
BRDA:1,0,0,48
end_of_record
SF:src/lib/components/alert/AlertLink.tsx
DA:1,336
DA:8,48
DA:9,42
DA:10,48
BRDA:1,0,0,48
end_of_record
SF:src/lib/components/alert/AlertVariant.ts
end_of_record
SF:src/lib/components/badge/Badge.tsx
DA:1,168
DA:10,24
DA:11,54
DA:16,24
BRDA:1,0,0,24
BRDA:10,1,0,12
end_of_record
SF:src/lib/components/breadcrumb/Breadcrumb.tsx
DA:1,168
DA:6,54
DA:7,24
DA:9,24
DA:11,24
BRDA:1,0,0,24
end_of_record
SF:src/lib/components/breadcrumb/BreadcrumbItem.tsx
DA:1,336
DA:8,48
DA:9,54
DA:14,48
BRDA:1,0,0,48
end_of_record
SF:src/lib/components/button/Button.tsx
DA:1,798
DA:17,114
DA:25,228
DA:26,228
DA:28,228
DA:39,114
BRDA:1,0,0,114
BRDA:18,1,0,168
BRDA:19,2,0,198
BRDA:25,3,0,12
BRDA:25,3,1,216
BRDA:26,4,0,228
BRDA:26,4,1,0
BRDA:32,5,0,30
BRDA:32,5,1,198
BRDA:35,6,0,228
BRDA:35,6,1,30
end_of_record
SF:src/lib/components/button-group/ButtonGroup.tsx
DA:1,420
DA:8,60
DA:9,72
DA:10,60
BRDA:1,0,0,60
end_of_record
SF:src/lib/components/button-group/ButtonToolbar.tsx
end_of_record
SF:src/lib/components/dropdown-button/DropdownButton.tsx
DA:1,252
DA:19,36
DA:28,120
DA:30,120
DA:45,36
BRDA:1,0,0,36
BRDA:22,1,0,30
BRDA:28,2,0,12
BRDA:28,2,1,108
BRDA:36,3,0,120
BRDA:36,3,1,24
BRDA:41,4,0,18
BRDA:41,4,1,102
end_of_record
SF:src/lib/components/dropdown-button/dropdown-button-item/DropdownButtonItem.tsx
DA:1,126
DA:9,18
DA:10,30
DA:11,18
BRDA:1,0,0,18
end_of_record
SF:src/lib/components/form/Form.tsx
DA:1,42
DA:12,6
DA:17,6
DA:19,6
DA:20,6
DA:22,6
BRDA:1,0,0,6
end_of_record
SF:src/lib/components/form/form-group/FormGroup.tsx
DA:1,1386
DA:27,396
DA:28,792
DA:34,396
DA:43,198
DA:45,198
DA:46,198
DA:47,198
DA:48,198
DA:49,198
DA:50,198
DA:52,198
BRDA:1,0,0,198
BRDA:20,1,0,396
BRDA:36,2,0,90
BRDA:36,2,1,306
end_of_record
SF:src/lib/components/form/form-group-multiple-fields/FormGroupWithMultipleFields.tsx
DA:17,54
DA:18,138
DA:22,54
DA:24,108
DA:30,138
DA:31,138
DA:33,138
DA:36,150
DA:38,150
DA:48,12
DA:49,12
DA:58,54
BRDA:19,0,0,138
BRDA:19,0,1,30
BRDA:20,1,0,138
BRDA:20,1,1,0
BRDA:41,2,0,150
BRDA:41,2,1,138
BRDA:45,3,0,150
BRDA:45,3,1,48
end_of_record
SF:src/lib/components/form/form-group-multiple-fields/useFields.tsx
DA:5,108
DA:9,648
DA:10,864
DA:11,216
DA:15,648
DA:18,648
DA:20,432
DA:24,648
DA:29,648
DA:30,648
DA:34,648
DA:39,234
DA:40,234
DA:43,234
DA:45,234
DA:46,42
DA:48,234
DA:49,48
DA:51,234
DA:52,78
BRDA:10,0,0,216
BRDA:18,1,0,432
BRDA:30,2,0,648
BRDA:30,2,1,648
BRDA:34,3,0,72
BRDA:34,3,1,576
BRDA:40,4,0,108
BRDA:40,4,1,126
end_of_record
SF:src/lib/components/form/form-group-multiple-fields/dynamic-fields-buttons/DynamicFieldsButtons.tsx
DA:1,378
DA:13,54
DA:18,48
DA:38,54
BRDA:1,0,0,54
BRDA:27,1,0,48
BRDA:27,1,1,12
end_of_record
SF:src/lib/components/form/form-group/form-element/FormCheckbox.tsx
DA:1,1386
DA:10,198
DA:11,90
DA:12,198
BRDA:1,0,0,198
end_of_record
SF:src/lib/components/form/form-group/form-element/FormElementLayout.tsx
DA:1,1386
DA:7,198
DA:11,414
DA:12,198
BRDA:1,0,0,198
BRDA:11,1,0,0
BRDA:11,1,1,414
end_of_record
SF:src/lib/components/form/form-group/form-element/FormInput.tsx
DA:1,1386
DA:15,198
DA:22,276
DA:23,276
DA:33,276
DA:40,198
BRDA:1,0,0,198
BRDA:16,1,0,72
BRDA:23,2,0,66
BRDA:23,2,1,210
end_of_record
SF:src/lib/components/form/form-group/form-element/FormLabel.tsx
DA:1,1386
DA:12,198
DA:18,414
DA:20,414
DA:27,198
BRDA:1,0,0,198
BRDA:18,1,0,0
BRDA:18,1,1,414
BRDA:23,2,0,414
BRDA:23,2,1,30
BRDA:24,3,0,414
BRDA:24,3,1,12
end_of_record
SF:src/lib/components/form/form-group/form-element/FormSelect.tsx
DA:1,1386
DA:10,198
DA:15,84
DA:20,198
BRDA:1,0,0,198
end_of_record
SF:src/lib/components/form/form-group/form-element/FormText.tsx
DA:1,1386
DA:9,198
DA:13,30
DA:14,30
DA:23,30
DA:28,198
BRDA:1,0,0,198
BRDA:14,1,0,12
BRDA:14,1,1,18
end_of_record
SF:src/lib/components/form/form-group/form-element/FormTextArea.tsx
DA:1,1386
DA:10,198
DA:11,54
DA:16,198
BRDA:1,0,0,198
end_of_record
SF:src/lib/components/form/required-input-symbol/RequiredInputSymbol.tsx
DA:1,1386
DA:3,198
DA:4,60
DA:10,198
BRDA:1,0,0,198
end_of_record
SF:src/lib/components/grid/Col.tsx
DA:1,1386
DA:21,198
DA:22,882
DA:23,198
BRDA:1,0,0,198
end_of_record
SF:src/lib/components/grid/Container.tsx
DA:1,168
DA:9,24
DA:10,54
DA:11,24
BRDA:1,0,0,24
end_of_record
SF:src/lib/components/grid/Row.tsx
DA:1,1386
DA:14,198
DA:15,546
DA:16,198
BRDA:1,0,0,198
end_of_record
SF:src/lib/components/modal/Modal.tsx
DA:1,168
DA:15,54
DA:20,24
DA:22,24
DA:23,24
DA:24,24
DA:25,24
DA:27,24
BRDA:1,0,0,24
end_of_record
SF:src/lib/components/modal/ModalBody.tsx
DA:1,168
DA:4,24
DA:5,54
DA:6,24
BRDA:1,0,0,24
end_of_record
SF:src/lib/components/modal/ModalFooter.tsx
DA:1,168
DA:4,24
DA:5,24
DA:6,24
BRDA:1,0,0,24
end_of_record
SF:src/lib/components/modal/ModalHeader.tsx
DA:1,168
DA:4,24
DA:5,54
DA:6,24
BRDA:1,0,0,24
end_of_record
SF:src/lib/components/modal/ModalTitle.tsx
DA:1,168
DA:4,24
DA:5,54
DA:6,24
BRDA:1,0,0,24
end_of_record
SF:src/lib/components/navbar/Navbar.tsx
DA:1,168
DA:19,54
DA:33,24
DA:35,24
DA:36,24
DA:38,24
BRDA:1,0,0,24
end_of_record
SF:src/lib/components/navbar/NavbarLink.tsx
DA:1,168
DA:8,24
DA:9,60
DA:10,24
BRDA:1,0,0,24
end_of_record
SF:src/lib/components/navbar/navbar-dropdown/NavbarDropdown.tsx
DA:1,168
DA:11,30
DA:16,24
DA:18,24
DA:20,24
BRDA:1,0,0,24
end_of_record
SF:src/lib/components/navbar/navbar-dropdown/NavbarDropdownItem.tsx
DA:1,168
DA:8,24
DA:9,24
DA:10,24
BRDA:1,0,0,24
end_of_record
SF:src/lib/components/table/Table.tsx
DA:1,84
DA:5,12
DA:6,12
DA:11,12
BRDA:1,0,0,12
end_of_record
SF:src/lib/components/tabs/Tab.tsx
DA:1,126
DA:9,18
DA:10,0
DA:15,18
BRDA:1,0,0,18
end_of_record
SF:src/lib/components/tabs/Tabs.tsx
DA:1,126
DA:10,30
DA:11,18
DA:13,18
DA:15,18
BRDA:1,0,0,18
end_of_record
SF:src/lib/components/theme/BaseTheme.ts
DA:4,584
end_of_record
SF:src/lib/components/theme/ThemeContext.ts
DA:4,584
end_of_record
SF:src/lib/components/theme/ThemeProvider.tsx
DA:12,28
DA:13,584
DA:15,584
BRDA:11,0,0,12
end_of_record
SF:src/lib/components/tooltip/QuestionIcon.tsx
DA:1,1512
DA:3,216
DA:4,42
DA:5,216
BRDA:1,0,0,216
end_of_record
SF:src/lib/components/tooltip/Tooltip.tsx
DA:1,1512
DA:11,216
DA:12,42
DA:19,216
BRDA:1,0,0,216
end_of_record
SF:src/lib/components/tooltip/overlay-trigger/OverlayTrigger.tsx
DA:1,1368
DA:10,228
DA:11,114
DA:19,228
BRDA:1,0,0,228
BRDA:1,1,0,0
end_of_record
