{
  "/Users/melina/GitHub/dataverse-frontend/src/sections/hello-dataverse/HelloDataverse.tsx": {
    "path": "/Users/melina/GitHub/dataverse-frontend/src/sections/hello-dataverse/HelloDataverse.tsx",
    "statementMap": {
      "0": {
        "start": {
          "line": 5,
          "column": 0
        },
        "end": {
          "line": 15,
          "column": 1
        }
      },
      "1": {
        "start": {
          "line": 6,
          "column": 2
        },
        "end": {
          "line": 8,
          "column": 3
        }
      },
      "2": {
        "start": {
          "line": 7,
          "column": 4
        },
        "end": {
          "line": 7,
          "column": 165
        }
      },
      "3": {
        "start": {
          "line": 9,
          "column": 2
        },
        "end": {
          "line": 9,
          "column": 39
        }
      },
      "4": {
        "start": {
          "line": 10,
          "column": 2
        },
        "end": {
          "line": 10,
          "column": 39
        }
      },
      "5": {
        "start": {
          "line": 11,
          "column": 2
        },
        "end": {
          "line": 13,
          "column": 4
        }
      },
      "6": {
        "start": {
          "line": 12,
          "column": 4
        },
        "end": {
          "line": 12,
          "column": 131
        }
      },
      "7": {
        "start": {
          "line": 14,
          "column": 2
        },
        "end": {
          "line": 14,
          "column": 75
        }
      },
      "8": {
        "start": {
          "line": 16,
          "column": 9
        },
        "end": {
          "line": 16,
          "column": 23
        }
      },
      "9": {
        "start": {
          "line": 21,
          "column": 2
        },
        "end": {
          "line": 21,
          "column": 7
        }
      },
      "10": {
        "start": {
          "line": 24,
          "column": 6
        },
        "end": {
          "line": 24,
          "column": 38
        }
      },
      "11": {
        "start": {
          "line": 25,
          "column": 2
        },
        "end": {
          "line": 60,
          "column": 11
        }
      },
      "12": {
        "start": {
          "line": 62,
          "column": 0
        },
        "end": {
          "line": 64,
          "column": 3
        }
      },
      "13": {
        "start": {
          "line": 63,
          "column": 2
        },
        "end": {
          "line": 63,
          "column": 26
        }
      },
      "14": {
        "start": {
          "line": 65,
          "column": 0
        },
        "end": {
          "line": 65,
          "column": 20
        }
      },
      "15": {
        "start": {
          "line": 67,
          "column": 0
        },
        "end": {
          "line": 67,
          "column": 35
        }
      },
      "16": {
        "start": {
          "line": 68,
          "column": 0
        },
        "end": {
          "line": 84,
          "column": 1
        }
      },
      "17": {
        "start": {
          "line": 69,
          "column": 2
        },
        "end": {
          "line": 69,
          "column": 39
        }
      },
      "18": {
        "start": {
          "line": 70,
          "column": 2
        },
        "end": {
          "line": 70,
          "column": 39
        }
      },
      "19": {
        "start": {
          "line": 71,
          "column": 2
        },
        "end": {
          "line": 83,
          "column": 5
        }
      },
      "20": {
        "start": {
          "line": 75,
          "column": 4
        },
        "end": {
          "line": 75,
          "column": 157
        }
      },
      "21": {
        "start": {
          "line": 76,
          "column": 4
        },
        "end": {
          "line": 82,
          "column": 7
        }
      },
      "22": {
        "start": {
          "line": 77,
          "column": 6
        },
        "end": {
          "line": 78,
          "column": 15
        }
      },
      "23": {
        "start": {
          "line": 78,
          "column": 8
        },
        "end": {
          "line": 78,
          "column": 15
        }
      },
      "24": {
        "start": {
          "line": 79,
          "column": 32
        },
        "end": {
          "line": 79,
          "column": 115
        }
      },
      "25": {
        "start": {
          "line": 80,
          "column": 6
        },
        "end": {
          "line": 81,
          "column": 54
        }
      },
      "26": {
        "start": {
          "line": 81,
          "column": 8
        },
        "end": {
          "line": 81,
          "column": 54
        }
      }
    },
    "fnMap": {
      "0": {
        "name": "(anonymous_0)",
        "decl": {
          "start": {
            "line": 11,
            "column": 24
          },
          "end": {
            "line": 11,
            "column": 25
          }
        },
        "loc": {
          "start": {
            "line": 11,
            "column": 38
          },
          "end": {
            "line": 13,
            "column": 3
          }
        },
        "line": 11
      },
      "1": {
        "name": "HelloDataverse",
        "decl": {
          "start": {
            "line": 20,
            "column": 16
          },
          "end": {
            "line": 20,
            "column": 30
          }
        },
        "loc": {
          "start": {
            "line": 20,
            "column": 33
          },
          "end": {
            "line": 61,
            "column": 1
          }
        },
        "line": 20
      },
      "2": {
        "name": "(anonymous_2)",
        "decl": {
          "start": {
            "line": 62,
            "column": 58
          },
          "end": {
            "line": 62,
            "column": 59
          }
        },
        "loc": {
          "start": {
            "line": 62,
            "column": 69
          },
          "end": {
            "line": 64,
            "column": 1
          }
        },
        "line": 62
      },
      "3": {
        "name": "(anonymous_3)",
        "decl": {
          "start": {
            "line": 74,
            "column": 9
          },
          "end": {
            "line": 74,
            "column": 10
          }
        },
        "loc": {
          "start": {
            "line": 74,
            "column": 29
          },
          "end": {
            "line": 83,
            "column": 3
          }
        },
        "line": 74
      },
      "4": {
        "name": "(anonymous_4)",
        "decl": {
          "start": {
            "line": 76,
            "column": 27
          },
          "end": {
            "line": 76,
            "column": 28
          }
        },
        "loc": {
          "start": {
            "line": 76,
            "column": 44
          },
          "end": {
            "line": 82,
            "column": 5
          }
        },
        "line": 76
      }
    },
    "branchMap": {
      "0": {
        "loc": {
          "start": {
            "line": 5,
            "column": 0
          },
          "end": {
            "line": 15,
            "column": 1
          }
        },
        "type": "if",
        "locations": [
          {
            "start": {
              "line": 5,
              "column": 0
            },
            "end": {
              "line": 15,
              "column": 1
            }
          },
          {
            "start": {},
            "end": {}
          }
        ],
        "line": 5
      },
      "1": {
        "loc": {
          "start": {
            "line": 6,
            "column": 2
          },
          "end": {
            "line": 8,
            "column": 3
          }
        },
        "type": "if",
        "locations": [
          {
            "start": {
              "line": 6,
              "column": 2
            },
            "end": {
              "line": 8,
              "column": 3
            }
          },
          {
            "start": {},
            "end": {}
          }
        ],
        "line": 6
      },
      "2": {
        "loc": {
          "start": {
            "line": 68,
            "column": 0
          },
          "end": {
            "line": 84,
            "column": 1
          }
        },
        "type": "if",
        "locations": [
          {
            "start": {
              "line": 68,
              "column": 0
            },
            "end": {
              "line": 84,
              "column": 1
            }
          },
          {
            "start": {},
            "end": {}
          }
        ],
        "line": 68
      },
      "3": {
        "loc": {
          "start": {
            "line": 77,
            "column": 6
          },
          "end": {
            "line": 78,
            "column": 15
          }
        },
        "type": "if",
        "locations": [
          {
            "start": {
              "line": 77,
              "column": 6
            },
            "end": {
              "line": 78,
              "column": 15
            }
          },
          {
            "start": {},
            "end": {}
          }
        ],
        "line": 77
      },
      "4": {
        "loc": {
          "start": {
            "line": 80,
            "column": 6
          },
          "end": {
            "line": 81,
            "column": 54
          }
        },
        "type": "if",
        "locations": [
          {
            "start": {
              "line": 80,
              "column": 6
            },
            "end": {
              "line": 81,
              "column": 54
            }
          },
          {
            "start": {},
            "end": {}
          }
        ],
        "line": 80
      }
    },
    "s": {
      "0": 22,
      "1": 22,
      "2": 0,
      "3": 22,
      "4": 22,
      "5": 22,
      "6": 22,
      "7": 22,
      "8": 22,
      "9": 44,
      "10": 44,
      "11": 22,
      "12": 22,
      "13": 22,
      "14": 22,
      "15": 22,
      "16": 22,
      "17": 22,
      "18": 22,
      "19": 22,
      "20": 22,
      "21": 22,
      "22": 0,
      "23": 0,
      "24": 0,
      "25": 0,
      "26": 0
    },
    "f": {
      "0": 22,
      "1": 44,
      "2": 22,
      "3": 22,
      "4": 0
    },
    "b": {
      "0": [22, 0],
      "1": [0, 22],
      "2": [22, 0],
      "3": [0, 0],
      "4": [0, 0]
    },
    "inputSourceMap": {
      "version": 3,
      "mappings": "AASM;;;;;;;;;;;;;;;;AATN,OAAOA,UAAU;AACjB,OAAOC,YAAY;AACnB,SAASC,OAAOC,sBAAsB;AAE/B,gBAASC,iBAAiB;AAAAC;AAC/B,QAAM;AAAA,IAAEC;AAAAA,EAAE,IAAIH,eAAe,gBAAgB;AAE7C,SACE,uBAAC,aAAQ,WAAWF,OAAOM,WACzB;AAAA,2BAAC,QAAG,WAAWN,OAAOO,OAAQF,YAAE,OAAO,KAAvC;AAAA;AAAA;AAAA;AAAA,WAAyC;AAAA,IACzC,uBAAC,SAAI,KAAKN,MAAM,WAAWC,OAAOD,MAAM,KAAKM,EAAE,UAAU,KAAzD;AAAA;AAAA;AAAA;AAAA,WAA2D;AAAA,IAC3D,uBAAC,OACC,iCAAC,SAAM,GAAM,SAAQ,eAAc,YAAY;AAAA,MAAE,GAAG,uBAAC,YAAD;AAAA;AAAA;AAAA;AAAA,aAAK;AAAA,IAAI,KAA7D;AAAA;AAAA;AAAA;AAAA,WAA+D,KADjE;AAAA;AAAA;AAAA;AAAA,WAEA;AAAA,IACA,uBAAC,OACC,WAAWL,OAAOQ,MAClB,MAAK,yBACL,QAAO,UACP,KAAI,uBACHH,YAAE,UAAU,KALf;AAAA;AAAA;AAAA;AAAA,WAMA;AAAA,OAZF;AAAA;AAAA;AAAA;AAAA,SAaA;AAEJ;AAACD,GAnBeD,gBAAc;AAAA,UACdD,cAAc;AAAA;AAAAO,KADdN;AAAc;AAAAO",
      "names": [
        "logo",
        "styles",
        "Trans",
        "useTranslation",
        "HelloDataverse",
        "_s",
        "t",
        "container",
        "title",
        "link",
        "_c",
        "$RefreshReg$"
      ],
      "sources": [
        "/Users/melina/GitHub/dataverse-frontend/src/sections/hello-dataverse/HelloDataverse.tsx"
      ],
      "file": "/Users/melina/GitHub/dataverse-frontend/src/sections/hello-dataverse/HelloDataverse.tsx"
    },
    "_coverageSchema": "1a1c01bbd47fc00a2c39e90264f33305004495a9",
    "hash": "ee110938e8a497319195bd4f31389532e4fe2fab"
  },
  "/Users/melina/GitHub/dataverse-frontend/src/i18n.ts": {
    "path": "/Users/melina/GitHub/dataverse-frontend/src/i18n.ts",
    "statementMap": {
      "0": {
        "start": {
          "line": 5,
          "column": 0
        },
        "end": {
          "line": 13,
          "column": 3
        }
      }
    },
    "fnMap": {},
    "branchMap": {
      "0": {
        "loc": {
          "start": {
            "line": 11,
            "column": 14
          },
          "end": {
            "line": 11,
            "column": 138
          }
        },
        "type": "cond-expr",
        "locations": [
          {
            "start": {
              "line": 11,
              "column": 48
            },
            "end": {
              "line": 11,
              "column": 105
            }
          },
          {
            "start": {
              "line": 11,
              "column": 108
            },
            "end": {
              "line": 11,
              "column": 138
            }
          }
        ],
        "line": 11
      }
    },
    "s": {
      "0": 20
    },
    "f": {},
    "b": {
      "0": [20, 0]
    },
    "inputSourceMap": {
      "version": 3,
      "sources": ["/Users/melina/GitHub/dataverse-frontend/src/i18n.ts"],
      "mappings": "AAAA,OAAO,aAAa;AACpB,SAAS,wBAAwB;AACjC,OAAO,oCAAoC;AAC3C,OAAO,wBAAwB;AAQ/B,KAAK,QACF,IAAI,gBAAgB,EACpB,IAAI,8BAA8B,EAClC,IAAI,kBAAkB,EACtB,KAAK;AAAA,EACJ,aAAa;AAAA,EACb,eAAe,CAAC,IAAI;AAAA,EACpB,IAAI,CAAC;AAAA,EACL,YAAY;AAAA,EACZ,SAAS;AAAA,IACP,UACE,YAAY,IAAI,YAAY,MACxB,GAAG,YAAY,IAAI,yCACnB;AAAA,EACR;AACF,CAAC;AAEH,eAAe;",
      "names": []
    },
    "_coverageSchema": "1a1c01bbd47fc00a2c39e90264f33305004495a9",
    "hash": "ce2f2c7e707e5363e73346fe6039e83a476a5525"
  },
  "/Users/melina/GitHub/dataverse-frontend/src/sections/ui/navbar/nav-dropdown/NavDropdown.tsx": {
    "path": "/Users/melina/GitHub/dataverse-frontend/src/sections/ui/navbar/nav-dropdown/NavDropdown.tsx",
    "statementMap": {
      "0": {
        "start": {
          "line": 5,
          "column": 0
        },
        "end": {
          "line": 15,
          "column": 1
        }
      },
      "1": {
        "start": {
          "line": 6,
          "column": 2
        },
        "end": {
          "line": 8,
          "column": 3
        }
      },
      "2": {
        "start": {
          "line": 7,
          "column": 4
        },
        "end": {
          "line": 7,
          "column": 165
        }
      },
      "3": {
        "start": {
          "line": 9,
          "column": 2
        },
        "end": {
          "line": 9,
          "column": 39
        }
      },
      "4": {
        "start": {
          "line": 10,
          "column": 2
        },
        "end": {
          "line": 10,
          "column": 39
        }
      },
      "5": {
        "start": {
          "line": 11,
          "column": 2
        },
        "end": {
          "line": 13,
          "column": 4
        }
      },
      "6": {
        "start": {
          "line": 12,
          "column": 4
        },
        "end": {
          "line": 12,
          "column": 135
        }
      },
      "7": {
        "start": {
          "line": 14,
          "column": 2
        },
        "end": {
          "line": 14,
          "column": 75
        }
      },
      "8": {
        "start": {
          "line": 22,
          "column": 2
        },
        "end": {
          "line": 34,
          "column": 11
        }
      },
      "9": {
        "start": {
          "line": 22,
          "column": 128
        },
        "end": {
          "line": 30,
          "column": 10
        }
      },
      "10": {
        "start": {
          "line": 36,
          "column": 0
        },
        "end": {
          "line": 36,
          "column": 17
        }
      },
      "11": {
        "start": {
          "line": 38,
          "column": 0
        },
        "end": {
          "line": 38,
          "column": 32
        }
      },
      "12": {
        "start": {
          "line": 39,
          "column": 0
        },
        "end": {
          "line": 55,
          "column": 1
        }
      },
      "13": {
        "start": {
          "line": 40,
          "column": 2
        },
        "end": {
          "line": 40,
          "column": 39
        }
      },
      "14": {
        "start": {
          "line": 41,
          "column": 2
        },
        "end": {
          "line": 41,
          "column": 39
        }
      },
      "15": {
        "start": {
          "line": 42,
          "column": 2
        },
        "end": {
          "line": 54,
          "column": 5
        }
      },
      "16": {
        "start": {
          "line": 46,
          "column": 4
        },
        "end": {
          "line": 46,
          "column": 161
        }
      },
      "17": {
        "start": {
          "line": 47,
          "column": 4
        },
        "end": {
          "line": 53,
          "column": 7
        }
      },
      "18": {
        "start": {
          "line": 48,
          "column": 6
        },
        "end": {
          "line": 49,
          "column": 15
        }
      },
      "19": {
        "start": {
          "line": 49,
          "column": 8
        },
        "end": {
          "line": 49,
          "column": 15
        }
      },
      "20": {
        "start": {
          "line": 50,
          "column": 32
        },
        "end": {
          "line": 50,
          "column": 115
        }
      },
      "21": {
        "start": {
          "line": 51,
          "column": 6
        },
        "end": {
          "line": 52,
          "column": 54
        }
      },
      "22": {
        "start": {
          "line": 52,
          "column": 8
        },
        "end": {
          "line": 52,
          "column": 54
        }
      }
    },
    "fnMap": {
      "0": {
        "name": "(anonymous_0)",
        "decl": {
          "start": {
            "line": 11,
            "column": 24
          },
          "end": {
            "line": 11,
            "column": 25
          }
        },
        "loc": {
          "start": {
            "line": 11,
            "column": 38
          },
          "end": {
            "line": 13,
            "column": 3
          }
        },
        "line": 11
      },
      "1": {
        "name": "NavDropdown",
        "decl": {
          "start": {
            "line": 18,
            "column": 16
          },
          "end": {
            "line": 18,
            "column": 27
          }
        },
        "loc": {
          "start": {
            "line": 21,
            "column": 3
          },
          "end": {
            "line": 35,
            "column": 1
          }
        },
        "line": 21
      },
      "2": {
        "name": "(anonymous_2)",
        "decl": {
          "start": {
            "line": 22,
            "column": 111
          },
          "end": {
            "line": 22,
            "column": 112
          }
        },
        "loc": {
          "start": {
            "line": 22,
            "column": 128
          },
          "end": {
            "line": 30,
            "column": 10
          }
        },
        "line": 22
      },
      "3": {
        "name": "(anonymous_3)",
        "decl": {
          "start": {
            "line": 45,
            "column": 9
          },
          "end": {
            "line": 45,
            "column": 10
          }
        },
        "loc": {
          "start": {
            "line": 45,
            "column": 29
          },
          "end": {
            "line": 54,
            "column": 3
          }
        },
        "line": 45
      },
      "4": {
        "name": "(anonymous_4)",
        "decl": {
          "start": {
            "line": 47,
            "column": 27
          },
          "end": {
            "line": 47,
            "column": 28
          }
        },
        "loc": {
          "start": {
            "line": 47,
            "column": 44
          },
          "end": {
            "line": 53,
            "column": 5
          }
        },
        "line": 47
      }
    },
    "branchMap": {
      "0": {
        "loc": {
          "start": {
            "line": 5,
            "column": 0
          },
          "end": {
            "line": 15,
            "column": 1
          }
        },
        "type": "if",
        "locations": [
          {
            "start": {
              "line": 5,
              "column": 0
            },
            "end": {
              "line": 15,
              "column": 1
            }
          },
          {
            "start": {},
            "end": {}
          }
        ],
        "line": 5
      },
      "1": {
        "loc": {
          "start": {
            "line": 6,
            "column": 2
          },
          "end": {
            "line": 8,
            "column": 3
          }
        },
        "type": "if",
        "locations": [
          {
            "start": {
              "line": 6,
              "column": 2
            },
            "end": {
              "line": 8,
              "column": 3
            }
          },
          {
            "start": {},
            "end": {}
          }
        ],
        "line": 6
      },
      "2": {
        "loc": {
          "start": {
            "line": 22,
            "column": 128
          },
          "end": {
            "line": 30,
            "column": 10
          }
        },
        "type": "cond-expr",
        "locations": [
          {
            "start": {
              "line": 22,
              "column": 176
            },
            "end": {
              "line": 26,
              "column": 10
            }
          },
          {
            "start": {
              "line": 26,
              "column": 29
            },
            "end": {
              "line": 30,
              "column": 10
            }
          }
        ],
        "line": 22
      },
      "3": {
        "loc": {
          "start": {
            "line": 39,
            "column": 0
          },
          "end": {
            "line": 55,
            "column": 1
          }
        },
        "type": "if",
        "locations": [
          {
            "start": {
              "line": 39,
              "column": 0
            },
            "end": {
              "line": 55,
              "column": 1
            }
          },
          {
            "start": {},
            "end": {}
          }
        ],
        "line": 39
      },
      "4": {
        "loc": {
          "start": {
            "line": 48,
            "column": 6
          },
          "end": {
            "line": 49,
            "column": 15
          }
        },
        "type": "if",
        "locations": [
          {
            "start": {
              "line": 48,
              "column": 6
            },
            "end": {
              "line": 49,
              "column": 15
            }
          },
          {
            "start": {},
            "end": {}
          }
        ],
        "line": 48
      },
      "5": {
        "loc": {
          "start": {
            "line": 51,
            "column": 6
          },
          "end": {
            "line": 52,
            "column": 54
          }
        },
        "type": "if",
        "locations": [
          {
            "start": {
              "line": 51,
              "column": 6
            },
            "end": {
              "line": 52,
              "column": 54
            }
          },
          {
            "start": {},
            "end": {}
          }
        ],
        "line": 51
      }
    },
    "s": {
      "0": 110,
      "1": 110,
      "2": 0,
      "3": 110,
      "4": 110,
      "5": 110,
      "6": 110,
      "7": 110,
      "8": 88,
      "9": 143,
      "10": 110,
      "11": 110,
      "12": 110,
      "13": 110,
      "14": 110,
      "15": 110,
      "16": 110,
      "17": 110,
      "18": 0,
      "19": 0,
      "20": 0,
      "21": 0,
      "22": 0
    },
    "f": {
      "0": 110,
      "1": 88,
      "2": 143,
      "3": 110,
      "4": 0
    },
    "b": {
      "0": [110, 0],
      "1": [0, 110],
      "2": [143, 0],
      "3": [110, 0],
      "4": [0, 0],
      "5": [0, 0]
    },
    "inputSourceMap": {
      "version": 3,
      "mappings": "AAcU;AAdV,2BAAwBA;AAAqB;AAAiB;AAAA;AAAA;AAAA;AAAA;AAAA;AAAA;AAAA;AAAA;AAAA;AAAA;AAAA;AAAA;AAE9D,OAAO;AAOA,gBAASC,YAAY;AAAA,EAAEC;AAAAA,EAAOC;AAAqB,GAAG;AAC3D,SACE,uBAAC,iBAAc,OAAc,IAAK,sBAAqBD,SACpDC,gBAAMC,IAAI,CAACC,MAAYC,UACtB,OAAOD,KAAKE,SAAS,WACnB,uBAAC,cAAc,MAAd,EAA+B,MAAMF,KAAKE,OACxCF,eAAKH,SADiBI,OAAzB;AAAA;AAAA;AAAA;AAAA,SAEA,IAEA,uBAAC,eAAwB,OAAOD,KAAKH,OAAO,OAAOG,KAAKE,SAAtCD,OAAlB;AAAA;AAAA;AAAA;AAAA,SAA8D,CAC/D,KARL;AAAA;AAAA;AAAA;AAAA,SAUA;AAEJ;AAACE,KAdeP;AAAW;AAAAQ",
      "names": [
        "NavDropdownBS",
        "NavDropdown",
        "title",
        "links",
        "map",
        "link",
        "index",
        "value",
        "_c",
        "$RefreshReg$"
      ],
      "sources": [
        "/Users/melina/GitHub/dataverse-frontend/src/sections/ui/navbar/nav-dropdown/NavDropdown.tsx"
      ],
      "file": "/Users/melina/GitHub/dataverse-frontend/src/sections/ui/navbar/nav-dropdown/NavDropdown.tsx"
    },
    "_coverageSchema": "1a1c01bbd47fc00a2c39e90264f33305004495a9",
    "hash": "7d1b05eecd8013ce998f229565c307376ba4a5ea"
  },
  "/Users/melina/GitHub/dataverse-frontend/src/sections/ui/grid/container/Container.tsx": {
    "path": "/Users/melina/GitHub/dataverse-frontend/src/sections/ui/grid/container/Container.tsx",
    "statementMap": {
      "0": {
        "start": {
          "line": 5,
          "column": 0
        },
        "end": {
          "line": 15,
          "column": 1
        }
      },
      "1": {
        "start": {
          "line": 6,
          "column": 2
        },
        "end": {
          "line": 8,
          "column": 3
        }
      },
      "2": {
        "start": {
          "line": 7,
          "column": 4
        },
        "end": {
          "line": 7,
          "column": 165
        }
      },
      "3": {
        "start": {
          "line": 9,
          "column": 2
        },
        "end": {
          "line": 9,
          "column": 39
        }
      },
      "4": {
        "start": {
          "line": 10,
          "column": 2
        },
        "end": {
          "line": 10,
          "column": 39
        }
      },
      "5": {
        "start": {
          "line": 11,
          "column": 2
        },
        "end": {
          "line": 13,
          "column": 4
        }
      },
      "6": {
        "start": {
          "line": 12,
          "column": 4
        },
        "end": {
          "line": 12,
          "column": 128
        }
      },
      "7": {
        "start": {
          "line": 14,
          "column": 2
        },
        "end": {
          "line": 14,
          "column": 75
        }
      },
      "8": {
        "start": {
          "line": 22,
          "column": 2
        },
        "end": {
          "line": 26,
          "column": 11
        }
      },
      "9": {
        "start": {
          "line": 28,
          "column": 0
        },
        "end": {
          "line": 28,
          "column": 15
        }
      },
      "10": {
        "start": {
          "line": 30,
          "column": 0
        },
        "end": {
          "line": 30,
          "column": 30
        }
      },
      "11": {
        "start": {
          "line": 31,
          "column": 0
        },
        "end": {
          "line": 47,
          "column": 1
        }
      },
      "12": {
        "start": {
          "line": 32,
          "column": 2
        },
        "end": {
          "line": 32,
          "column": 39
        }
      },
      "13": {
        "start": {
          "line": 33,
          "column": 2
        },
        "end": {
          "line": 33,
          "column": 39
        }
      },
      "14": {
        "start": {
          "line": 34,
          "column": 2
        },
        "end": {
          "line": 46,
          "column": 5
        }
      },
      "15": {
        "start": {
          "line": 38,
          "column": 4
        },
        "end": {
          "line": 38,
          "column": 154
        }
      },
      "16": {
        "start": {
          "line": 39,
          "column": 4
        },
        "end": {
          "line": 45,
          "column": 7
        }
      },
      "17": {
        "start": {
          "line": 40,
          "column": 6
        },
        "end": {
          "line": 41,
          "column": 15
        }
      },
      "18": {
        "start": {
          "line": 41,
          "column": 8
        },
        "end": {
          "line": 41,
          "column": 15
        }
      },
      "19": {
        "start": {
          "line": 42,
          "column": 32
        },
        "end": {
          "line": 42,
          "column": 115
        }
      },
      "20": {
        "start": {
          "line": 43,
          "column": 6
        },
        "end": {
          "line": 44,
          "column": 54
        }
      },
      "21": {
        "start": {
          "line": 44,
          "column": 8
        },
        "end": {
          "line": 44,
          "column": 54
        }
      }
    },
    "fnMap": {
      "0": {
        "name": "(anonymous_0)",
        "decl": {
          "start": {
            "line": 11,
            "column": 24
          },
          "end": {
            "line": 11,
            "column": 25
          }
        },
        "loc": {
          "start": {
            "line": 11,
            "column": 38
          },
          "end": {
            "line": 13,
            "column": 3
          }
        },
        "line": 11
      },
      "1": {
        "name": "Container",
        "decl": {
          "start": {
            "line": 18,
            "column": 16
          },
          "end": {
            "line": 18,
            "column": 25
          }
        },
        "loc": {
          "start": {
            "line": 21,
            "column": 3
          },
          "end": {
            "line": 27,
            "column": 1
          }
        },
        "line": 21
      },
      "2": {
        "name": "(anonymous_2)",
        "decl": {
          "start": {
            "line": 37,
            "column": 9
          },
          "end": {
            "line": 37,
            "column": 10
          }
        },
        "loc": {
          "start": {
            "line": 37,
            "column": 29
          },
          "end": {
            "line": 46,
            "column": 3
          }
        },
        "line": 37
      },
      "3": {
        "name": "(anonymous_3)",
        "decl": {
          "start": {
            "line": 39,
            "column": 27
          },
          "end": {
            "line": 39,
            "column": 28
          }
        },
        "loc": {
          "start": {
            "line": 39,
            "column": 44
          },
          "end": {
            "line": 45,
            "column": 5
          }
        },
        "line": 39
      }
    },
    "branchMap": {
      "0": {
        "loc": {
          "start": {
            "line": 5,
            "column": 0
          },
          "end": {
            "line": 15,
            "column": 1
          }
        },
        "type": "if",
        "locations": [
          {
            "start": {
              "line": 5,
              "column": 0
            },
            "end": {
              "line": 15,
              "column": 1
            }
          },
          {
            "start": {},
            "end": {}
          }
        ],
        "line": 5
      },
      "1": {
        "loc": {
          "start": {
            "line": 6,
            "column": 2
          },
          "end": {
            "line": 8,
            "column": 3
          }
        },
        "type": "if",
        "locations": [
          {
            "start": {
              "line": 6,
              "column": 2
            },
            "end": {
              "line": 8,
              "column": 3
            }
          },
          {
            "start": {},
            "end": {}
          }
        ],
        "line": 6
      },
      "2": {
        "loc": {
          "start": {
            "line": 31,
            "column": 0
          },
          "end": {
            "line": 47,
            "column": 1
          }
        },
        "type": "if",
        "locations": [
          {
            "start": {
              "line": 31,
              "column": 0
            },
            "end": {
              "line": 47,
              "column": 1
            }
          },
          {
            "start": {},
            "end": {}
          }
        ],
        "line": 31
      },
      "3": {
        "loc": {
          "start": {
            "line": 40,
            "column": 6
          },
          "end": {
            "line": 41,
            "column": 15
          }
        },
        "type": "if",
        "locations": [
          {
            "start": {
              "line": 40,
              "column": 6
            },
            "end": {
              "line": 41,
              "column": 15
            }
          },
          {
            "start": {},
            "end": {}
          }
        ],
        "line": 40
      },
      "4": {
        "loc": {
          "start": {
            "line": 43,
            "column": 6
          },
          "end": {
            "line": 44,
            "column": 54
          }
        },
        "type": "if",
        "locations": [
          {
            "start": {
              "line": 43,
              "column": 6
            },
            "end": {
              "line": 44,
              "column": 54
            }
          },
          {
            "start": {},
            "end": {}
          }
        ],
        "line": 43
      }
    },
    "s": {
      "0": 143,
      "1": 143,
      "2": 0,
      "3": 143,
      "4": 143,
      "5": 143,
      "6": 143,
      "7": 143,
      "8": 374,
      "9": 143,
      "10": 143,
      "11": 143,
      "12": 143,
      "13": 143,
      "14": 143,
      "15": 143,
      "16": 143,
      "17": 0,
      "18": 0,
      "19": 0,
      "20": 0,
      "21": 0
    },
    "f": {
      "0": 143,
      "1": 374,
      "2": 143,
      "3": 0
    },
    "b": {
      "0": [143, 0],
      "1": [0, 143],
      "2": [143, 0],
      "3": [0, 0],
      "4": [0, 0]
    },
    "inputSourceMap": {
      "version": 3,
      "mappings": "AAUS;AAVT,2BAA0B;AAAO;AAAA;AAAA;AAAA;AAAA;AAAA;AAAA;AAAA;AAAA;AAAA;AAAA;AAAA;AAAA;AACjC,OAAO;AACP,SAASA,aAAaC,mBAAmB;AAOlC,gBAASD,UAAU;AAAA,EAAEE;AAAAA,EAAU,GAAGC;AAAsB,GAAG;AAChE,SAAO,uBAAC,eAAY,GAAIA,OAAQD,YAAzB;AAAA;AAAA;AAAA;AAAA,SAAkC;AAC3C;AAACE,KAFeJ;AAAS;AAAAK",
      "names": ["Container", "ContainerBS", "children", "props", "_c", "$RefreshReg$"],
      "sources": [
        "/Users/melina/GitHub/dataverse-frontend/src/sections/ui/grid/container/Container.tsx"
      ],
      "file": "/Users/melina/GitHub/dataverse-frontend/src/sections/ui/grid/container/Container.tsx"
    },
    "_coverageSchema": "1a1c01bbd47fc00a2c39e90264f33305004495a9",
    "hash": "eb4717a76db3620ac3a8754692374a0a9c8a994c"
  },
  "/Users/melina/GitHub/dataverse-frontend/src/sections/ui/navbar/Navbar.tsx": {
    "path": "/Users/melina/GitHub/dataverse-frontend/src/sections/ui/navbar/Navbar.tsx",
    "statementMap": {
      "0": {
        "start": {
          "line": 5,
          "column": 0
        },
        "end": {
          "line": 15,
          "column": 1
        }
      },
      "1": {
        "start": {
          "line": 6,
          "column": 2
        },
        "end": {
          "line": 8,
          "column": 3
        }
      },
      "2": {
        "start": {
          "line": 7,
          "column": 4
        },
        "end": {
          "line": 7,
          "column": 165
        }
      },
      "3": {
        "start": {
          "line": 9,
          "column": 2
        },
        "end": {
          "line": 9,
          "column": 39
        }
      },
      "4": {
        "start": {
          "line": 10,
          "column": 2
        },
        "end": {
          "line": 10,
          "column": 39
        }
      },
      "5": {
        "start": {
          "line": 11,
          "column": 2
        },
        "end": {
          "line": 13,
          "column": 4
        }
      },
      "6": {
        "start": {
          "line": 12,
          "column": 4
        },
        "end": {
          "line": 12,
          "column": 117
        }
      },
      "7": {
        "start": {
          "line": 14,
          "column": 2
        },
        "end": {
          "line": 14,
          "column": 75
        }
      },
      "8": {
        "start": {
          "line": 25,
          "column": 2
        },
        "end": {
          "line": 68,
          "column": 11
        }
      },
      "9": {
        "start": {
          "line": 43,
          "column": 175
        },
        "end": {
          "line": 51,
          "column": 12
        }
      },
      "10": {
        "start": {
          "line": 70,
          "column": 0
        },
        "end": {
          "line": 70,
          "column": 12
        }
      },
      "11": {
        "start": {
          "line": 72,
          "column": 0
        },
        "end": {
          "line": 72,
          "column": 27
        }
      },
      "12": {
        "start": {
          "line": 73,
          "column": 0
        },
        "end": {
          "line": 89,
          "column": 1
        }
      },
      "13": {
        "start": {
          "line": 74,
          "column": 2
        },
        "end": {
          "line": 74,
          "column": 39
        }
      },
      "14": {
        "start": {
          "line": 75,
          "column": 2
        },
        "end": {
          "line": 75,
          "column": 39
        }
      },
      "15": {
        "start": {
          "line": 76,
          "column": 2
        },
        "end": {
          "line": 88,
          "column": 5
        }
      },
      "16": {
        "start": {
          "line": 80,
          "column": 4
        },
        "end": {
          "line": 80,
          "column": 143
        }
      },
      "17": {
        "start": {
          "line": 81,
          "column": 4
        },
        "end": {
          "line": 87,
          "column": 7
        }
      },
      "18": {
        "start": {
          "line": 82,
          "column": 6
        },
        "end": {
          "line": 83,
          "column": 15
        }
      },
      "19": {
        "start": {
          "line": 83,
          "column": 8
        },
        "end": {
          "line": 83,
          "column": 15
        }
      },
      "20": {
        "start": {
          "line": 84,
          "column": 32
        },
        "end": {
          "line": 84,
          "column": 115
        }
      },
      "21": {
        "start": {
          "line": 85,
          "column": 6
        },
        "end": {
          "line": 86,
          "column": 54
        }
      },
      "22": {
        "start": {
          "line": 86,
          "column": 8
        },
        "end": {
          "line": 86,
          "column": 54
        }
      }
    },
    "fnMap": {
      "0": {
        "name": "(anonymous_0)",
        "decl": {
          "start": {
            "line": 11,
            "column": 24
          },
          "end": {
            "line": 11,
            "column": 25
          }
        },
        "loc": {
          "start": {
            "line": 11,
            "column": 38
          },
          "end": {
            "line": 13,
            "column": 3
          }
        },
        "line": 11
      },
      "1": {
        "name": "Navbar",
        "decl": {
          "start": {
            "line": 21,
            "column": 16
          },
          "end": {
            "line": 21,
            "column": 22
          }
        },
        "loc": {
          "start": {
            "line": 24,
            "column": 3
          },
          "end": {
            "line": 69,
            "column": 1
          }
        },
        "line": 24
      },
      "2": {
        "name": "(anonymous_2)",
        "decl": {
          "start": {
            "line": 43,
            "column": 158
          },
          "end": {
            "line": 43,
            "column": 159
          }
        },
        "loc": {
          "start": {
            "line": 43,
            "column": 175
          },
          "end": {
            "line": 51,
            "column": 12
          }
        },
        "line": 43
      },
      "3": {
        "name": "(anonymous_3)",
        "decl": {
          "start": {
            "line": 79,
            "column": 9
          },
          "end": {
            "line": 79,
            "column": 10
          }
        },
        "loc": {
          "start": {
            "line": 79,
            "column": 29
          },
          "end": {
            "line": 88,
            "column": 3
          }
        },
        "line": 79
      },
      "4": {
        "name": "(anonymous_4)",
        "decl": {
          "start": {
            "line": 81,
            "column": 27
          },
          "end": {
            "line": 81,
            "column": 28
          }
        },
        "loc": {
          "start": {
            "line": 81,
            "column": 44
          },
          "end": {
            "line": 87,
            "column": 5
          }
        },
        "line": 81
      }
    },
    "branchMap": {
      "0": {
        "loc": {
          "start": {
            "line": 5,
            "column": 0
          },
          "end": {
            "line": 15,
            "column": 1
          }
        },
        "type": "if",
        "locations": [
          {
            "start": {
              "line": 5,
              "column": 0
            },
            "end": {
              "line": 15,
              "column": 1
            }
          },
          {
            "start": {},
            "end": {}
          }
        ],
        "line": 5
      },
      "1": {
        "loc": {
          "start": {
            "line": 6,
            "column": 2
          },
          "end": {
            "line": 8,
            "column": 3
          }
        },
        "type": "if",
        "locations": [
          {
            "start": {
              "line": 6,
              "column": 2
            },
            "end": {
              "line": 8,
              "column": 3
            }
          },
          {
            "start": {},
            "end": {}
          }
        ],
        "line": 6
      },
      "2": {
        "loc": {
          "start": {
            "line": 43,
            "column": 127
          },
          "end": {
            "line": 51,
            "column": 13
          }
        },
        "type": "binary-expr",
        "locations": [
          {
            "start": {
              "line": 43,
              "column": 127
            },
            "end": {
              "line": 43,
              "column": 144
            }
          },
          {
            "start": {
              "line": 43,
              "column": 148
            },
            "end": {
              "line": 51,
              "column": 13
            }
          }
        ],
        "line": 43
      },
      "3": {
        "loc": {
          "start": {
            "line": 43,
            "column": 175
          },
          "end": {
            "line": 51,
            "column": 12
          }
        },
        "type": "cond-expr",
        "locations": [
          {
            "start": {
              "line": 43,
              "column": 223
            },
            "end": {
              "line": 47,
              "column": 12
            }
          },
          {
            "start": {
              "line": 47,
              "column": 31
            },
            "end": {
              "line": 51,
              "column": 12
            }
          }
        ],
        "line": 43
      },
      "4": {
        "loc": {
          "start": {
            "line": 73,
            "column": 0
          },
          "end": {
            "line": 89,
            "column": 1
          }
        },
        "type": "if",
        "locations": [
          {
            "start": {
              "line": 73,
              "column": 0
            },
            "end": {
              "line": 89,
              "column": 1
            }
          },
          {
            "start": {},
            "end": {}
          }
        ],
        "line": 73
      },
      "5": {
        "loc": {
          "start": {
            "line": 82,
            "column": 6
          },
          "end": {
            "line": 83,
            "column": 15
          }
        },
        "type": "if",
        "locations": [
          {
            "start": {
              "line": 82,
              "column": 6
            },
            "end": {
              "line": 83,
              "column": 15
            }
          },
          {
            "start": {},
            "end": {}
          }
        ],
        "line": 82
      },
      "6": {
        "loc": {
          "start": {
            "line": 85,
            "column": 6
          },
          "end": {
            "line": 86,
            "column": 54
          }
        },
        "type": "if",
        "locations": [
          {
            "start": {
              "line": 85,
              "column": 6
            },
            "end": {
              "line": 86,
              "column": 54
            }
          },
          {
            "start": {},
            "end": {}
          }
        ],
        "line": 85
      }
    },
    "s": {
      "0": 110,
      "1": 110,
      "2": 0,
      "3": 110,
      "4": 110,
      "5": 110,
      "6": 110,
      "7": 110,
      "8": 209,
      "9": 352,
      "10": 110,
      "11": 110,
      "12": 110,
      "13": 110,
      "14": 110,
      "15": 110,
      "16": 110,
      "17": 110,
      "18": 0,
      "19": 0,
      "20": 0,
      "21": 0,
      "22": 0
    },
    "f": {
      "0": 110,
      "1": 209,
      "2": 352,
      "3": 110,
      "4": 0
    },
    "b": {
      "0": [110, 0],
      "1": [0, 110],
      "2": [209, 165],
      "3": [264, 88],
      "4": [110, 0],
      "5": [0, 0],
      "6": [0, 0]
    },
    "inputSourceMap": {
      "version": 3,
      "mappings": "AAYU;AAZV,2BAA2B;AAAQ;AAAiB;AAAA;AAAA;AAAA;AAAA;AAAA;AAAA;AAAA;AAAA;AAAA;AAAA;AAAA;AAAA;AACpD,SAASA,WAAW;AACpB,OAAO;AAEP,SAASC,mBAAmB;AAC5B,SAASC,iBAAiB;AAEnB,gBAASC,OAAO;AAAA,EAAEC;AAAAA,EAAOC;AAAmB,GAAG;AACpD,SACE,uBAAC,YAAS,kBAAgB,MAAC,QAAO,MAAK,OAAM,OAC3C,iCAAC,aACC;AAAA,2BAAC,SAAS,OAAT,EAAe,MAAMD,MAAME,MAC1B;AAAA,6BAAC,SAAI,OAAM,MAAK,QAAO,MAAK,KAAKF,MAAMG,KAAKC,KAAK,KAAKJ,MAAMG,KAAKE,WAAjE;AAAA;AAAA;AAAA;AAAA,aAAyE;AAAA,MACxEL,MAAMM;AAAAA,SAFT;AAAA;AAAA;AAAA;AAAA,WAGA;AAAA,IACA,uBAAC,SAAS,QAAT,EAAgB,iBAAc,2BAA/B;AAAA;AAAA;AAAA;AAAA,WAAsD;AAAA,IACtD,uBAAC,SAAS,UAAT,EAAkB,IAAG,yBACpB,iCAAC,OACEL,gBAAMM,UAAU,KACfN,MAAMO,IAAI,CAACC,MAAYC,UACrB,OAAOD,KAAKE,SAAS,WACnB,uBAAC,IAAI,MAAJ,EAAS,UAAUD,OAAmB,MAAMD,KAAKE,OAC/CF,eAAKH,SADwBI,OAAhC;AAAA;AAAA;AAAA;AAAA,WAEA,IAEA,uBAAC,eAAwB,OAAOD,KAAKH,OAAO,OAAOG,KAAKE,SAAtCD,OAAlB;AAAA;AAAA;AAAA;AAAA,WAA8D,CAC/D,KATP;AAAA;AAAA;AAAA;AAAA,WAWA,KAZF;AAAA;AAAA;AAAA;AAAA,WAaA;AAAA,OAnBF;AAAA;AAAA;AAAA;AAAA,SAoBA,KArBF;AAAA;AAAA;AAAA;AAAA,SAsBA;AAEJ;AAACE,KA1Beb;AAAM;AAAAc",
      "names": [
        "Nav",
        "NavDropdown",
        "Container",
        "Navbar",
        "brand",
        "links",
        "path",
        "logo",
        "src",
        "altText",
        "title",
        "length",
        "map",
        "link",
        "index",
        "value",
        "_c",
        "$RefreshReg$"
      ],
      "sources": ["/Users/melina/GitHub/dataverse-frontend/src/sections/ui/navbar/Navbar.tsx"],
      "file": "/Users/melina/GitHub/dataverse-frontend/src/sections/ui/navbar/Navbar.tsx"
    },
    "_coverageSchema": "1a1c01bbd47fc00a2c39e90264f33305004495a9",
    "hash": "bf47354971b0f05e7daeb3a8d90c9fffe0392840"
  },
  "/Users/melina/GitHub/dataverse-frontend/src/sections/route.enum.ts": {
    "path": "/Users/melina/GitHub/dataverse-frontend/src/sections/route.enum.ts",
    "statementMap": {
      "0": {
        "start": {
          "line": 1,
          "column": 35
        },
        "end": {
          "line": 7,
          "column": 15
        }
      },
      "1": {
        "start": {
          "line": 2,
          "column": 2
        },
        "end": {
          "line": 2,
          "column": 23
        }
      },
      "2": {
        "start": {
          "line": 3,
          "column": 2
        },
        "end": {
          "line": 3,
          "column": 26
        }
      },
      "3": {
        "start": {
          "line": 4,
          "column": 2
        },
        "end": {
          "line": 4,
          "column": 25
        }
      },
      "4": {
        "start": {
          "line": 5,
          "column": 2
        },
        "end": {
          "line": 5,
          "column": 26
        }
      },
      "5": {
        "start": {
          "line": 6,
          "column": 2
        },
        "end": {
          "line": 6,
          "column": 16
        }
      }
    },
    "fnMap": {
      "0": {
        "name": "(anonymous_0)",
        "decl": {
          "start": {
            "line": 1,
            "column": 36
          },
          "end": {
            "line": 1,
            "column": 37
          }
        },
        "loc": {
          "start": {
            "line": 1,
            "column": 48
          },
          "end": {
            "line": 7,
            "column": 1
          }
        },
        "line": 1
      }
    },
    "branchMap": {
      "0": {
        "loc": {
          "start": {
            "line": 7,
            "column": 3
          },
          "end": {
            "line": 7,
            "column": 14
          }
        },
        "type": "binary-expr",
        "locations": [
          {
            "start": {
              "line": 7,
              "column": 3
            },
            "end": {
              "line": 7,
              "column": 8
            }
          },
          {
            "start": {
              "line": 7,
              "column": 12
            },
            "end": {
              "line": 7,
              "column": 14
            }
          }
        ],
        "line": 7
      }
    },
    "s": {
      "0": 78,
      "1": 78,
      "2": 78,
      "3": 78,
      "4": 78,
      "5": 78
    },
    "f": {
      "0": 78
    },
    "b": {
      "0": [78, 78]
    },
    "inputSourceMap": {
      "version": 3,
      "sources": ["/Users/melina/GitHub/dataverse-frontend/src/sections/route.enum.ts"],
      "mappings": "AAAO,WAAK,QAAL,kBAAKA,WAAL;AACL,EAAAA,OAAA,UAAO;AACP,EAAAA,OAAA,aAAU;AACV,EAAAA,OAAA,YAAS;AACT,EAAAA,OAAA,aAAU;AAJA,SAAAA;AAAA,GAAA;",
      "names": ["Route"]
    },
    "_coverageSchema": "1a1c01bbd47fc00a2c39e90264f33305004495a9",
    "hash": "68948a1c97af4059b35ec51029f36f8a8d57ee4d"
  },
  "/Users/melina/GitHub/dataverse-frontend/src/sections/layout/header/Header.tsx": {
    "path": "/Users/melina/GitHub/dataverse-frontend/src/sections/layout/header/Header.tsx",
    "statementMap": {
      "0": {
        "start": {
          "line": 5,
          "column": 0
        },
        "end": {
          "line": 15,
          "column": 1
        }
      },
      "1": {
        "start": {
          "line": 6,
          "column": 2
        },
        "end": {
          "line": 8,
          "column": 3
        }
      },
      "2": {
        "start": {
          "line": 7,
          "column": 4
        },
        "end": {
          "line": 7,
          "column": 165
        }
      },
      "3": {
        "start": {
          "line": 9,
          "column": 2
        },
        "end": {
          "line": 9,
          "column": 39
        }
      },
      "4": {
        "start": {
          "line": 10,
          "column": 2
        },
        "end": {
          "line": 10,
          "column": 39
        }
      },
      "5": {
        "start": {
          "line": 11,
          "column": 2
        },
        "end": {
          "line": 13,
          "column": 4
        }
      },
      "6": {
        "start": {
          "line": 12,
          "column": 4
        },
        "end": {
          "line": 12,
          "column": 121
        }
      },
      "7": {
        "start": {
          "line": 14,
          "column": 2
        },
        "end": {
          "line": 14,
          "column": 75
        }
      },
      "8": {
        "start": {
          "line": 16,
          "column": 9
        },
        "end": {
          "line": 16,
          "column": 23
        }
      },
      "9": {
        "start": {
          "line": 24,
          "column": 2
        },
        "end": {
          "line": 24,
          "column": 7
        }
      },
      "10": {
        "start": {
          "line": 27,
          "column": 6
        },
        "end": {
          "line": 27,
          "column": 30
        }
      },
      "11": {
        "start": {
          "line": 28,
          "column": 16
        },
        "end": {
          "line": 40,
          "column": 4
        }
      },
      "12": {
        "start": {
          "line": 41,
          "column": 2
        },
        "end": {
          "line": 56,
          "column": 11
        }
      },
      "13": {
        "start": {
          "line": 58,
          "column": 0
        },
        "end": {
          "line": 60,
          "column": 3
        }
      },
      "14": {
        "start": {
          "line": 59,
          "column": 2
        },
        "end": {
          "line": 59,
          "column": 26
        }
      },
      "15": {
        "start": {
          "line": 61,
          "column": 0
        },
        "end": {
          "line": 61,
          "column": 12
        }
      },
      "16": {
        "start": {
          "line": 63,
          "column": 0
        },
        "end": {
          "line": 63,
          "column": 27
        }
      },
      "17": {
        "start": {
          "line": 64,
          "column": 0
        },
        "end": {
          "line": 80,
          "column": 1
        }
      },
      "18": {
        "start": {
          "line": 65,
          "column": 2
        },
        "end": {
          "line": 65,
          "column": 39
        }
      },
      "19": {
        "start": {
          "line": 66,
          "column": 2
        },
        "end": {
          "line": 66,
          "column": 39
        }
      },
      "20": {
        "start": {
          "line": 67,
          "column": 2
        },
        "end": {
          "line": 79,
          "column": 5
        }
      },
      "21": {
        "start": {
          "line": 71,
          "column": 4
        },
        "end": {
          "line": 71,
          "column": 147
        }
      },
      "22": {
        "start": {
          "line": 72,
          "column": 4
        },
        "end": {
          "line": 78,
          "column": 7
        }
      },
      "23": {
        "start": {
          "line": 73,
          "column": 6
        },
        "end": {
          "line": 74,
          "column": 15
        }
      },
      "24": {
        "start": {
          "line": 74,
          "column": 8
        },
        "end": {
          "line": 74,
          "column": 15
        }
      },
      "25": {
        "start": {
          "line": 75,
          "column": 32
        },
        "end": {
          "line": 75,
          "column": 115
        }
      },
      "26": {
        "start": {
          "line": 76,
          "column": 6
        },
        "end": {
          "line": 77,
          "column": 54
        }
      },
      "27": {
        "start": {
          "line": 77,
          "column": 8
        },
        "end": {
          "line": 77,
          "column": 54
        }
      }
    },
    "fnMap": {
      "0": {
        "name": "(anonymous_0)",
        "decl": {
          "start": {
            "line": 11,
            "column": 24
          },
          "end": {
            "line": 11,
            "column": 25
          }
        },
        "loc": {
          "start": {
            "line": 11,
            "column": 38
          },
          "end": {
            "line": 13,
            "column": 3
          }
        },
        "line": 11
      },
      "1": {
        "name": "Header",
        "decl": {
          "start": {
            "line": 21,
            "column": 16
          },
          "end": {
            "line": 21,
            "column": 22
          }
        },
        "loc": {
          "start": {
            "line": 23,
            "column": 3
          },
          "end": {
            "line": 57,
            "column": 1
          }
        },
        "line": 23
      },
      "2": {
        "name": "(anonymous_2)",
        "decl": {
          "start": {
            "line": 58,
            "column": 50
          },
          "end": {
            "line": 58,
            "column": 51
          }
        },
        "loc": {
          "start": {
            "line": 58,
            "column": 61
          },
          "end": {
            "line": 60,
            "column": 1
          }
        },
        "line": 58
      },
      "3": {
        "name": "(anonymous_3)",
        "decl": {
          "start": {
            "line": 70,
            "column": 9
          },
          "end": {
            "line": 70,
            "column": 10
          }
        },
        "loc": {
          "start": {
            "line": 70,
            "column": 29
          },
          "end": {
            "line": 79,
            "column": 3
          }
        },
        "line": 70
      },
      "4": {
        "name": "(anonymous_4)",
        "decl": {
          "start": {
            "line": 72,
            "column": 27
          },
          "end": {
            "line": 72,
            "column": 28
          }
        },
        "loc": {
          "start": {
            "line": 72,
            "column": 44
          },
          "end": {
            "line": 78,
            "column": 5
          }
        },
        "line": 72
      }
    },
    "branchMap": {
      "0": {
        "loc": {
          "start": {
            "line": 5,
            "column": 0
          },
          "end": {
            "line": 15,
            "column": 1
          }
        },
        "type": "if",
        "locations": [
          {
            "start": {
              "line": 5,
              "column": 0
            },
            "end": {
              "line": 15,
              "column": 1
            }
          },
          {
            "start": {},
            "end": {}
          }
        ],
        "line": 5
      },
      "1": {
        "loc": {
          "start": {
            "line": 6,
            "column": 2
          },
          "end": {
            "line": 8,
            "column": 3
          }
        },
        "type": "if",
        "locations": [
          {
            "start": {
              "line": 6,
              "column": 2
            },
            "end": {
              "line": 8,
              "column": 3
            }
          },
          {
            "start": {},
            "end": {}
          }
        ],
        "line": 6
      },
      "2": {
        "loc": {
          "start": {
            "line": 28,
            "column": 16
          },
          "end": {
            "line": 40,
            "column": 4
          }
        },
        "type": "cond-expr",
        "locations": [
          {
            "start": {
              "line": 28,
              "column": 23
            },
            "end": {
              "line": 34,
              "column": 4
            }
          },
          {
            "start": {
              "line": 34,
              "column": 7
            },
            "end": {
              "line": 40,
              "column": 4
            }
          }
        ],
        "line": 28
      },
      "3": {
        "loc": {
          "start": {
            "line": 64,
            "column": 0
          },
          "end": {
            "line": 80,
            "column": 1
          }
        },
        "type": "if",
        "locations": [
          {
            "start": {
              "line": 64,
              "column": 0
            },
            "end": {
              "line": 80,
              "column": 1
            }
          },
          {
            "start": {},
            "end": {}
          }
        ],
        "line": 64
      },
      "4": {
        "loc": {
          "start": {
            "line": 73,
            "column": 6
          },
          "end": {
            "line": 74,
            "column": 15
          }
        },
        "type": "if",
        "locations": [
          {
            "start": {
              "line": 73,
              "column": 6
            },
            "end": {
              "line": 74,
              "column": 15
            }
          },
          {
            "start": {},
            "end": {}
          }
        ],
        "line": 73
      },
      "5": {
        "loc": {
          "start": {
            "line": 76,
            "column": 6
          },
          "end": {
            "line": 77,
            "column": 54
          }
        },
        "type": "if",
        "locations": [
          {
            "start": {
              "line": 76,
              "column": 6
            },
            "end": {
              "line": 77,
              "column": 54
            }
          },
          {
            "start": {},
            "end": {}
          }
        ],
        "line": 76
      }
    },
    "s": {
      "0": 66,
      "1": 66,
      "2": 0,
      "3": 66,
      "4": 66,
      "5": 66,
      "6": 66,
      "7": 66,
      "8": 66,
      "9": 143,
      "10": 143,
      "11": 110,
      "12": 110,
      "13": 66,
      "14": 66,
      "15": 66,
      "16": 66,
      "17": 66,
      "18": 66,
      "19": 66,
      "20": 66,
      "21": 66,
      "22": 66,
      "23": 0,
      "24": 0,
      "25": 0,
      "26": 0,
      "27": 0
    },
    "f": {
      "0": 66,
      "1": 143,
      "2": 66,
      "3": 66,
      "4": 0
    },
    "b": {
      "0": [66, 0],
      "1": [0, 66],
      "2": [33, 77],
      "3": [66, 0],
      "4": [0, 0],
      "5": [0, 0]
    },
    "inputSourceMap": {
      "version": 3,
      "mappings": "AAyBI,mBACE,cADF;;;;;;;;;;;;;;;;AAzBJ,OAAOA,UAAU;AACjB,SAASC,sBAAsB;AAC/B,SAASC,cAAc;AACvB,SAASC,aAAa;AAWf,gBAASC,OAAO;AAAA,EAAEC;AAAkB,GAAG;AAAAC;AAC5C,QAAM;AAAA,IAAEC;AAAAA,EAAE,IAAIN,eAAe,QAAQ;AAErC,QAAMO,QAAgBH,OAClB,CAAC;AAAA,IAAEI,OAAOJ,KAAKK;AAAAA,IAAMC,OAAO,CAAC;AAAA,MAAEF,OAAOF,EAAE,QAAQ;AAAA,MAAGI,OAAOR,MAAMS;AAAAA,IAAQ,CAAC;AAAA,EAAE,CAAC,IAC5E,CACE;AAAA,IAAEH,OAAOF,EAAE,QAAQ;AAAA,IAAGI,OAAOR,MAAMU;AAAAA,EAAQ,GAC3C;AAAA,IAAEJ,OAAOF,EAAE,OAAO;AAAA,IAAGI,OAAOR,MAAMW;AAAAA,EAAO,CAAC;AAGhD,SACE,mCACE,iCAAC,UACC,OAAO;AAAA,IACLd,MAAM;AAAA,MAAEe,KAAKf;AAAAA,MAAMgB,SAAST,EAAE,gBAAgB;AAAA,IAAE;AAAA,IAChDE,OAAOF,EAAE,YAAY;AAAA,IACrBU,MAAMd,MAAMe;AAAAA,EACd,GACA,SANF;AAAA;AAAA;AAAA;AAAA,SAMe,KAPjB;AAAA;AAAA;AAAA;AAAA,SASA;AAEJ;AAACZ,GAtBeF,QAAM;AAAA,UACNH,cAAc;AAAA;AAAAkB,KADdf;AAAM;AAAAgB",
      "names": [
        "logo",
        "useTranslation",
        "Navbar",
        "Route",
        "Header",
        "user",
        "_s",
        "t",
        "links",
        "title",
        "name",
        "value",
        "LOG_OUT",
        "SIGN_UP",
        "LOG_IN",
        "src",
        "altText",
        "path",
        "HOME",
        "_c",
        "$RefreshReg$"
      ],
      "sources": ["/Users/melina/GitHub/dataverse-frontend/src/sections/layout/header/Header.tsx"],
      "file": "/Users/melina/GitHub/dataverse-frontend/src/sections/layout/header/Header.tsx"
    },
    "_coverageSchema": "1a1c01bbd47fc00a2c39e90264f33305004495a9",
    "hash": "9262342da2260fd2574745591d42608dffaf79ce"
  },
  "/Users/melina/GitHub/dataverse-frontend/src/sections/ui/grid/row/Row.tsx": {
    "path": "/Users/melina/GitHub/dataverse-frontend/src/sections/ui/grid/row/Row.tsx",
    "statementMap": {
      "0": {
        "start": {
          "line": 5,
          "column": 0
        },
        "end": {
          "line": 15,
          "column": 1
        }
      },
      "1": {
        "start": {
          "line": 6,
          "column": 2
        },
        "end": {
          "line": 8,
          "column": 3
        }
      },
      "2": {
        "start": {
          "line": 7,
          "column": 4
        },
        "end": {
          "line": 7,
          "column": 165
        }
      },
      "3": {
        "start": {
          "line": 9,
          "column": 2
        },
        "end": {
          "line": 9,
          "column": 39
        }
      },
      "4": {
        "start": {
          "line": 10,
          "column": 2
        },
        "end": {
          "line": 10,
          "column": 39
        }
      },
      "5": {
        "start": {
          "line": 11,
          "column": 2
        },
        "end": {
          "line": 13,
          "column": 4
        }
      },
      "6": {
        "start": {
          "line": 12,
          "column": 4
        },
        "end": {
          "line": 12,
          "column": 116
        }
      },
      "7": {
        "start": {
          "line": 14,
          "column": 2
        },
        "end": {
          "line": 14,
          "column": 75
        }
      },
      "8": {
        "start": {
          "line": 22,
          "column": 2
        },
        "end": {
          "line": 26,
          "column": 11
        }
      },
      "9": {
        "start": {
          "line": 28,
          "column": 0
        },
        "end": {
          "line": 28,
          "column": 9
        }
      },
      "10": {
        "start": {
          "line": 30,
          "column": 0
        },
        "end": {
          "line": 30,
          "column": 24
        }
      },
      "11": {
        "start": {
          "line": 31,
          "column": 0
        },
        "end": {
          "line": 47,
          "column": 1
        }
      },
      "12": {
        "start": {
          "line": 32,
          "column": 2
        },
        "end": {
          "line": 32,
          "column": 39
        }
      },
      "13": {
        "start": {
          "line": 33,
          "column": 2
        },
        "end": {
          "line": 33,
          "column": 39
        }
      },
      "14": {
        "start": {
          "line": 34,
          "column": 2
        },
        "end": {
          "line": 46,
          "column": 5
        }
      },
      "15": {
        "start": {
          "line": 38,
          "column": 4
        },
        "end": {
          "line": 38,
          "column": 142
        }
      },
      "16": {
        "start": {
          "line": 39,
          "column": 4
        },
        "end": {
          "line": 45,
          "column": 7
        }
      },
      "17": {
        "start": {
          "line": 40,
          "column": 6
        },
        "end": {
          "line": 41,
          "column": 15
        }
      },
      "18": {
        "start": {
          "line": 41,
          "column": 8
        },
        "end": {
          "line": 41,
          "column": 15
        }
      },
      "19": {
        "start": {
          "line": 42,
          "column": 32
        },
        "end": {
          "line": 42,
          "column": 115
        }
      },
      "20": {
        "start": {
          "line": 43,
          "column": 6
        },
        "end": {
          "line": 44,
          "column": 54
        }
      },
      "21": {
        "start": {
          "line": 44,
          "column": 8
        },
        "end": {
          "line": 44,
          "column": 54
        }
      }
    },
    "fnMap": {
      "0": {
        "name": "(anonymous_0)",
        "decl": {
          "start": {
            "line": 11,
            "column": 24
          },
          "end": {
            "line": 11,
            "column": 25
          }
        },
        "loc": {
          "start": {
            "line": 11,
            "column": 38
          },
          "end": {
            "line": 13,
            "column": 3
          }
        },
        "line": 11
      },
      "1": {
        "name": "Row",
        "decl": {
          "start": {
            "line": 18,
            "column": 16
          },
          "end": {
            "line": 18,
            "column": 19
          }
        },
        "loc": {
          "start": {
            "line": 21,
            "column": 3
          },
          "end": {
            "line": 27,
            "column": 1
          }
        },
        "line": 21
      },
      "2": {
        "name": "(anonymous_2)",
        "decl": {
          "start": {
            "line": 37,
            "column": 9
          },
          "end": {
            "line": 37,
            "column": 10
          }
        },
        "loc": {
          "start": {
            "line": 37,
            "column": 29
          },
          "end": {
            "line": 46,
            "column": 3
          }
        },
        "line": 37
      },
      "3": {
        "name": "(anonymous_3)",
        "decl": {
          "start": {
            "line": 39,
            "column": 27
          },
          "end": {
            "line": 39,
            "column": 28
          }
        },
        "loc": {
          "start": {
            "line": 39,
            "column": 44
          },
          "end": {
            "line": 45,
            "column": 5
          }
        },
        "line": 39
      }
    },
    "branchMap": {
      "0": {
        "loc": {
          "start": {
            "line": 5,
            "column": 0
          },
          "end": {
            "line": 15,
            "column": 1
          }
        },
        "type": "if",
        "locations": [
          {
            "start": {
              "line": 5,
              "column": 0
            },
            "end": {
              "line": 15,
              "column": 1
            }
          },
          {
            "start": {},
            "end": {}
          }
        ],
        "line": 5
      },
      "1": {
        "loc": {
          "start": {
            "line": 6,
            "column": 2
          },
          "end": {
            "line": 8,
            "column": 3
          }
        },
        "type": "if",
        "locations": [
          {
            "start": {
              "line": 6,
              "column": 2
            },
            "end": {
              "line": 8,
              "column": 3
            }
          },
          {
            "start": {},
            "end": {}
          }
        ],
        "line": 6
      },
      "2": {
        "loc": {
          "start": {
            "line": 31,
            "column": 0
          },
          "end": {
            "line": 47,
            "column": 1
          }
        },
        "type": "if",
        "locations": [
          {
            "start": {
              "line": 31,
              "column": 0
            },
            "end": {
              "line": 47,
              "column": 1
            }
          },
          {
            "start": {},
            "end": {}
          }
        ],
        "line": 31
      },
      "3": {
        "loc": {
          "start": {
            "line": 40,
            "column": 6
          },
          "end": {
            "line": 41,
            "column": 15
          }
        },
        "type": "if",
        "locations": [
          {
            "start": {
              "line": 40,
              "column": 6
            },
            "end": {
              "line": 41,
              "column": 15
            }
          },
          {
            "start": {},
            "end": {}
          }
        ],
        "line": 40
      },
      "4": {
        "loc": {
          "start": {
            "line": 43,
            "column": 6
          },
          "end": {
            "line": 44,
            "column": 54
          }
        },
        "type": "if",
        "locations": [
          {
            "start": {
              "line": 43,
              "column": 6
            },
            "end": {
              "line": 44,
              "column": 54
            }
          },
          {
            "start": {},
            "end": {}
          }
        ],
        "line": 43
      }
    },
    "s": {
      "0": 66,
      "1": 66,
      "2": 0,
      "3": 66,
      "4": 66,
      "5": 66,
      "6": 66,
      "7": 66,
      "8": 110,
      "9": 66,
      "10": 66,
      "11": 66,
      "12": 66,
      "13": 66,
      "14": 66,
      "15": 66,
      "16": 66,
      "17": 0,
      "18": 0,
      "19": 0,
      "20": 0,
      "21": 0
    },
    "f": {
      "0": 66,
      "1": 110,
      "2": 66,
      "3": 0
    },
    "b": {
      "0": [66, 0],
      "1": [0, 66],
      "2": [66, 0],
      "3": [0, 0],
      "4": [0, 0]
    },
    "inputSourceMap": {
      "version": 3,
      "mappings": "AAeS;AAfT,2BAA0B;AAAO;AAAA;AAAA;AAAA;AAAA;AAAA;AAAA;AAAA;AAAA;AAAA;AAAA;AAAA;AAAA;AACjC,OAAO;AACP,SAASA,OAAOC,aAAa;AAYtB,gBAASD,IAAI;AAAA,EAAEE;AAAAA,EAAU,GAAGC;AAAgB,GAAG;AACpD,SAAO,uBAAC,SAAM,GAAIA,OAAQD,YAAnB;AAAA;AAAA;AAAA;AAAA,SAA4B;AACrC;AAACE,KAFeJ;AAAG;AAAAK",
      "names": ["Row", "RowBS", "children", "props", "_c", "$RefreshReg$"],
      "sources": ["/Users/melina/GitHub/dataverse-frontend/src/sections/ui/grid/row/Row.tsx"],
      "file": "/Users/melina/GitHub/dataverse-frontend/src/sections/ui/grid/row/Row.tsx"
    },
    "_coverageSchema": "1a1c01bbd47fc00a2c39e90264f33305004495a9",
    "hash": "fc16fe5f4d5be5f82b18cc054c2ffd7574df6ace"
  },
  "/Users/melina/GitHub/dataverse-frontend/src/sections/ui/grid/col/Col.tsx": {
    "path": "/Users/melina/GitHub/dataverse-frontend/src/sections/ui/grid/col/Col.tsx",
    "statementMap": {
      "0": {
        "start": {
          "line": 5,
          "column": 0
        },
        "end": {
          "line": 15,
          "column": 1
        }
      },
      "1": {
        "start": {
          "line": 6,
          "column": 2
        },
        "end": {
          "line": 8,
          "column": 3
        }
      },
      "2": {
        "start": {
          "line": 7,
          "column": 4
        },
        "end": {
          "line": 7,
          "column": 165
        }
      },
      "3": {
        "start": {
          "line": 9,
          "column": 2
        },
        "end": {
          "line": 9,
          "column": 39
        }
      },
      "4": {
        "start": {
          "line": 10,
          "column": 2
        },
        "end": {
          "line": 10,
          "column": 39
        }
      },
      "5": {
        "start": {
          "line": 11,
          "column": 2
        },
        "end": {
          "line": 13,
          "column": 4
        }
      },
      "6": {
        "start": {
          "line": 12,
          "column": 4
        },
        "end": {
          "line": 12,
          "column": 116
        }
      },
      "7": {
        "start": {
          "line": 14,
          "column": 2
        },
        "end": {
          "line": 14,
          "column": 75
        }
      },
      "8": {
        "start": {
          "line": 22,
          "column": 2
        },
        "end": {
          "line": 26,
          "column": 11
        }
      },
      "9": {
        "start": {
          "line": 28,
          "column": 0
        },
        "end": {
          "line": 28,
          "column": 9
        }
      },
      "10": {
        "start": {
          "line": 30,
          "column": 0
        },
        "end": {
          "line": 30,
          "column": 24
        }
      },
      "11": {
        "start": {
          "line": 31,
          "column": 0
        },
        "end": {
          "line": 47,
          "column": 1
        }
      },
      "12": {
        "start": {
          "line": 32,
          "column": 2
        },
        "end": {
          "line": 32,
          "column": 39
        }
      },
      "13": {
        "start": {
          "line": 33,
          "column": 2
        },
        "end": {
          "line": 33,
          "column": 39
        }
      },
      "14": {
        "start": {
          "line": 34,
          "column": 2
        },
        "end": {
          "line": 46,
          "column": 5
        }
      },
      "15": {
        "start": {
          "line": 38,
          "column": 4
        },
        "end": {
          "line": 38,
          "column": 142
        }
      },
      "16": {
        "start": {
          "line": 39,
          "column": 4
        },
        "end": {
          "line": 45,
          "column": 7
        }
      },
      "17": {
        "start": {
          "line": 40,
          "column": 6
        },
        "end": {
          "line": 41,
          "column": 15
        }
      },
      "18": {
        "start": {
          "line": 41,
          "column": 8
        },
        "end": {
          "line": 41,
          "column": 15
        }
      },
      "19": {
        "start": {
          "line": 42,
          "column": 32
        },
        "end": {
          "line": 42,
          "column": 115
        }
      },
      "20": {
        "start": {
          "line": 43,
          "column": 6
        },
        "end": {
          "line": 44,
          "column": 54
        }
      },
      "21": {
        "start": {
          "line": 44,
          "column": 8
        },
        "end": {
          "line": 44,
          "column": 54
        }
      }
    },
    "fnMap": {
      "0": {
        "name": "(anonymous_0)",
        "decl": {
          "start": {
            "line": 11,
            "column": 24
          },
          "end": {
            "line": 11,
            "column": 25
          }
        },
        "loc": {
          "start": {
            "line": 11,
            "column": 38
          },
          "end": {
            "line": 13,
            "column": 3
          }
        },
        "line": 11
      },
      "1": {
        "name": "Col",
        "decl": {
          "start": {
            "line": 18,
            "column": 16
          },
          "end": {
            "line": 18,
            "column": 19
          }
        },
        "loc": {
          "start": {
            "line": 21,
            "column": 3
          },
          "end": {
            "line": 27,
            "column": 1
          }
        },
        "line": 21
      },
      "2": {
        "name": "(anonymous_2)",
        "decl": {
          "start": {
            "line": 37,
            "column": 9
          },
          "end": {
            "line": 37,
            "column": 10
          }
        },
        "loc": {
          "start": {
            "line": 37,
            "column": 29
          },
          "end": {
            "line": 46,
            "column": 3
          }
        },
        "line": 37
      },
      "3": {
        "name": "(anonymous_3)",
        "decl": {
          "start": {
            "line": 39,
            "column": 27
          },
          "end": {
            "line": 39,
            "column": 28
          }
        },
        "loc": {
          "start": {
            "line": 39,
            "column": 44
          },
          "end": {
            "line": 45,
            "column": 5
          }
        },
        "line": 39
      }
    },
    "branchMap": {
      "0": {
        "loc": {
          "start": {
            "line": 5,
            "column": 0
          },
          "end": {
[...]
        },
        "end": {
          "line": 110,
          "column": 1
        }
      },
      "17": {
        "start": {
          "line": 95,
          "column": 2
        },
        "end": {
          "line": 95,
          "column": 39
        }
      },
      "18": {
        "start": {
          "line": 96,
          "column": 2
        },
        "end": {
          "line": 96,
          "column": 39
        }
      },
      "19": {
        "start": {
          "line": 97,
          "column": 2
        },
        "end": {
          "line": 109,
          "column": 5
        }
      },
      "20": {
        "start": {
          "line": 101,
          "column": 4
        },
        "end": {
          "line": 101,
          "column": 147
        }
      },
      "21": {
        "start": {
          "line": 102,
          "column": 4
        },
        "end": {
          "line": 108,
          "column": 7
        }
      },
      "22": {
        "start": {
          "line": 103,
          "column": 6
        },
        "end": {
          "line": 104,
          "column": 15
        }
      },
      "23": {
        "start": {
          "line": 104,
          "column": 8
        },
        "end": {
          "line": 104,
          "column": 15
        }
      },
      "24": {
        "start": {
          "line": 105,
          "column": 32
        },
        "end": {
          "line": 105,
          "column": 115
        }
      },
      "25": {
        "start": {
          "line": 106,
          "column": 6
        },
        "end": {
          "line": 107,
          "column": 54
        }
      },
      "26": {
        "start": {
          "line": 107,
          "column": 8
        },
        "end": {
          "line": 107,
          "column": 54
        }
      }
    },
    "fnMap": {
      "0": {
        "name": "(anonymous_0)",
        "decl": {
          "start": {
            "line": 11,
            "column": 24
          },
          "end": {
            "line": 11,
            "column": 25
          }
        },
        "loc": {
          "start": {
            "line": 11,
            "column": 38
          },
          "end": {
            "line": 13,
            "column": 3
          }
        },
        "line": 11
      },
      "1": {
        "name": "Footer",
        "decl": {
          "start": {
            "line": 23,
            "column": 16
          },
          "end": {
            "line": 23,
            "column": 22
          }
        },
        "loc": {
          "start": {
            "line": 23,
            "column": 25
          },
          "end": {
            "line": 87,
            "column": 1
          }
        },
        "line": 23
      },
      "2": {
        "name": "(anonymous_2)",
        "decl": {
          "start": {
            "line": 88,
            "column": 50
          },
          "end": {
            "line": 88,
            "column": 51
          }
        },
        "loc": {
          "start": {
            "line": 88,
            "column": 61
          },
          "end": {
            "line": 90,
            "column": 1
          }
        },
        "line": 88
      },
      "3": {
        "name": "(anonymous_3)",
        "decl": {
          "start": {
            "line": 100,
            "column": 9
          },
          "end": {
            "line": 100,
            "column": 10
          }
        },
        "loc": {
          "start": {
            "line": 100,
            "column": 29
          },
          "end": {
            "line": 109,
            "column": 3
          }
        },
        "line": 100
      },
      "4": {
        "name": "(anonymous_4)",
        "decl": {
          "start": {
            "line": 102,
            "column": 27
          },
          "end": {
            "line": 102,
            "column": 28
          }
        },
        "loc": {
          "start": {
            "line": 102,
            "column": 44
          },
          "end": {
            "line": 108,
            "column": 5
          }
        },
        "line": 102
      }
    },
    "branchMap": {
      "0": {
        "loc": {
          "start": {
            "line": 5,
            "column": 0
          },
          "end": {
            "line": 15,
            "column": 1
          }
        },
        "type": "if",
        "locations": [
          {
            "start": {
              "line": 5,
              "column": 0
            },
            "end": {
              "line": 15,
              "column": 1
            }
          },
          {
            "start": {},
            "end": {}
          }
        ],
        "line": 5
      },
      "1": {
        "loc": {
          "start": {
            "line": 6,
            "column": 2
          },
          "end": {
            "line": 8,
            "column": 3
          }
        },
        "type": "if",
        "locations": [
          {
            "start": {
              "line": 6,
              "column": 2
            },
            "end": {
              "line": 8,
              "column": 3
            }
          },
          {
            "start": {},
            "end": {}
          }
        ],
        "line": 6
      },
      "2": {
        "loc": {
          "start": {
            "line": 94,
            "column": 0
          },
          "end": {
            "line": 110,
            "column": 1
          }
        },
        "type": "if",
        "locations": [
          {
            "start": {
              "line": 94,
              "column": 0
            },
            "end": {
              "line": 110,
              "column": 1
            }
          },
          {
            "start": {},
            "end": {}
          }
        ],
        "line": 94
      },
      "3": {
        "loc": {
          "start": {
            "line": 103,
            "column": 6
          },
          "end": {
            "line": 104,
            "column": 15
          }
        },
        "type": "if",
        "locations": [
          {
            "start": {
              "line": 103,
              "column": 6
            },
            "end": {
              "line": 104,
              "column": 15
            }
          },
          {
            "start": {},
            "end": {}
          }
        ],
        "line": 103
      },
      "4": {
        "loc": {
          "start": {
            "line": 106,
            "column": 6
          },
          "end": {
            "line": 107,
            "column": 54
          }
        },
        "type": "if",
        "locations": [
          {
            "start": {
              "line": 106,
              "column": 6
            },
            "end": {
              "line": 107,
              "column": 54
            }
          },
          {
            "start": {},
            "end": {}
          }
        ],
        "line": 106
      }
    },
    "s": {
      "0": 66,
      "1": 66,
      "2": 0,
      "3": 66,
      "4": 66,
      "5": 66,
      "6": 66,
      "7": 66,
      "8": 66,
      "9": 110,
      "10": 110,
      "11": 110,
      "12": 66,
      "13": 66,
      "14": 66,
      "15": 66,
      "16": 66,
      "17": 66,
      "18": 66,
      "19": 66,
      "20": 66,
      "21": 66,
      "22": 0,
      "23": 0,
      "24": 0,
      "25": 0,
      "26": 0
    },
    "f": {
      "0": 66,
      "1": 110,
      "2": 66,
      "3": 66,
      "4": 0
    },
    "b": {
      "0": [66, 0],
      "1": [0, 66],
      "2": [66, 0],
      "3": [0, 0],
      "4": [0, 0]
    },
    "inputSourceMap": {
      "version": 3,
      "mappings": "AAiBc;;;;;;;;;;;;;;;;AAjBd,SAASA,iBAAiB;AAC1B,SAASC,WAAW;AACpB,SAASC,WAAW;AACpB,OAAOC,YAAY;AACnB,OAAOC,0BAA0B;AACjC,SAASC,sBAAsB;AAExB,gBAASC,SAAS;AAAAC;AACvB,QAAM;AAAA,IAAEC;AAAAA,EAAE,IAAIH,eAAe,QAAQ;AAErC,SACE,uBAAC,YAAO,WAAWF,OAAOM,WACxB,iCAAC,aACC,iCAAC,OACC;AAAA,2BAAC,OAAI,IAAI,GACP,iCAAC,OAAE,WAAWN,OAAOO,WAClBF;AAAAA,QAAE,WAAW;AAAA,MACd,uBAAC,OACC,MAAK,yEACL,KAAI,cACJ,QAAO,UACNA,YAAE,eAAe,KAJpB;AAAA;AAAA;AAAA;AAAA,aAKA;AAAA,SAPF;AAAA;AAAA;AAAA;AAAA,WAQA,KATF;AAAA;AAAA;AAAA;AAAA,WAUA;AAAA,IACA,uBAAC,OAAI,IAAI,GACP,iCAAC,SAAI,WAAWL,OAAO,sBAAsB,GAC3C;AAAA,6BAAC,UAAK,WAAWA,OAAO,iBAAiB,GAAIK,YAAE,WAAW,KAA1D;AAAA;AAAA;AAAA;AAAA,aAA4D;AAAA,MAC5D,uBAAC,OACC,WAAWL,OAAO,iBAAiB,GACnC,MAAK,0BACL,OAAM,yBACN,QAAO,UACP,KAAI,cACJ,iCAAC,SACC,KAAKC,sBACL,OAAM,OACN,QAAO,MACP,KAAI,gCAJN;AAAA;AAAA;AAAA;AAAA,aAIkC,KAVpC;AAAA;AAAA;AAAA;AAAA,aAYA;AAAA,MACA,uBAAC,UAAK,WAAWD,OAAOQ,SAAS,0CAAjC;AAAA;AAAA;AAAA;AAAA,aAA2D;AAAA,SAf7D;AAAA;AAAA;AAAA;AAAA,WAgBA,KAjBF;AAAA;AAAA;AAAA;AAAA,WAkBA;AAAA,OA9BF;AAAA;AAAA;AAAA;AAAA,SA+BA,KAhCF;AAAA;AAAA;AAAA;AAAA,SAiCA,KAlCF;AAAA;AAAA;AAAA;AAAA,SAmCA;AAEJ;AAACJ,GAzCeD,QAAM;AAAA,UACND,cAAc;AAAA;AAAAO,KADdN;AAAM;AAAAO",
      "names": [
        "Container",
        "Row",
        "Col",
        "styles",
        "dataverseProjectLogo",
        "useTranslation",
        "Footer",
        "_s",
        "t",
        "container",
        "copyright",
        "version",
        "_c",
        "$RefreshReg$"
      ],
      "sources": ["/Users/melina/GitHub/dataverse-frontend/src/sections/layout/footer/Footer.tsx"],
      "file": "/Users/melina/GitHub/dataverse-frontend/src/sections/layout/footer/Footer.tsx"
    },
    "_coverageSchema": "1a1c01bbd47fc00a2c39e90264f33305004495a9",
    "hash": "f3c194d0ec6eb232612bee52e36859a10bc09198"
  },
  "/Users/melina/GitHub/dataverse-frontend/src/sections/layout/Layout.tsx": {
    "path": "/Users/melina/GitHub/dataverse-frontend/src/sections/layout/Layout.tsx",
    "statementMap": {
      "0": {
        "start": {
          "line": 5,
          "column": 0
        },
        "end": {
          "line": 15,
          "column": 1
        }
      },
      "1": {
        "start": {
          "line": 6,
          "column": 2
        },
        "end": {
          "line": 8,
          "column": 3
        }
      },
      "2": {
        "start": {
          "line": 7,
          "column": 4
        },
        "end": {
          "line": 7,
          "column": 165
        }
      },
      "3": {
        "start": {
          "line": 9,
          "column": 2
        },
        "end": {
          "line": 9,
          "column": 39
        }
      },
      "4": {
        "start": {
          "line": 10,
          "column": 2
        },
        "end": {
          "line": 10,
          "column": 39
        }
      },
      "5": {
        "start": {
          "line": 11,
          "column": 2
        },
        "end": {
          "line": 13,
          "column": 4
        }
      },
      "6": {
        "start": {
          "line": 12,
          "column": 4
        },
        "end": {
          "line": 12,
          "column": 114
        }
      },
      "7": {
        "start": {
          "line": 14,
          "column": 2
        },
        "end": {
          "line": 14,
          "column": 75
        }
      },
      "8": {
        "start": {
          "line": 22,
          "column": 2
        },
        "end": {
          "line": 46,
          "column": 11
        }
      },
      "9": {
        "start": {
          "line": 48,
          "column": 0
        },
        "end": {
          "line": 48,
          "column": 12
        }
      },
      "10": {
        "start": {
          "line": 50,
          "column": 0
        },
        "end": {
          "line": 50,
          "column": 27
        }
      },
      "11": {
        "start": {
          "line": 51,
          "column": 0
        },
        "end": {
          "line": 67,
          "column": 1
        }
      },
      "12": {
        "start": {
          "line": 52,
          "column": 2
        },
        "end": {
          "line": 52,
          "column": 39
        }
      },
      "13": {
        "start": {
          "line": 53,
          "column": 2
        },
        "end": {
          "line": 53,
          "column": 39
        }
      },
      "14": {
        "start": {
          "line": 54,
          "column": 2
        },
        "end": {
          "line": 66,
          "column": 5
        }
      },
      "15": {
        "start": {
          "line": 58,
          "column": 4
        },
        "end": {
          "line": 58,
          "column": 140
        }
      },
      "16": {
        "start": {
          "line": 59,
          "column": 4
        },
        "end": {
          "line": 65,
          "column": 7
        }
      },
      "17": {
        "start": {
          "line": 60,
          "column": 6
        },
        "end": {
          "line": 61,
          "column": 15
        }
      },
      "18": {
        "start": {
          "line": 61,
          "column": 8
        },
        "end": {
          "line": 61,
          "column": 15
        }
      },
      "19": {
        "start": {
          "line": 62,
          "column": 32
        },
        "end": {
          "line": 62,
          "column": 115
        }
      },
      "20": {
        "start": {
          "line": 63,
          "column": 6
        },
        "end": {
          "line": 64,
          "column": 54
        }
      },
      "21": {
        "start": {
          "line": 64,
          "column": 8
        },
        "end": {
          "line": 64,
          "column": 54
        }
      }
    },
    "fnMap": {
      "0": {
        "name": "(anonymous_0)",
        "decl": {
          "start": {
            "line": 11,
            "column": 24
          },
          "end": {
            "line": 11,
            "column": 25
          }
        },
        "loc": {
          "start": {
            "line": 11,
            "column": 38
          },
          "end": {
            "line": 13,
            "column": 3
          }
        },
        "line": 11
      },
      "1": {
        "name": "Layout",
        "decl": {
          "start": {
            "line": 21,
            "column": 16
          },
          "end": {
            "line": 21,
            "column": 22
          }
        },
        "loc": {
          "start": {
            "line": 21,
            "column": 25
          },
          "end": {
            "line": 47,
            "column": 1
          }
        },
        "line": 21
      },
      "2": {
        "name": "(anonymous_2)",
        "decl": {
          "start": {
            "line": 57,
            "column": 9
          },
          "end": {
            "line": 57,
            "column": 10
          }
        },
        "loc": {
          "start": {
            "line": 57,
            "column": 29
          },
          "end": {
            "line": 66,
            "column": 3
          }
        },
        "line": 57
      },
      "3": {
        "name": "(anonymous_3)",
        "decl": {
          "start": {
            "line": 59,
            "column": 27
          },
          "end": {
            "line": 59,
            "column": 28
          }
        },
        "loc": {
          "start": {
            "line": 59,
            "column": 44
          },
          "end": {
            "line": 65,
            "column": 5
          }
        },
        "line": 59
      }
    },
    "branchMap": {
      "0": {
        "loc": {
          "start": {
            "line": 5,
            "column": 0
          },
          "end": {
            "line": 15,
            "column": 1
          }
        },
        "type": "if",
        "locations": [
          {
            "start": {
              "line": 5,
              "column": 0
            },
            "end": {
              "line": 15,
              "column": 1
            }
          },
          {
            "start": {},
            "end": {}
          }
        ],
        "line": 5
      },
      "1": {
        "loc": {
          "start": {
            "line": 6,
            "column": 2
          },
          "end": {
            "line": 8,
            "column": 3
          }
        },
        "type": "if",
        "locations": [
          {
            "start": {
              "line": 6,
              "column": 2
            },
            "end": {
              "line": 8,
              "column": 3
            }
          },
          {
            "start": {},
            "end": {}
          }
        ],
        "line": 6
      },
      "2": {
        "loc": {
          "start": {
            "line": 51,
            "column": 0
          },
          "end": {
            "line": 67,
            "column": 1
          }
        },
        "type": "if",
        "locations": [
          {
            "start": {
              "line": 51,
              "column": 0
            },
            "end": {
              "line": 67,
              "column": 1
            }
          },
          {
            "start": {},
            "end": {}
          }
        ],
        "line": 51
      },
      "3": {
        "loc": {
          "start": {
            "line": 60,
            "column": 6
          },
          "end": {
            "line": 61,
            "column": 15
          }
        },
        "type": "if",
        "locations": [
          {
            "start": {
              "line": 60,
              "column": 6
            },
            "end": {
              "line": 61,
              "column": 15
            }
          },
          {
            "start": {},
            "end": {}
          }
        ],
        "line": 60
      },
      "4": {
        "loc": {
          "start": {
            "line": 63,
            "column": 6
          },
          "end": {
            "line": 64,
            "column": 54
          }
        },
        "type": "if",
        "locations": [
          {
            "start": {
              "line": 63,
              "column": 6
            },
            "end": {
              "line": 64,
              "column": 54
            }
          },
          {
            "start": {},
            "end": {}
          }
        ],
        "line": 63
      }
    },
    "s": {
      "0": 33,
      "1": 33,
      "2": 0,
      "3": 33,
      "4": 33,
      "5": 33,
      "6": 33,
      "7": 33,
      "8": 55,
      "9": 33,
      "10": 33,
      "11": 33,
      "12": 33,
      "13": 33,
      "14": 33,
      "15": 33,
      "16": 33,
      "17": 0,
      "18": 0,
      "19": 0,
      "20": 0,
      "21": 0
    },
    "f": {
      "0": 33,
      "1": 55,
      "2": 33,
      "3": 0
    },
    "b": {
      "0": [33, 0],
      "1": [0, 33],
      "2": [33, 0],
      "3": [0, 0],
      "4": [0, 0]
    },
    "inputSourceMap": {
      "version": 3,
      "mappings": "AASM;AATN,2BAAuB;AAAkB;AAAA;AAAA;AAAA;AAAA;AAAA;AAAA;AAAA;AAAA;AAAA;AAAA;AAAA;AAAA;AAAA;AACzC,SAASA,cAAc;AACvB,SAASC,iBAAiB;AAC1B,SAASC,cAAc;AACvB,OAAOC,YAAY;AAEZ,gBAASC,SAAS;AACvB,SACE,uBAAC,aACC;AAAA,2BAAC,YAAD;AAAA;AAAA;AAAA;AAAA,WAAO;AAAA,IACP,uBAAC,aAAU,WAAWD,OAAO,gBAAgB,GAC3C,iCAAC,YAAD;AAAA;AAAA;AAAA;AAAA,WAAO,KADT;AAAA;AAAA;AAAA;AAAA,WAEA;AAAA,IACA,uBAAC,YAAD;AAAA;AAAA;AAAA;AAAA,WAAO;AAAA,OALT;AAAA;AAAA;AAAA;AAAA,SAMA;AAEJ;AAACE,KAVeD;AAAM;AAAAE",
      "names": ["Header", "Container", "Footer", "styles", "Layout", "_c", "$RefreshReg$"],
      "sources": ["/Users/melina/GitHub/dataverse-frontend/src/sections/layout/Layout.tsx"],
      "file": "/Users/melina/GitHub/dataverse-frontend/src/sections/layout/Layout.tsx"
    },
    "_coverageSchema": "1a1c01bbd47fc00a2c39e90264f33305004495a9",
    "hash": "0e2ad7d7da9f1f00fc9116119876c56227ebefad"
  },
  "/Users/melina/GitHub/dataverse-frontend/src/sections/ui/navbar/NavbarProps.ts": {
    "path": "/Users/melina/GitHub/dataverse-frontend/src/sections/ui/navbar/NavbarProps.ts",
    "statementMap": {},
    "fnMap": {},
    "branchMap": {},
    "s": {},
    "f": {},
    "b": {}
  },
  "/Users/melina/GitHub/dataverse-frontend/src/sections/ui/button/Button.tsx": {
    "path": "/Users/melina/GitHub/dataverse-frontend/src/sections/ui/button/Button.tsx",
    "statementMap": {},
    "fnMap": {},
    "branchMap": {},
    "s": {},
    "f": {},
    "b": {}
  }
}
