{
  "/Users/melina/GitHub/dataverse-frontend/packages/design-system/src/lib/components/theme/BaseTheme.ts": {
    "path": "/Users/melina/GitHub/dataverse-frontend/packages/design-system/src/lib/components/theme/BaseTheme.ts",
    "statementMap": {
      "0": {
        "start": {
          "line": 3,
          "column": 25
        },
        "end": {
          "line": 42,
          "column": 1
        }
      }
    },
    "fnMap": {},
    "branchMap": {},
    "s": {
      "0": 97
    },
    "f": {},
    "b": {},
    "inputSourceMap": {
      "version": 3,
      "sources": [
        "/Users/melina/GitHub/dataverse-frontend/packages/design-system/src/lib/components/theme/BaseTheme.ts"
      ],
      "mappings": "AAAA,OAAO,oBAAoB;AAC3B,OAAO,yBAAyB;AA4CzB,aAAM,YAA2B;AAAA,EACtC,UAAU;AAAA,EACV,OAAO;AAAA,IACL,OAAO,eAAe;AAAA,IACtB,SAAS,eAAe;AAAA,IACxB,WAAW,eAAe;AAAA,IAC1B,cAAc,eAAe;AAAA,IAC7B,cAAc,eAAe;AAAA,IAC7B,WAAW,eAAe;AAAA,IAC1B,aAAa,eAAe;AAAA,IAC5B,WAAW,eAAe;AAAA,IAC1B,cAAc,eAAe;AAAA,IAC7B,kBAAkB,eAAe;AAAA,IACjC,oBAAoB,eAAe;AAAA,IACnC,kBAAkB,eAAe;AAAA,IACjC,kBAAkB,eAAe;AAAA,IACjC,eAAe,eAAe;AAAA,IAC9B,iBAAiB,eAAe;AAAA,IAChC,iBAAiB,eAAe;AAAA,IAChC,iBAAiB,eAAe;AAAA,IAChC,cAAc,eAAe;AAAA,IAC7B,gBAAgB,eAAe;AAAA,IAC/B,eAAe,eAAe;AAAA,IAC9B,WAAW,eAAe;AAAA,IAC1B,gBAAgB,eAAe;AAAA,IAC/B,mBAAmB,eAAe;AAAA,IAClC,cAAc,eAAe;AAAA,IAC7B,mBAAmB,eAAe;AAAA,EACpC;AAAA,EACA,YAAY;AAAA,IACV,UAAU,oBAAoB;AAAA,IAC9B,YAAY,oBAAoB;AAAA,IAChC,eAAe,oBAAoB;AAAA,IACnC,YAAY,oBAAoB;AAAA,IAChC,YAAY,oBAAoB;AAAA,IAChC,gBAAgB,oBAAoB;AAAA,IACpC,iBAAiB,oBAAoB;AAAA,IACrC,YAAY,oBAAoB;AAAA,EAClC;AACF;",
      "names": []
    },
    "_coverageSchema": "1a1c01bbd47fc00a2c39e90264f33305004495a9",
    "hash": "09fbbfce1ff8cc6a86522c7fa9537c6a361c48ca"
  },
  "/Users/melina/GitHub/dataverse-frontend/packages/design-system/src/lib/components/theme/ThemeContext.ts": {
    "path": "/Users/melina/GitHub/dataverse-frontend/packages/design-system/src/lib/components/theme/ThemeContext.ts",
    "statementMap": {
      "0": {
        "start": {
          "line": 3,
          "column": 28
        },
        "end": {
          "line": 3,
          "column": 52
        }
      }
    },
    "fnMap": {},
    "branchMap": {},
    "s": {
      "0": 97
    },
    "f": {},
    "b": {},
    "inputSourceMap": {
      "version": 3,
      "sources": [
        "/Users/melina/GitHub/dataverse-frontend/packages/design-system/src/lib/components/theme/ThemeContext.ts"
      ],
      "mappings": "AAAA,SAAS,qBAAqB;AAC9B,SAAS,iBAAiB;AAEnB,aAAM,eAAe,cAAc,SAAS;",
      "names": []
    },
    "_coverageSchema": "1a1c01bbd47fc00a2c39e90264f33305004495a9",
    "hash": "d95f435fccd317943d0fd56efda7a8236e084f6c"
  },
  "/Users/melina/GitHub/dataverse-frontend/packages/design-system/src/lib/components/theme/ThemeProvider.tsx": {
    "path": "/Users/melina/GitHub/dataverse-frontend/packages/design-system/src/lib/components/theme/ThemeProvider.tsx",
    "statementMap": {
      "0": {
        "start": {
          "line": 5,
          "column": 0
        },
        "end": {
          "line": 15,
          "column": 1
        }
      },
      "1": {
        "start": {
          "line": 6,
          "column": 2
        },
        "end": {
          "line": 8,
          "column": 3
        }
      },
      "2": {
        "start": {
          "line": 7,
          "column": 4
        },
        "end": {
          "line": 7,
          "column": 165
        }
      },
      "3": {
        "start": {
          "line": 9,
          "column": 2
        },
        "end": {
          "line": 9,
          "column": 39
        }
      },
      "4": {
        "start": {
          "line": 10,
          "column": 2
        },
        "end": {
          "line": 10,
          "column": 39
        }
      },
      "5": {
        "start": {
          "line": 11,
          "column": 2
        },
        "end": {
          "line": 13,
          "column": 4
        }
      },
      "6": {
        "start": {
          "line": 12,
          "column": 4
        },
        "end": {
          "line": 12,
          "column": 149
        }
      },
      "7": {
        "start": {
          "line": 14,
          "column": 2
        },
        "end": {
          "line": 14,
          "column": 75
        }
      },
      "8": {
        "start": {
          "line": 16,
          "column": 9
        },
        "end": {
          "line": 16,
          "column": 23
        }
      },
      "9": {
        "start": {
          "line": 25,
          "column": 2
        },
        "end": {
          "line": 29,
          "column": 11
        }
      },
      "10": {
        "start": {
          "line": 31,
          "column": 0
        },
        "end": {
          "line": 31,
          "column": 19
        }
      },
      "11": {
        "start": {
          "line": 32,
          "column": 24
        },
        "end": {
          "line": 35,
          "column": 1
        }
      },
      "12": {
        "start": {
          "line": 33,
          "column": 2
        },
        "end": {
          "line": 33,
          "column": 7
        }
      },
      "13": {
        "start": {
          "line": 34,
          "column": 2
        },
        "end": {
          "line": 34,
          "column": 34
        }
      },
      "14": {
        "start": {
          "line": 36,
          "column": 0
        },
        "end": {
          "line": 36,
          "column": 45
        }
      },
      "15": {
        "start": {
          "line": 38,
          "column": 0
        },
        "end": {
          "line": 38,
          "column": 34
        }
      },
      "16": {
        "start": {
          "line": 39,
          "column": 0
        },
        "end": {
          "line": 55,
          "column": 1
        }
      },
      "17": {
        "start": {
          "line": 40,
          "column": 2
        },
        "end": {
          "line": 40,
          "column": 39
        }
      },
      "18": {
        "start": {
          "line": 41,
          "column": 2
        },
        "end": {
          "line": 41,
          "column": 39
        }
      },
      "19": {
        "start": {
          "line": 42,
          "column": 2
        },
        "end": {
          "line": 54,
          "column": 5
        }
      },
      "20": {
        "start": {
          "line": 46,
          "column": 4
        },
        "end": {
          "line": 46,
          "column": 175
        }
      },
      "21": {
        "start": {
          "line": 47,
          "column": 4
        },
        "end": {
          "line": 53,
          "column": 7
        }
      },
      "22": {
        "start": {
          "line": 48,
          "column": 6
        },
        "end": {
          "line": 49,
          "column": 15
        }
      },
      "23": {
        "start": {
          "line": 49,
          "column": 8
        },
        "end": {
          "line": 49,
          "column": 15
        }
      },
      "24": {
        "start": {
          "line": 50,
          "column": 32
        },
        "end": {
          "line": 50,
          "column": 115
        }
      },
      "25": {
        "start": {
          "line": 51,
          "column": 6
        },
        "end": {
          "line": 52,
          "column": 54
        }
      },
      "26": {
        "start": {
          "line": 52,
          "column": 8
        },
        "end": {
          "line": 52,
          "column": 54
        }
      }
    },
    "fnMap": {
      "0": {
        "name": "(anonymous_0)",
        "decl": {
          "start": {
            "line": 11,
            "column": 24
          },
          "end": {
            "line": 11,
            "column": 25
          }
        },
        "loc": {
          "start": {
            "line": 11,
            "column": 38
          },
          "end": {
            "line": 13,
            "column": 3
          }
        },
        "line": 11
      },
      "1": {
        "name": "ThemeProvider",
        "decl": {
          "start": {
            "line": 21,
            "column": 16
          },
          "end": {
            "line": 21,
            "column": 29
          }
        },
        "loc": {
          "start": {
            "line": 24,
            "column": 3
          },
          "end": {
            "line": 30,
            "column": 1
          }
        },
        "line": 24
      },
      "2": {
        "name": "(anonymous_2)",
        "decl": {
          "start": {
            "line": 32,
            "column": 24
          },
          "end": {
            "line": 32,
            "column": 25
          }
        },
        "loc": {
          "start": {
            "line": 32,
            "column": 30
          },
          "end": {
            "line": 35,
            "column": 1
          }
        },
        "line": 32
      },
      "3": {
        "name": "(anonymous_3)",
        "decl": {
          "start": {
            "line": 45,
            "column": 9
          },
          "end": {
            "line": 45,
            "column": 10
          }
        },
        "loc": {
          "start": {
            "line": 45,
            "column": 29
          },
          "end": {
            "line": 54,
            "column": 3
          }
        },
        "line": 45
      },
      "4": {
        "name": "(anonymous_4)",
        "decl": {
          "start": {
            "line": 47,
            "column": 27
          },
          "end": {
            "line": 47,
            "column": 28
          }
        },
        "loc": {
          "start": {
            "line": 47,
            "column": 44
          },
          "end": {
            "line": 53,
            "column": 5
          }
        },
        "line": 47
      }
    },
    "branchMap": {
      "0": {
        "loc": {
          "start": {
            "line": 5,
            "column": 0
          },
          "end": {
            "line": 15,
            "column": 1
          }
        },
        "type": "if",
        "locations": [
          {
            "start": {
              "line": 5,
              "column": 0
            },
            "end": {
              "line": 15,
              "column": 1
            }
          },
          {
            "start": {},
            "end": {}
          }
        ],
        "line": 5
      },
      "1": {
        "loc": {
          "start": {
            "line": 6,
            "column": 2
          },
          "end": {
            "line": 8,
            "column": 3
          }
        },
        "type": "if",
        "locations": [
          {
            "start": {
              "line": 6,
              "column": 2
            },
            "end": {
              "line": 8,
              "column": 3
            }
          },
          {
            "start": {},
            "end": {}
          }
        ],
        "line": 6
      },
      "2": {
        "loc": {
          "start": {
            "line": 22,
            "column": 2
          },
          "end": {
            "line": 22,
            "column": 19
          }
        },
        "type": "default-arg",
        "locations": [
          {
            "start": {
              "line": 22,
              "column": 10
            },
            "end": {
              "line": 22,
              "column": 19
            }
          }
        ],
        "line": 22
      },
      "3": {
        "loc": {
          "start": {
            "line": 39,
            "column": 0
          },
          "end": {
            "line": 55,
            "column": 1
          }
        },
        "type": "if",
        "locations": [
          {
            "start": {
              "line": 39,
              "column": 0
            },
            "end": {
              "line": 55,
              "column": 1
            }
          },
          {
            "start": {},
            "end": {}
          }
        ],
        "line": 39
      },
      "4": {
        "loc": {
          "start": {
            "line": 48,
            "column": 6
          },
          "end": {
            "line": 49,
            "column": 15
          }
        },
        "type": "if",
        "locations": [
          {
            "start": {
              "line": 48,
              "column": 6
            },
            "end": {
              "line": 49,
              "column": 15
            }
          },
          {
            "start": {},
            "end": {}
          }
        ],
        "line": 48
      },
      "5": {
        "loc": {
          "start": {
            "line": 51,
            "column": 6
          },
          "end": {
            "line": 52,
            "column": 54
          }
        },
        "type": "if",
        "locations": [
          {
            "start": {
              "line": 51,
              "column": 6
            },
            "end": {
              "line": 52,
              "column": 54
            }
          },
          {
            "start": {},
            "end": {}
          }
        ],
        "line": 51
      }
    },
    "s": {
      "0": 97,
      "1": 97,
      "2": 0,
      "3": 97,
      "4": 97,
      "5": 97,
      "6": 97,
      "7": 97,
      "8": 97,
      "9": 5,
      "10": 97,
      "11": 97,
      "12": 5,
      "13": 5,
      "14": 97,
      "15": 97,
      "16": 97,
      "17": 97,
      "18": 97,
      "19": 97,
      "20": 97,
      "21": 97,
      "22": 0,
      "23": 0,
      "24": 0,
      "25": 0,
      "26": 0
    },
    "f": {
      "0": 97,
      "1": 5,
      "2": 5,
      "3": 97,
      "4": 0
    },
    "b": {
      "0": [97, 0],
      "1": [0, 97],
      "2": [3],
      "3": [97, 0],
      "4": [0, 0],
      "5": [0, 0]
    },
    "inputSourceMap": {
      "version": 3,
      "mappings": "AAWS;;;;;;;;;;;;;;;;AAXT,SAASA,iBAAgC;AACzC,SAAoBC,kBAAkB;AACtC,SAASC,oBAAoB;AAC7B,OAAO;AAOA,gBAASC,cAAc;AAAA,EAAEC,QAAQJ;AAAAA,EAAWK;AAAqB,GAAG;AACzE,SAAO,uBAAC,aAAa,UAAb,EAAsB,OAAOD,OAAQC,YAAtC;AAAA;AAAA;AAAA;AAAA,SAA+C;AACxD;AAACC,KAFeH;AAIT,aAAMI,WAAWA;AAAAC;AAAA,SAAMP,WAAWC,YAAY;AAAC;AAAAM,GAAzCD,UAAQ;AAAA;AAAAE",
      "names": [
        "baseTheme",
        "useContext",
        "ThemeContext",
        "ThemeProvider",
        "theme",
        "children",
        "_c",
        "useTheme",
        "_s",
        "$RefreshReg$"
      ],
      "sources": [
        "/Users/melina/GitHub/dataverse-frontend/packages/design-system/src/lib/components/theme/ThemeProvider.tsx"
      ],
      "file": "/Users/melina/GitHub/dataverse-frontend/packages/design-system/src/lib/components/theme/ThemeProvider.tsx"
    },
    "_coverageSchema": "1a1c01bbd47fc00a2c39e90264f33305004495a9",
    "hash": "9951e7bd3673d04e77386d9e1e1265d70b819aa8"
  },
  "/Users/melina/GitHub/dataverse-frontend/packages/design-system/src/lib/components/breadcrumb/BreadcrumbItem.tsx": {
    "path": "/Users/melina/GitHub/dataverse-frontend/packages/design-system/src/lib/components/breadcrumb/BreadcrumbItem.tsx",
    "statementMap": {
      "0": {
        "start": {
          "line": 5,
          "column": 0
        },
        "end": {
          "line": 15,
          "column": 1
        }
      },
      "1": {
        "start": {
          "line": 6,
          "column": 2
        },
        "end": {
          "line": 8,
          "column": 3
        }
      },
      "2": {
        "start": {
          "line": 7,
          "column": 4
        },
        "end": {
          "line": 7,
          "column": 165
        }
      },
      "3": {
        "start": {
          "line": 9,
          "column": 2
        },
        "end": {
          "line": 9,
          "column": 39
        }
      },
      "4": {
        "start": {
          "line": 10,
          "column": 2
        },
        "end": {
          "line": 10,
          "column": 39
        }
      },
      "5": {
        "start": {
          "line": 11,
          "column": 2
        },
        "end": {
          "line": 13,
          "column": 4
        }
      },
      "6": {
        "start": {
          "line": 12,
          "column": 4
        },
        "end": {
          "line": 12,
          "column": 155
        }
      },
      "7": {
        "start": {
          "line": 14,
          "column": 2
        },
        "end": {
          "line": 14,
          "column": 75
        }
      },
      "8": {
        "start": {
          "line": 22,
          "column": 2
        },
        "end": {
          "line": 26,
          "column": 11
        }
      },
      "9": {
        "start": {
          "line": 28,
          "column": 0
        },
        "end": {
          "line": 28,
          "column": 20
        }
      },
      "10": {
        "start": {
          "line": 30,
          "column": 0
        },
        "end": {
          "line": 30,
          "column": 35
        }
      },
      "11": {
        "start": {
          "line": 31,
          "column": 0
        },
        "end": {
          "line": 47,
          "column": 1
        }
      },
      "12": {
        "start": {
          "line": 32,
          "column": 2
        },
        "end": {
          "line": 32,
          "column": 39
        }
      },
      "13": {
        "start": {
          "line": 33,
          "column": 2
        },
        "end": {
          "line": 33,
          "column": 39
        }
      },
      "14": {
        "start": {
          "line": 34,
          "column": 2
        },
        "end": {
          "line": 46,
          "column": 5
        }
      },
      "15": {
        "start": {
          "line": 38,
          "column": 4
        },
        "end": {
          "line": 38,
          "column": 181
        }
      },
      "16": {
        "start": {
          "line": 39,
          "column": 4
        },
        "end": {
          "line": 45,
          "column": 7
        }
      },
      "17": {
        "start": {
          "line": 40,
          "column": 6
        },
        "end": {
          "line": 41,
          "column": 15
        }
      },
      "18": {
        "start": {
          "line": 41,
          "column": 8
        },
        "end": {
          "line": 41,
          "column": 15
        }
      },
      "19": {
        "start": {
          "line": 42,
          "column": 32
        },
        "end": {
          "line": 42,
          "column": 115
        }
      },
      "20": {
        "start": {
          "line": 43,
          "column": 6
        },
        "end": {
          "line": 44,
          "column": 54
        }
      },
      "21": {
        "start": {
          "line": 44,
          "column": 8
        },
        "end": {
          "line": 44,
          "column": 54
        }
      }
    },
    "fnMap": {
      "0": {
        "name": "(anonymous_0)",
        "decl": {
          "start": {
            "line": 11,
            "column": 24
          },
          "end": {
            "line": 11,
            "column": 25
          }
        },
        "loc": {
          "start": {
            "line": 11,
            "column": 38
          },
          "end": {
            "line": 13,
            "column": 3
          }
        },
        "line": 11
      },
      "1": {
        "name": "BreadcrumbItem",
        "decl": {
          "start": {
            "line": 17,
            "column": 16
          },
          "end": {
            "line": 17,
            "column": 30
          }
        },
        "loc": {
          "start": {
            "line": 21,
            "column": 3
          },
          "end": {
            "line": 27,
            "column": 1
          }
        },
        "line": 21
      },
      "2": {
        "name": "(anonymous_2)",
        "decl": {
          "start": {
            "line": 37,
            "column": 9
          },
          "end": {
            "line": 37,
            "column": 10
          }
        },
        "loc": {
          "start": {
            "line": 37,
            "column": 29
          },
          "end": {
            "line": 46,
            "column": 3
          }
        },
        "line": 37
      },
      "3": {
        "name": "(anonymous_3)",
        "decl": {
          "start": {
            "line": 39,
            "column": 27
          },
          "end": {
            "line": 39,
            "column": 28
          }
        },
        "loc": {
          "start": {
            "line": 39,
            "column": 44
          },
          "end": {
            "line": 45,
            "column": 5
          }
        },
        "line": 39
      }
    },
    "branchMap": {
      "0": {
        "loc": {
          "start": {
            "line": 5,
            "column": 0
          },
          "end": {
            "line": 15,
            "column": 1
          }
        },
        "type": "if",
        "locations": [
          {
            "start": {
              "line": 5,
              "column": 0
            },
            "end": {
              "line": 15,
              "column": 1
            }
          },
          {
            "start": {},
            "end": {}
          }
        ],
        "line": 5
      },
      "1": {
        "loc": {
          "start": {
            "line": 6,
            "column": 2
          },
          "end": {
            "line": 8,
            "column": 3
          }
        },
        "type": "if",
        "locations": [
          {
            "start": {
              "line": 6,
              "column": 2
            },
            "end": {
              "line": 8,
              "column": 3
            }
          },
          {
            "start": {},
            "end": {}
          }
        ],
        "line": 6
      },
      "2": {
        "loc": {
          "start": {
            "line": 31,
            "column": 0
          },
          "end": {
            "line": 47,
            "column": 1
          }
        },
        "type": "if",
        "locations": [
          {
            "start": {
              "line": 31,
              "column": 0
            },
            "end": {
              "line": 47,
              "column": 1
            }
          },
          {
            "start": {},
            "end": {}
          }
        ],
        "line": 31
      },
      "3": {
        "loc": {
          "start": {
            "line": 40,
            "column": 6
          },
          "end": {
            "line": 41,
            "column": 15
          }
        },
        "type": "if",
        "locations": [
          {
            "start": {
              "line": 40,
              "column": 6
            },
            "end": {
              "line": 41,
              "column": 15
            }
          },
          {
            "start": {},
            "end": {}
          }
        ],
        "line": 40
      },
      "4": {
        "loc": {
          "start": {
            "line": 43,
            "column": 6
          },
          "end": {
            "line": 44,
            "column": 54
          }
        },
        "type": "if",
        "locations": [
          {
            "start": {
              "line": 43,
              "column": 6
            },
            "end": {
              "line": 44,
              "column": 54
            }
          },
          {
            "start": {},
            "end": {}
          }
        ],
        "line": 43
      }
    },
    "s": {
      "0": 8,
      "1": 8,
      "2": 0,
      "3": 8,
      "4": 8,
      "5": 8,
      "6": 8,
      "7": 8,
      "8": 9,
      "9": 8,
      "10": 8,
      "11": 8,
      "12": 8,
      "13": 8,
      "14": 8,
      "15": 8,
      "16": 8,
      "17": 0,
      "18": 0,
      "19": 0,
      "20": 0,
      "21": 0
    },
    "f": {
      "0": 8,
      "1": 9,
      "2": 8,
      "3": 0
    },
    "b": {
      "0": [8, 0],
      "1": [0, 8],
      "2": [8, 0],
      "3": [0, 0],
      "4": [0, 0]
    },
    "inputSourceMap": {
      "version": 3,
      "mappings": "AASI;AATJ,2BAA2BA;AAAgB;AAAQ,IAAiB;AAAA;AAAA;AAAA;AAAA;AAAA;AAAA;AAAA;AAAA;AAAA;AAAA;AAAA;AAAA;AAO7D,gBAASC,eAAe;AAAA,EAAEC;AAAAA,EAAMC;AAAAA,EAAQC;AAAiD,GAAG;AACjG,SACE,uBAAC,oBAAiB,MAAY,QAC3BA,YADH;AAAA;AAAA;AAAA;AAAA,SAEA;AAEJ;AAACC,KANeJ;AAAc;AAAAK",
      "names": [
        "BreadcrumbItemBS",
        "BreadcrumbItem",
        "href",
        "active",
        "children",
        "_c",
        "$RefreshReg$"
      ],
      "sources": [
        "/Users/melina/GitHub/dataverse-frontend/packages/design-system/src/lib/components/breadcrumb/BreadcrumbItem.tsx"
      ],
      "file": "/Users/melina/GitHub/dataverse-frontend/packages/design-system/src/lib/components/breadcrumb/BreadcrumbItem.tsx"
    },
    "_coverageSchema": "1a1c01bbd47fc00a2c39e90264f33305004495a9",
    "hash": "cbfd7df49f55edad2409e559e88df220d60a523d"
  },
  "/Users/melina/GitHub/dataverse-frontend/packages/design-system/src/lib/components/breadcrumb/Breadcrumb.tsx": {
    "path": "/Users/melina/GitHub/dataverse-frontend/packages/design-system/src/lib/components/breadcrumb/Breadcrumb.tsx",
    "statementMap": {
      "0": {
        "start": {
          "line": 5,
          "column": 0
        },
        "end": {
          "line": 15,
          "column": 1
        }
      },
      "1": {
        "start": {
          "line": 6,
          "column": 2
        },
        "end": {
          "line": 8,
          "column": 3
        }
      },
      "2": {
        "start": {
          "line": 7,
          "column": 4
        },
        "end": {
          "line": 7,
          "column": 165
        }
      },
      "3": {
        "start": {
          "line": 9,
          "column": 2
        },
        "end": {
          "line": 9,
          "column": 39
        }
      },
      "4": {
        "start": {
          "line": 10,
          "column": 2
        },
        "end": {
          "line": 10,
          "column": 39
        }
      },
      "5": {
        "start": {
          "line": 11,
          "column": 2
        },
        "end": {
          "line": 13,
          "column": 4
        }
      },
      "6": {
        "start": {
          "line": 12,
          "column": 4
        },
        "end": {
          "line": 12,
          "column": 151
        }
      },
      "7": {
        "start": {
          "line": 14,
          "column": 2
        },
        "end": {
          "line": 14,
          "column": 75
        }
      },
      "8": {
        "start": {
          "line": 21,
          "column": 2
        },
        "end": {
          "line": 25,
          "column": 11
        }
      },
      "9": {
        "start": {
          "line": 27,
          "column": 0
        },
        "end": {
          "line": 27,
          "column": 16
        }
      },
      "10": {
        "start": {
          "line": 28,
          "column": 0
        },
        "end": {
          "line": 28,
          "column": 33
        }
      },
      "11": {
        "start": {
          "line": 31,
          "column": 0
        },
        "end": {
          "line": 31,
          "column": 31
        }
      },
      "12": {
        "start": {
          "line": 32,
          "column": 0
        },
        "end": {
          "line": 48,
          "column": 1
        }
      },
      "13": {
        "start": {
          "line": 33,
          "column": 2
        },
        "end": {
          "line": 33,
          "column": 39
        }
      },
      "14": {
        "start": {
          "line": 34,
          "column": 2
        },
        "end": {
          "line": 34,
          "column": 39
        }
      },
      "15": {
        "start": {
          "line": 35,
          "column": 2
        },
        "end": {
          "line": 47,
          "column": 5
        }
      },
      "16": {
        "start": {
          "line": 39,
          "column": 4
        },
        "end": {
          "line": 39,
          "column": 177
        }
      },
      "17": {
        "start": {
          "line": 40,
          "column": 4
        },
        "end": {
          "line": 46,
          "column": 7
        }
      },
      "18": {
        "start": {
          "line": 41,
          "column": 6
        },
        "end": {
          "line": 42,
          "column": 15
        }
      },
      "19": {
        "start": {
          "line": 42,
          "column": 8
        },
        "end": {
          "line": 42,
          "column": 15
        }
      },
      "20": {
        "start": {
          "line": 43,
          "column": 32
        },
        "end": {
          "line": 43,
          "column": 115
        }
      },
      "21": {
        "start": {
          "line": 44,
          "column": 6
        },
        "end": {
          "line": 45,
          "column": 54
        }
      },
      "22": {
        "start": {
          "line": 45,
          "column": 8
        },
        "end": {
          "line": 45,
          "column": 54
        }
      }
    },
    "fnMap": {
      "0": {
        "name": "(anonymous_0)",
        "decl": {
          "start": {
            "line": 11,
            "column": 24
          },
          "end": {
            "line": 11,
            "column": 25
          }
        },
        "loc": {
          "start": {
            "line": 11,
            "column": 38
          },
          "end": {
            "line": 13,
            "column": 3
          }
        },
        "line": 11
      },
      "1": {
        "name": "Breadcrumb",
        "decl": {
          "start": {
            "line": 18,
            "column": 9
          },
          "end": {
            "line": 18,
            "column": 19
          }
        },
        "loc": {
          "start": {
            "line": 20,
            "column": 3
          },
          "end": {
            "line": 26,
            "column": 1
          }
        },
        "line": 20
      },
      "2": {
        "name": "(anonymous_2)",
        "decl": {
          "start": {
            "line": 38,
            "column": 9
          },
          "end": {
            "line": 38,
            "column": 10
          }
        },
        "loc": {
          "start": {
            "line": 38,
            "column": 29
          },
          "end": {
            "line": 47,
            "column": 3
          }
        },
        "line": 38
      },
      "3": {
        "name": "(anonymous_3)",
        "decl": {
          "start": {
            "line": 40,
            "column": 27
          },
          "end": {
            "line": 40,
            "column": 28
          }
        },
        "loc": {
          "start": {
            "line": 40,
            "column": 44
          },
          "end": {
            "line": 46,
            "column": 5
          }
        },
        "line": 40
      }
    },
    "branchMap": {
      "0": {
        "loc": {
          "start": {
            "line": 5,
            "column": 0
          },
          "end": {
            "line": 15,
            "column": 1
          }
        },
        "type": "if",
        "locations": [
          {
            "start": {
              "line": 5,
              "column": 0
            },
            "end": {
              "line": 15,
              "column": 1
            }
          },
          {
            "start": {},
            "end": {}
          }
        ],
        "line": 5
      },
      "1": {
        "loc": {
          "start": {
            "line": 6,
            "column": 2
          },
          "end": {
            "line": 8,
            "column": 3
          }
        },
        "type": "if",
        "locations": [
          {
            "start": {
              "line": 6,
              "column": 2
            },
            "end": {
              "line": 8,
              "column": 3
            }
          },
          {
            "start": {},
            "end": {}
          }
        ],
        "line": 6
      },
      "2": {
        "loc": {
          "start": {
            "line": 32,
            "column": 0
          },
          "end": {
            "line": 48,
            "column": 1
          }
        },
        "type": "if",
        "locations": [
          {
            "start": {
              "line": 32,
              "column": 0
            },
            "end": {
              "line": 48,
              "column": 1
            }
          },
          {
            "start": {},
            "end": {}
          }
        ],
        "line": 32
      },
      "3": {
        "loc": {
          "start": {
            "line": 41,
            "column": 6
          },
          "end": {
            "line": 42,
            "column": 15
          }
        },
        "type": "if",
        "locations": [
          {
            "start": {
              "line": 41,
              "column": 6
            },
            "end": {
              "line": 42,
              "column": 15
            }
          },
          {
            "start": {},
            "end": {}
          }
        ],
        "line": 41
      },
      "4": {
        "loc": {
          "start": {
            "line": 44,
            "column": 6
          },
          "end": {
            "line": 45,
            "column": 54
          }
        },
        "type": "if",
        "locations": [
          {
            "start": {
              "line": 44,
              "column": 6
            },
            "end": {
              "line": 45,
              "column": 54
            }
          },
          {
            "start": {},
            "end": {}
          }
        ],
        "line": 44
      }
    },
    "s": {
      "0": 4,
      "1": 4,
      "2": 0,
      "3": 4,
      "4": 4,
      "5": 4,
      "6": 4,
      "7": 4,
      "8": 9,
      "9": 4,
      "10": 4,
      "11": 4,
      "12": 4,
      "13": 4,
      "14": 4,
      "15": 4,
      "16": 4,
      "17": 4,
      "18": 0,
      "19": 0,
      "20": 0,
      "21": 0,
      "22": 0
    },
    "f": {
      "0": 4,
      "1": 9,
      "2": 4,
      "3": 0
    },
    "b": {
      "0": [4, 0],
      "1": [0, 4],
      "2": [4, 0],
      "3": [0, 0],
      "4": [0, 0]
    },
    "inputSourceMap": {
      "version": 3,
      "mappings": "AAKS;AALT,2BAAuBA;AAAoB;AAAiB;AAAA;AAAA;AAAA;AAAA;AAAA;AAAA;AAAA;AAAA;AAAA;AAAA;AAAA;AAAA;AAE5D,SAASC,sBAAsB;AAE/B,SAASC,WAAW;AAAA,EAAEC;AAA4B,GAAG;AACnD,SAAO,uBAAC,gBAAcA,YAAf;AAAA;AAAA;AAAA;AAAA,SAAwB;AACjC;AAACC,KAFQF;AAITA,WAAWG,OAAOJ;AAElB,SAASC;AAAY;AAAAI",
      "names": [
        "BreadcrumbBS",
        "BreadcrumbItem",
        "Breadcrumb",
        "children",
        "_c",
        "Item",
        "$RefreshReg$"
      ],
      "sources": [
        "/Users/melina/GitHub/dataverse-frontend/packages/design-system/src/lib/components/breadcrumb/Breadcrumb.tsx"
      ],
      "file": "/Users/melina/GitHub/dataverse-frontend/packages/design-system/src/lib/components/breadcrumb/Breadcrumb.tsx"
    },
    "_coverageSchema": "1a1c01bbd47fc00a2c39e90264f33305004495a9",
    "hash": "a0b5b4f17167c4b829ad58c8a490ac56cf8df2a7"
  },
  "/Users/melina/GitHub/dataverse-frontend/packages/design-system/src/lib/components/accordion/AccordionItem.tsx": {
    "path": "/Users/melina/GitHub/dataverse-frontend/packages/design-system/src/lib/components/accordion/AccordionItem.tsx",
    "statementMap": {
      "0": {
        "start": {
          "line": 5,
          "column": 0
        },
        "end": {
          "line": 15,
          "column": 1
        }
      },
      "1": {
        "start": {
          "line": 6,
          "column": 2
        },
        "end": {
          "line": 8,
          "column": 3
        }
      },
      "2": {
        "start": {
          "line": 7,
          "column": 4
        },
        "end": {
          "line": 7,
          "column": 165
        }
      },
      "3": {
        "start": {
          "line": 9,
          "column": 2
        },
        "end": {
          "line": 9,
          "column": 39
        }
      },
      "4": {
        "start": {
          "line": 10,
          "column": 2
        },
        "end": {
          "line": 10,
          "column": 39
        }
      },
      "5": {
        "start": {
          "line": 11,
          "column": 2
        },
        "end": {
          "line": 13,
          "column": 4
        }
      },
      "6": {
        "start": {
          "line": 12,
          "column": 4
        },
        "end": {
          "line": 12,
          "column": 153
        }
      },
      "7": {
        "start": {
          "line": 14,
          "column": 2
        },
        "end": {
          "line": 14,
          "column": 75
        }
      },
      "8": {
        "start": {
          "line": 21,
          "column": 2
        },
        "end": {
          "line": 25,
          "column": 11
        }
      },
      "9": {
        "start": {
          "line": 27,
          "column": 0
        },
        "end": {
          "line": 27,
          "column": 19
        }
      },
      "10": {
        "start": {
          "line": 29,
          "column": 0
        },
        "end": {
          "line": 29,
          "column": 34
        }
      },
      "11": {
        "start": {
          "line": 30,
          "column": 0
        },
        "end": {
          "line": 46,
          "column": 1
        }
      },
      "12": {
        "start": {
          "line": 31,
          "column": 2
        },
        "end": {
          "line": 31,
          "column": 39
        }
      },
      "13": {
        "start": {
          "line": 32,
          "column": 2
        },
        "end": {
          "line": 32,
          "column": 39
        }
      },
      "14": {
        "start": {
          "line": 33,
          "column": 2
        },
        "end": {
          "line": 45,
          "column": 5
        }
      },
      "15": {
        "start": {
          "line": 37,
          "column": 4
        },
        "end": {
          "line": 37,
          "column": 179
        }
      },
      "16": {
        "start": {
          "line": 38,
          "column": 4
        },
        "end": {
          "line": 44,
          "column": 7
        }
      },
      "17": {
        "start": {
          "line": 39,
          "column": 6
        },
        "end": {
          "line": 40,
          "column": 15
        }
      },
      "18": {
        "start": {
          "line": 40,
          "column": 8
        },
        "end": {
          "line": 40,
          "column": 15
        }
      },
      "19": {
        "start": {
          "line": 41,
          "column": 32
        },
        "end": {
          "line": 41,
          "column": 115
        }
      },
      "20": {
        "start": {
          "line": 42,
          "column": 6
        },
        "end": {
          "line": 43,
          "column": 54
        }
      },
      "21": {
        "start": {
          "line": 43,
          "column": 8
        },
        "end": {
          "line": 43,
          "column": 54
        }
      }
    },
    "fnMap": {
      "0": {
        "name": "(anonymous_0)",
        "decl": {
          "start": {
            "line": 11,
            "column": 24
          },
          "end": {
            "line": 11,
            "column": 25
          }
        },
        "loc": {
          "start": {
            "line": 11,
            "column": 38
          },
          "end": {
            "line": 13,
            "column": 3
          }
        },
        "line": 11
      },
      "1": {
        "name": "AccordionItem",
        "decl": {
          "start": {
            "line": 17,
            "column": 16
          },
          "end": {
            "line": 17,
            "column": 29
          }
        },
        "loc": {
          "start": {
            "line": 20,
            "column": 3
          },
          "end": {
            "line": 26,
            "column": 1
          }
        },
        "line": 20
      },
      "2": {
        "name": "(anonymous_2)",
        "decl": {
          "start": {
            "line": 36,
            "column": 9
          },
          "end": {
            "line": 36,
            "column": 10
          }
        },
        "loc": {
          "start": {
            "line": 36,
            "column": 29
          },
          "end": {
            "line": 45,
            "column": 3
          }
        },
        "line": 36
      },
      "3": {
        "name": "(anonymous_3)",
        "decl": {
          "start": {
            "line": 38,
            "column": 27
          },
          "end": {
            "line": 38,
            "column": 28
          }
        },
        "loc": {
          "start": {
            "line": 38,
            "column": 44
          },
          "end": {
            "line": 44,
            "column": 5
          }
        },
        "line": 38
      }
    },
    "branchMap": {
      "0": {
        "loc": {
          "start": {
            "line": 5,
            "column": 0
          },
          "end": {
            "line": 15,
            "column": 1
          }
        },
        "type": "if",
        "locations": [
          {
            "start": {
              "line": 5,
              "column": 0
            },
            "end": {
              "line": 15,
              "column": 1
            }
          },
          {
            "start": {},
            "end": {}
          }
        ],
        "line": 5
      },
      "1": {
        "loc": {
          "start": {
            "line": 6,
            "column": 2
          },
          "end": {
            "line": 8,
            "column": 3
          }
        },
        "type": "if",
        "locations": [
          {
            "start": {
              "line": 6,
              "column": 2
            },
            "end": {
              "line": 8,
              "column": 3
            }
          },
          {
            "start": {},
            "end": {}
          }
        ],
        "line": 6
      },
      "2": {
        "loc": {
          "start": {
            "line": 30,
            "column": 0
          },
          "end": {
            "line": 46,
            "column": 1
          }
        },
        "type": "if",
        "locations": [
          {
            "start": {
              "line": 30,
              "column": 0
            },
            "end": {
              "line": 46,
              "column": 1
            }
          },
          {
            "start": {},
            "end": {}
          }
        ],
        "line": 30
      },
      "3": {
        "loc": {
          "start": {
            "line": 39,
            "column": 6
          },
          "end": {
            "line": 40,
            "column": 15
          }
        },
        "type": "if",
        "locations": [
          {
            "start": {
              "line": 39,
              "column": 6
            },
            "end": {
              "line": 40,
              "column": 15
            }
          },
          {
            "start": {},
            "end": {}
          }
        ],
        "line": 39
      },
      "4": {
        "loc": {
          "start": {
            "line": 42,
            "column": 6
          },
          "end": {
            "line": 43,
            "column": 54
          }
        },
        "type": "if",
        "locations": [
          {
            "start": {
              "line": 42,
              "column": 6
            },
            "end": {
              "line": 43,
              "column": 54
            }
          },
          {
            "start": {},
            "end": {}
          }
        ],
        "line": 42
      }
    },
    "s": {
      "0": 4,
      "1": 4,
      "2": 0,
      "3": 4,
      "4": 4,
      "5": 4,
      "6": 4,
      "7": 4,
      "8": 18,
      "9": 4,
      "10": 4,
      "11": 4,
      "12": 4,
      "13": 4,
      "14": 4,
      "15": 4,
      "16": 4,
      "17": 0,
      "18": 0,
      "19": 0,
      "20": 0,
      "21": 0
    },
    "f": {
      "0": 4,
      "1": 18,
      "2": 4,
      "3": 0
    },
    "b": {
      "0": [4, 0],
      "1": [0, 4],
      "2": [4, 0],
      "3": [0, 0],
      "4": [0, 0]
    },
    "inputSourceMap": {
      "version": 3,
      "mappings": "AASS;AATT,2BAA0B;AAAO;AAAA;AAAA;AAAA;AAAA;AAAA;AAAA;AAAA;AAAA;AAAA;AAAA;AAAA;AAAA;AACjC,SAASA,aAAaC,mBAAmB;AAOlC,gBAASC,cAAc;AAAA,EAAEC;AAAAA,EAAUC;AAA6B,GAAG;AACxE,SAAO,uBAAC,YAAY,MAAZ,EAAiB,UAAqBA,YAAvC;AAAA;AAAA;AAAA;AAAA,SAAgD;AACzD;AAACC,KAFeH;AAAa;AAAAI",
      "names": [
        "Accordion",
        "AccordionBS",
        "AccordionItem",
        "eventKey",
        "children",
        "_c",
        "$RefreshReg$"
      ],
      "sources": [
        "/Users/melina/GitHub/dataverse-frontend/packages/design-system/src/lib/components/accordion/AccordionItem.tsx"
      ],
      "file": "/Users/melina/GitHub/dataverse-frontend/packages/design-system/src/lib/components/accordion/AccordionItem.tsx"
    },
    "_coverageSchema": "1a1c01bbd47fc00a2c39e90264f33305004495a9",
    "hash": "9d893faf079edf16c80ed5f502aa912d2df58cf1"
  },
  "/Users/melina/GitHub/dataverse-frontend/packages/design-system/src/lib/components/accordion/AccordionBody.tsx": {
    "path": "/Users/melina/GitHub/dataverse-frontend/packages/design-system/src/lib/components/accordion/AccordionBody.tsx",
    "statementMap": {
      "0": {
        "start": {
          "line": 5,
          "column": 0
        },
        "end": {
          "line": 15,
          "column": 1
        }
      },
      "1": {
        "start": {
          "line": 6,
          "column": 2
        },
        "end": {
          "line": 8,
          "column": 3
        }
      },
      "2": {
        "start": {
          "line": 7,
          "column": 4
        },
        "end": {
          "line": 7,
          "column": 165
        }
      },
      "3": {
        "start": {
          "line": 9,
          "column": 2
        },
        "end": {
          "line": 9,
          "column": 39
        }
      },
      "4": {
        "start": {
          "line": 10,
          "column": 2
        },
        "end": {
          "line": 10,
          "column": 39
        }
      },
      "5": {
        "start": {
          "line": 11,
          "column": 2
        },
        "end": {
          "line": 13,
          "column": 4
        }
      },
      "6": {
        "start": {
          "line": 12,
          "column": 4
        },
        "end": {
          "line": 12,
          "column": 153
        }
      },
      "7": {
        "start": {
          "line": 14,
          "column": 2
        },
        "end": {
          "line": 14,
          "column": 75
        }
      },
      "8": {
        "start": {
          "line": 20,
          "column": 2
        },
        "end": {
          "line": 24,
          "column": 11
        }
      },
      "9": {
        "start": {
          "line": 26,
          "column": 0
        },
        "end": {
          "line": 26,
          "column": 19
        }
      },
      "10": {
        "start": {
          "line": 28,
          "column": 0
        },
        "end": {
          "line": 28,
          "column": 34
        }
      },
      "11": {
        "start": {
          "line": 29,
          "column": 0
        },
        "end": {
          "line": 45,
          "column": 1
        }
      },
      "12": {
        "start": {
          "line": 30,
          "column": 2
        },
        "end": {
          "line": 30,
          "column": 39
        }
      },
      "13": {
        "start": {
          "line": 31,
          "column": 2
        },
        "end": {
          "line": 31,
          "column": 39
        }
      },
      "14": {
        "start": {
          "line": 32,
          "column": 2
        },
        "end": {
          "line": 44,
          "column": 5
        }
      },
      "15": {
        "start": {
          "line": 36,
          "column": 4
        },
        "end": {
          "line": 36,
          "column": 179
        }
      },
      "16": {
        "start": {
          "line": 37,
          "column": 4
        },
        "end": {
          "line": 43,
          "column": 7
        }
      },
      "17": {
        "start": {
          "line": 38,
          "column": 6
        },
        "end": {
          "line": 39,
          "column": 15
        }
      },
      "18": {
        "start": {
          "line": 39,
          "column": 8
        },
        "end": {
          "line": 39,
          "column": 15
        }
      },
      "19": {
        "start": {
          "line": 40,
          "column": 32
        },
        "end": {
          "line": 40,
          "column": 115
        }
      },
      "20": {
        "start": {
          "line": 41,
          "column": 6
        },
        "end": {
          "line": 42,
          "column": 54
        }
      },
      "21": {
        "start": {
          "line": 42,
          "column": 8
        },
        "end": {
          "line": 42,
          "column": 54
        }
      }
    },
    "fnMap": {
      "0": {
        "name": "(anonymous_0)",
        "decl": {
          "start": {
            "line": 11,
            "column": 24
          },
          "end": {
            "line": 11,
            "column": 25
          }
        },
        "loc": {
          "start": {
            "line": 11,
            "column": 38
          },
          "end": {
            "line": 13,
            "column": 3
          }
        },
        "line": 11
      },
      "1": {
        "name": "AccordionBody",
        "decl": {
          "start": {
            "line": 17,
            "column": 16
          },
          "end": {
            "line": 17,
            "column": 29
          }
        },
        "loc": {
          "start": {
            "line": 19,
            "column": 3
          },
          "end": {
            "line": 25,
            "column": 1
          }
        },
        "line": 19
      },
      "2": {
        "name": "(anonymous_2)",
        "decl": {
          "start": {
            "line": 35,
            "column": 9
          },
          "end": {
            "line": 35,
            "column": 10
          }
        },
        "loc": {
          "start": {
            "line": 35,
            "column": 29
          },
          "end": {
            "line": 44,
            "column": 3
          }
        },
        "line": 35
      },
      "3": {
        "name": "(anonymous_3)",
        "decl": {
          "start": {
            "line": 37,
            "column": 27
          },
          "end": {
            "line": 37,
            "column": 28
          }
        },
        "loc": {
          "start": {
            "line": 37,
            "column": 44
          },
          "end": {
            "line": 43,
            "column": 5
          }
        },
        "line": 37
      }
    },
    "branchMap": {
      "0": {
        "loc": {
          "start": {
            "line": 5,
            "column": 0
          },
          "end": {
            "line": 15,
            "column": 1
          }
        },
        "type": "if",
        "locations": [
          {
            "start": {
              "line": 5,
              "column": 0
            },
            "end": {
              "line": 15,
              "column": 1
            }
          },
          {
            "start": {},
            "end": {}
          }
        ],
        "line": 5
      },
      "1": {
        "loc": {
          "start": {
            "line": 6,
            "column": 2
          },
          "end": {
            "line": 8,
            "column": 3
          }
        },
        "type": "if",
        "locations": [
          {
            "start": {
              "line": 6,
              "column": 2
            },
            "end": {
              "line": 8,
              "column": 3
            }
          },
          {
            "start": {},
            "end": {}
          }
        ],
        "line": 6
      },
      "2": {
        "loc": {
          "start": {
            "line": 29,
            "column": 0
          },
          "end": {
            "line": 45,
            "column": 1
          }
        },
        "type": "if",
        "locations": [
          {
            "start": {
              "line": 29,
              "column": 0
            },
            "end": {
              "line": 45,
              "column": 1
            }
          },
          {
            "start": {},
            "end": {}
          }
        ],
        "line": 29
      },
      "3": {
        "loc": {
          "start": {
            "line": 38,
            "column": 6
          },
          "end": {
            "line": 39,
            "column": 15
          }
        },
        "type": "if",
        "locations": [
          {
            "start": {
              "line": 38,
              "column": 6
            },
            "end": {
              "line": 39,
              "column": 15
            }
          },
          {
            "start": {},
            "end": {}
          }
        ],
        "line": 38
      },
      "4": {
        "loc": {
          "start": {
            "line": 41,
            "column": 6
          },
          "end": {
            "line": 42,
            "column": 54
          }
        },
        "type": "if",
        "locations": [
          {
            "start": {
              "line": 41,
              "column": 6
            },
            "end": {
              "line": 42,
              "column": 54
            }
          },
          {
            "start": {},
            "end": {}
          }
        ],
        "line": 41
      }
    },
    "s": {
      "0": 4,
      "1": 4,
      "2": 0,
      "3": 4,
      "4": 4,
      "5": 4,
      "6": 4,
      "7": 4,
      "8": 18,
      "9": 4,
      "10": 4,
      "11": 4,
      "12": 4,
      "13": 4,
      "14": 4,
      "15": 4,
      "16": 4,
      "17": 0,
      "18": 0,
      "19": 0,
      "20": 0,
      "21": 0
    },
    "f": {
      "0": 4,
      "1": 18,
      "2": 4,
      "3": 0
    },
    "b": {
      "0": [4, 0],
      "1": [0, 4],
      "2": [4, 0],
      "3": [0, 0],
      "4": [0, 0]
    },
    "inputSourceMap": {
      "version": 3,
      "mappings": "AAQS;AART,2BAA0B;AAAO;AAAA;AAAA;AAAA;AAAA;AAAA;AAAA;AAAA;AAAA;AAAA;AAAA;AAAA;AAAA;AACjC,SAASA,aAAaC,mBAAmB;AAMlC,gBAASC,cAAc;AAAA,EAAEC;AAA6B,GAAG;AAC9D,SAAO,uBAAC,YAAY,MAAZ,EAAkBA,YAAnB;AAAA;AAAA;AAAA;AAAA,SAA4B;AACrC;AAACC,KAFeF;AAAa;AAAAG",
      "names": ["Accordion", "AccordionBS", "AccordionBody", "children", "_c", "$RefreshReg$"],
      "sources": [
        "/Users/melina/GitHub/dataverse-frontend/packages/design-system/src/lib/components/accordion/AccordionBody.tsx"
      ],
      "file": "/Users/melina/GitHub/dataverse-frontend/packages/design-system/src/lib/components/accordion/AccordionBody.tsx"
    },
    "_coverageSchema": "1a1c01bbd47fc00a2c39e90264f33305004495a9",
    "hash": "ba96c5910715e4ab395bec90da7d413011f86758"
  },
  "/Users/melina/GitHub/dataverse-frontend/packages/design-system/src/lib/components/accordion/AccordionHeader.tsx": {
    "path": "/Users/melina/GitHub/dataverse-frontend/packages/design-system/src/lib/components/accordion/AccordionHeader.tsx",
    "statementMap": {
      "0": {
        "start": {
          "line": 5,
          "column": 0
        },
        "end": {
          "line": 15,
          "column": 1
        }
      },
      "1": {
        "start": {
          "line": 6,
          "column": 2
        },
        "end": {
          "line": 8,
          "column": 3
        }
      },
      "2": {
        "start": {
          "line": 7,
          "column": 4
        },
        "end": {
          "line": 7,
          "column": 165
        }
      },
      "3": {
        "start": {
          "line": 9,
          "column": 2
        },
        "end": {
          "line": 9,
          "column": 39
        }
      },
      "4": {
        "start": {
          "line": 10,
          "column": 2
        },
        "end": {
          "line": 10,
          "column": 39
        }
      },
      "5": {
        "start": {
          "line": 11,
          "column": 2
        },
        "end": {
          "line": 13,
          "column": 4
        }
      },
      "6": {
        "start": {
          "line": 12,
          "column": 4
        },
        "end": {
          "line": 12,
          "column": 155
        }
      },
      "7": {
        "start": {
          "line": 14,
          "column": 2
        },
        "end": {
          "line": 14,
          "column": 75
        }
      },
      "8": {
        "start": {
          "line": 20,
          "column": 2
        },
        "end": {
          "line": 24,
          "column": 11
        }
      },
      "9": {
        "start": {
          "line": 26,
          "column": 0
        },
        "end": {
          "line": 26,
          "column": 21
        }
      },
      "10": {
        "start": {
          "line": 28,
          "column": 0
        },
        "end": {
          "line": 28,
          "column": 36
        }
      },
      "11": {
        "start": {
          "line": 29,
          "column": 0
        },
        "end": {
          "line": 45,
          "column": 1
        }
      },
      "12": {
        "start": {
          "line": 30,
          "column": 2
        },
        "end": {
          "line": 30,
          "column": 39
        }
      },
      "13": {
        "start": {
          "line": 31,
          "column": 2
        },
        "end": {
          "line": 31,
          "column": 39
        }
      },
      "14": {
        "start": {
          "line": 32,
          "column": 2
        },
        "end": {
          "line": 44,
          "column": 5
        }
      },
      "15": {
        "start": {
          "line": 36,
          "column": 4
        },
        "end": {
          "line": 36,
          "column": 181
        }
      },
      "16": {
        "start": {
          "line": 37,
          "column": 4
        },
        "end": {
          "line": 43,
          "column": 7
        }
      },
      "17": {
        "start": {
          "line": 38,
          "column": 6
        },
        "end": {
          "line": 39,
          "column": 15
        }
      },
      "18": {
        "start": {
          "line": 39,
          "column": 8
        },
        "end": {
          "line": 39,
          "column": 15
        }
      },
      "19": {
        "start": {
          "line": 40,
          "column": 32
        },
        "end": {
          "line": 40,
          "column": 115
        }
      },
      "20": {
        "start": {
          "line": 41,
          "column": 6
        },
        "end": {
          "line": 42,
          "column": 54
        }
      },
      "21": {
        "start": {
          "line": 42,
          "column": 8
        },
        "end": {
          "line": 42,
          "column": 54
        }
      }
    },
    "fnMap": {
      "0": {
        "name": "(anonymous_0)",
        "decl": {
          "start": {
            "line": 11,
            "column": 24
          },
          "end": {
            "line": 11,
            "column": 25
          }
        },
        "loc": {
          "start": {
            "line": 11,
            "column": 38
          },
          "end": {
            "line": 13,
            "column": 3
          }
        },
        "line": 11
      },
      "1": {
        "name": "AccordionHeader",
        "decl": {
          "start": {
            "line": 17,
            "column": 16
          },
          "end": {
            "line": 17,
            "column": 31
          }
        },
        "loc": {
          "start": {
            "line": 19,
            "column": 3
          },
          "end": {
            "line": 25,
            "column": 1
          }
        },
        "line": 19
      },
      "2": {
        "name": "(anonymous_2)",
        "decl": {
          "start": {
            "line": 35,
            "column": 9
          },
          "end": {
            "line": 35,
            "column": 10
          }
        },
        "loc": {
          "start": {
            "line": 35,
            "column": 29
          },
          "end": {
            "line": 44,
            "column": 3
          }
        },
        "line": 35
      },
      "3": {
        "name": "(anonymous_3)",
        "decl": {
          "start": {
            "line": 37,
            "column": 27
          },
          "end": {
            "line": 37,
            "column": 28
          }
        },
        "loc": {
          "start": {
            "line": 37,
            "column": 44
          },
          "end": {
            "line": 43,
            "column": 5
          }
        },
        "line": 37
      }
    },
    "branchMap": {
      "0": {
        "loc": {
          "start": {
            "line": 5,
            "column": 0
          },
          "end": {
            "line": 15,
            "column": 1
          }
        },
        "type": "if",
        "locations": [
          {
            "start": {
              "line": 5,
              "column": 0
            },
            "end": {
              "line": 15,
              "column": 1
            }
          },
          {
            "start": {},
            "end": {}
          }
        ],
        "line": 5
      },
      "1": {
        "loc": {
          "start": {
            "line": 6,
            "column": 2
          },
          "end": {
            "line": 8,
            "column": 3
          }
        },
        "type": "if",
        "locations": [
          {
            "start": {
              "line": 6,
              "column": 2
            },
            "end": {
              "line": 8,
              "column": 3
            }
          },
          {
            "start": {},
            "end": {}
          }
        ],
        "line": 6
      },
      "2": {
        "loc": {
          "start": {
            "line": 29,
            "column": 0
          },
          "end": {
            "line": 45,
            "column": 1
          }
        },
        "type": "if",
        "locations": [
          {
            "start": {
              "line": 29,
              "column": 0
            },
            "end": {
              "line": 45,
              "column": 1
            }
          },
          {
            "start": {},
            "end": {}
          }
        ],
        "line": 29
      },
      "3": {
        "loc": {
          "start": {
            "line": 38,
            "column": 6
          },
          "end": {
            "line": 39,
            "column": 15
          }
        },
        "type": "if",
        "locations": [
          {
            "start": {
              "line": 38,
              "column": 6
            },
            "end": {
              "line": 39,
              "column": 15
            }
          },
          {
            "start": {},
            "end": {}
          }
        ],
        "line": 38
      },
      "4": {
        "loc": {
          "start": {
            "line": 41,
            "column": 6
          },
          "end": {
            "line": 42,
            "column": 54
          }
        },
        "type": "if",
        "locations": [
          {
            "start": {
              "line": 41,
              "column": 6
            },
            "end": {
              "line": 42,
              "column": 54
            }
          },
          {
            "start": {},
            "end": {}
          }
        ],
        "line": 41
      }
    },
    "s": {
      "0": 4,
      "1": 4,
      "2": 0,
      "3": 4,
      "4": 4,
      "5": 4,
      "6": 4,
      "7": 4,
      "8": 18,
      "9": 4,
      "10": 4,
      "11": 4,
      "12": 4,
      "13": 4,
      "14": 4,
      "15": 4,
      "16": 4,
      "17": 0,
      "18": 0,
      "19": 0,
      "20": 0,
      "21": 0
    },
    "f": {
      "0": 4,
      "1": 18,
      "2": 4,
      "3": 0
    },
    "b": {
      "0": [4, 0],
      "1": [0, 4],
      "2": [4, 0],
      "3": [0, 0],
      "4": [0, 0]
    },
    "inputSourceMap": {
      "version": 3,
      "mappings": "AAQS;AART,2BAA0B;AAAO;AAAA;AAAA;AAAA;AAAA;AAAA;AAAA;AAAA;AAAA;AAAA;AAAA;AAAA;AAAA;AACjC,SAASA,aAAaC,mBAAmB;AAMlC,gBAASC,gBAAgB;AAAA,EAAEC;AAA+B,GAAG;AAClE,SAAO,uBAAC,YAAY,QAAZ,EAAoBA,YAArB;AAAA;AAAA;AAAA;AAAA,SAA8B;AACvC;AAACC,KAFeF;AAAe;AAAAG",
      "names": ["Accordion", "AccordionBS", "AccordionHeader", "children", "_c", "$RefreshReg$"],
      "sources": [
        "/Users/melina/GitHub/dataverse-frontend/packages/design-system/src/lib/components/accordion/AccordionHeader.tsx"
      ],
      "file": "/Users/melina/GitHub/dataverse-frontend/packages/design-system/src/lib/components/accordion/AccordionHeader.tsx"
    },
    "_coverageSchema": "1a1c01bbd47fc00a2c39e90264f33305004495a9",
    "hash": "d528df807643adbe622b784cd14a843c57e93257"
  },
  "/Users/melina/GitHub/dataverse-frontend/packages/design-system/src/lib/components/accordion/Accordion.tsx": {
    "path": "/Users/melina/GitHub/dataverse-frontend/packages/design-system/src/lib/components/accordion/Accordion.tsx",
    "statementMap": {
      "0": {
        "start": {
          "line": 5,
          "column": 0
        },
        "end": {
          "line": 15,
          "column": 1
        }
      },
      "1": {
        "start": {
          "line": 6,
          "column": 2
        },
        "end": {
          "line": 8,
          "column": 3
        }
      },
      "2": {
        "start": {
          "line": 7,
          "column": 4
        },
        "end": {
          "line": 7,
          "column": 165
        }
      },
      "3": {
        "start": {
          "line": 9,
          "column": 2
        },
        "end": {
          "line": 9,
          "column": 39
        }
      },
      "4": {
        "start": {
          "line": 10,
          "column": 2
        },
        "end": {
          "line": 10,
          "column": 39
        }
      },
      "5": {
        "start": {
          "line": 11,
          "column": 2
        },
        "end": {
          "line": 13,
          "column": 4
        }
      },
      "6": {
        "start": {
          "line": 12,
          "column": 4
        },
        "end": {
          "line": 12,
          "column": 149
        }
      },
      "7": {
        "start": {
          "line": 14,
          "column": 2
        },
        "end": {
          "line": 14,
          "column": 75
        }
      },
      "8": {
        "start": {
          "line": 25,
          "column": 2
        },
        "end": {
          "line": 29,
          "column": 11
        }
      },
      "9": {
        "start": {
          "line": 31,
          "column": 0
        },
        "end": {
          "line": 31,
          "column": 15
        }
      },
      "10": {
        "start": {
          "line": 32,
          "column": 0
        },
        "end": {
          "line": 32,
          "column": 31
        }
      },
      "11": {
        "start": {
          "line": 33,
          "column": 0
        },
        "end": {
          "line": 33,
          "column": 31
        }
      },
      "12": {
        "start": {
          "line": 34,
          "column": 0
        },
        "end": {
          "line": 34,
          "column": 35
        }
      },
      "13": {
        "start": {
          "line": 37,
          "column": 0
        },
        "end": {
          "line": 37,
          "column": 30
        }
      },
      "14": {
        "start": {
          "line": 38,
          "column": 0
        },
        "end": {
          "line": 54,
          "column": 1
        }
      },
      "15": {
        "start": {
          "line": 39,
          "column": 2
        },
        "end": {
          "line": 39,
          "column": 39
        }
      },
      "16": {
        "start": {
          "line": 40,
          "column": 2
        },
        "end": {
          "line": 40,
          "column": 39
        }
      },
      "17": {
        "start": {
          "line": 41,
          "column": 2
        },
        "end": {
          "line": 53,
          "column": 5
        }
      },
      "18": {
        "start": {
          "line": 45,
          "column": 4
        },
        "end": {
          "line": 45,
          "column": 175
        }
      },
      "19": {
        "start": {
          "line": 46,
          "column": 4
        },
        "end": {
          "line": 52,
          "column": 7
        }
      },
      "20": {
        "start": {
          "line": 47,
          "column": 6
        },
        "end": {
          "line": 48,
          "column": 15
        }
      },
      "21": {
        "start": {
          "line": 48,
          "column": 8
        },
        "end": {
          "line": 48,
          "column": 15
        }
      },
      "22": {
        "start": {
          "line": 49,
          "column": 32
        },
        "end": {
          "line": 49,
          "column": 115
        }
      },
      "23": {
        "start": {
          "line": 50,
          "column": 6
        },
        "end": {
          "line": 51,
          "column": 54
        }
      },
      "24": {
        "start": {
          "line": 51,
          "column": 8
        },
        "end": {
          "line": 51,
          "column": 54
        }
      }
    },
    "fnMap": {
      "0": {
        "name": "(anonymous_0)",
        "decl": {
          "start": {
            "line": 11,
            "column": 24
          },
          "end": {
            "line": 11,
            "column": 25
          }
        },
        "loc": {
          "start": {
            "line": 11,
            "column": 38
          },
          "end": {
            "line": 13,
            "column": 3
          }
        },
        "line": 11
      },
      "1": {
        "name": "Accordion",
        "decl": {
          "start": {
            "line": 20,
            "column": 9
          },
          "end": {
            "line": 20,
            "column": 18
          }
        },
        "loc": {
          "start": {
            "line": 24,
            "column": 3
          },
          "end": {
            "line": 30,
            "column": 1
          }
        },
        "line": 24
      },
      "2": {
        "name": "(anonymous_2)",
        "decl": {
          "start": {
            "line": 44,
            "column": 9
          },
          "end": {
            "line": 44,
            "column": 10
          }
        },
        "loc": {
          "start": {
            "line": 44,
            "column": 29
          },
          "end": {
            "line": 53,
            "column": 3
          }
        },
        "line": 44
      },
      "3": {
        "name": "(anonymous_3)",
        "decl": {
          "start": {
            "line": 46,
            "column": 27
          },
          "end": {
            "line": 46,
            "column": 28
          }
        },
        "loc": {
          "start": {
            "line": 46,
            "column": 44
          },
          "end": {
            "line": 52,
            "column": 5
          }
        },
        "line": 46
      }
    },
    "branchMap": {
      "0": {
        "loc": {
          "start": {
            "line": 5,
            "column": 0
          },
          "end": {
            "line": 15,
            "column": 1
          }
        },
        "type": "if",
        "locations": [
          {
            "start": {
              "line": 5,
              "column": 0
            },
            "end": {
              "line": 15,
              "column": 1
            }
          },
          {
            "start": {},
            "end": {}
          }
        ],
        "line": 5
      },
      "1": {
        "loc": {
          "start": {
            "line": 6,
            "column": 2
          },
          "end": {
            "line": 8,
            "column": 3
          }
        },
        "type": "if",
        "locations": [
          {
            "start": {
              "line": 6,
              "column": 2
            },
            "end": {
              "line": 8,
              "column": 3
            }
          },
          {
            "start": {},
            "end": {}
          }
        ],
        "line": 6
      },
      "2": {
        "loc": {
          "start": {
            "line": 23,
            "column": 2
          },
          "end": {
            "line": 23,
            "column": 20
          }
        },
        "type": "default-arg",
        "locations": [
          {
            "start": {
              "line": 23,
              "column": 15
            },
            "end": {
              "line": 23,
              "column": 20
            }
          }
        ],
        "line": 23
      },
      "3": {
        "loc": {
          "start": {
            "line": 38,
            "column": 0
          },
          "end": {
            "line": 54,
            "column": 1
          }
        },
        "type": "if",
        "locations": [
          {
            "start": {
              "line": 38,
              "column": 0
            },
            "end": {
              "line": 54,
              "column": 1
            }
          },
          {
            "start": {},
            "end": {}
          }
        ],
        "line": 38
      },
      "4": {
        "loc": {
          "start": {
            "line": 47,
            "column": 6
          },
          "end": {
            "line": 48,
            "column": 15
          }
        },
        "type": "if",
        "locations": [
          {
            "start": {
              "line": 47,
              "column": 6
            },
            "end": {
              "line": 48,
              "column": 15
            }
          },
          {
            "start": {},
            "end": {}
          }
        ],
        "line": 47
      },
      "5": {
        "loc": {
          "start": {
            "line": 50,
            "column": 6
          },
          "end": {
            "line": 51,
            "column": 54
          }
        },
        "type": "if",
        "locations": [
          {
            "start": {
              "line": 50,
              "column": 6
            },
            "end": {
              "line": 51,
              "column": 54
            }
          },
          {
            "start": {},
            "end": {}
          }
        ],
        "line": 50
      }
    },
    "s": {
      "0": 4,
      "1": 4,
      "2": 0,
      "3": 4,
      "4": 4,
      "5": 4,
      "6": 4,
      "7": 4,
      "8": 9,
      "9": 4,
      "10": 4,
      "11": 4,
      "12": 4,
      "13": 4,
      "14": 4,
      "15": 4,
      "16": 4,
      "17": 4,
      "18": 4,
      "19": 4,
      "20": 0,
      "21": 0,
      "22": 0,
      "23": 0,
      "24": 0
    },
    "f": {
      "0": 4,
      "1": 9,
      "2": 4,
      "3": 0
    },
    "b": {
      "0": [4, 0],
      "1": [0, 4],
      "2": [4],
      "3": [4, 0],
      "4": [0, 0],
      "5": [0, 0]
    },
    "inputSourceMap": {
      "version": 3,
      "mappings": "AAcI;AAdJ,2BAA0B;AAAO;AAAA;AAAA;AAAA;AAAA;AAAA;AAAA;AAAA;AAAA;AAAA;AAAA;AAAA;AAAA;AACjC,SAASA,aAAaC,mBAAmB;AACzC,SAASC,qBAAqB;AAC9B,SAASC,qBAAqB;AAC9B,SAASC,uBAAuB;AAQhC,SAASJ,UAAU;AAAA,EAAEK;AAAAA,EAAkBC;AAAAA,EAAUC,aAAa;AAAsB,GAAG;AACrF,SACE,uBAAC,eAAY,kBAAoC,YAC9CD,YADH;AAAA;AAAA;AAAA;AAAA,SAEA;AAEJ;AAACE,KANQR;AAQTA,UAAUS,OAAOP;AACjBF,UAAUU,OAAOP;AACjBH,UAAUW,SAASP;AAEnB,SAASJ;AAAW;AAAAY",
      "names": [
        "Accordion",
        "AccordionBS",
        "AccordionItem",
        "AccordionBody",
        "AccordionHeader",
        "defaultActiveKey",
        "children",
        "alwaysOpen",
        "_c",
        "Item",
        "Body",
        "Header",
        "$RefreshReg$"
      ],
      "sources": [
        "/Users/melina/GitHub/dataverse-frontend/packages/design-system/src/lib/components/accordion/Accordion.tsx"
      ],
      "file": "/Users/melina/GitHub/dataverse-frontend/packages/design-system/src/lib/components/accordion/Accordion.tsx"
    },
    "_coverageSchema": "1a1c01bbd47fc00a2c39e90264f33305004495a9",
    "hash": "10fedb444b55a29b87ddcbd9bf5dd6edfb5a72d1"
  },
  "/Users/melina/GitHub/dataverse-frontend/packages/design-system/src/lib/components/alert/AlertIcon.tsx": {
    "path": "/Users/melina/GitHub/dataverse-frontend/packages/design-system/src/lib/components/alert/AlertIcon.tsx",
    "statementMap": {
      "0": {
        "start": {
          "line": 5,
          "column": 0
        },
        "end": {
          "line": 15,
          "column": 1
        }
      },
      "1": {
        "start": {
          "line": 6,
          "column": 2
        },
        "end": {
          "line": 8,
          "column": 3
        }
      },
      "2": {
        "start": {
          "line": 7,
          "column": 4
        },
        "end": {
          "line": 7,
          "column": 165
        }
      },
      "3": {
        "start": {
          "line": 9,
          "column": 2
        },
        "end": {
          "line": 9,
          "column": 39
        }
      },
      "4": {
        "start": {
          "line": 10,
          "column": 2
        },
        "end": {
          "line": 10,
          "column": 39
        }
      },
      "5": {
        "start": {
          "line": 11,
          "column": 2
        },
        "end": {
          "line": 13,
          "column": 4
        }
      },
      "6": {
        "start": {
          "line": 12,
          "column": 4
        },
        "end": {
          "line": 12,
          "column": 145
        }
      },
      "7": {
        "start": {
          "line": 14,
          "column": 2
        },
        "end": {
          "line": 14,
          "column": 75
        }
      },
      "8": {
        "start": {
          "line": 20,
          "column": 22
        },
        "end": {
          "line": 41,
          "column": 3
        }
      },
      "9": {
        "start": {
          "line": 43,
          "column": 4
        },
        "end": {
          "line": 43,
          "column": 33
        }
      },
      "10": {
        "start": {
          "line": 45,
          "column": 2
        },
        "end": {
          "line": 49,
          "column": 11
        }
      },
      "11": {
        "start": {
          "line": 51,
          "column": 0
        },
        "end": {
          "line": 51,
          "column": 15
        }
      },
      "12": {
        "start": {
          "line": 53,
          "column": 0
        },
        "end": {
          "line": 53,
          "column": 30
        }
      },
      "13": {
        "start": {
          "line": 54,
          "column": 0
        },
        "end": {
          "line": 70,
          "column": 1
        }
      },
      "14": {
        "start": {
          "line": 55,
          "column": 2
        },
        "end": {
          "line": 55,
          "column": 39
        }
      },
      "15": {
        "start": {
          "line": 56,
          "column": 2
        },
        "end": {
          "line": 56,
          "column": 39
        }
      },
      "16": {
        "start": {
          "line": 57,
          "column": 2
        },
        "end": {
          "line": 69,
          "column": 5
        }
      },
      "17": {
        "start": {
          "line": 61,
          "column": 4
        },
        "end": {
          "line": 61,
          "column": 171
        }
      },
      "18": {
        "start": {
          "line": 62,
          "column": 4
        },
        "end": {
          "line": 68,
          "column": 7
        }
      },
      "19": {
        "start": {
          "line": 63,
          "column": 6
        },
        "end": {
          "line": 64,
          "column": 15
[...]
          "line": 10,
          "column": 2
        },
        "end": {
          "line": 10,
          "column": 39
        }
      },
      "5": {
        "start": {
          "line": 11,
          "column": 2
        },
        "end": {
          "line": 13,
          "column": 4
        }
      },
      "6": {
        "start": {
          "line": 12,
          "column": 4
        },
        "end": {
          "line": 12,
          "column": 139
        }
      },
      "7": {
        "start": {
          "line": 14,
          "column": 2
        },
        "end": {
          "line": 14,
          "column": 75
        }
      },
      "8": {
        "start": {
          "line": 22,
          "column": 2
        },
        "end": {
          "line": 26,
          "column": 11
        }
      },
      "9": {
        "start": {
          "line": 28,
          "column": 0
        },
        "end": {
          "line": 28,
          "column": 10
        }
      },
      "10": {
        "start": {
          "line": 29,
          "column": 0
        },
        "end": {
          "line": 29,
          "column": 15
        }
      },
      "11": {
        "start": {
          "line": 32,
          "column": 0
        },
        "end": {
          "line": 32,
          "column": 25
        }
      },
      "12": {
        "start": {
          "line": 33,
          "column": 0
        },
        "end": {
          "line": 49,
          "column": 1
        }
      },
      "13": {
        "start": {
          "line": 34,
          "column": 2
        },
        "end": {
          "line": 34,
          "column": 39
        }
      },
      "14": {
        "start": {
          "line": 35,
          "column": 2
        },
        "end": {
          "line": 35,
          "column": 39
        }
      },
      "15": {
        "start": {
          "line": 36,
          "column": 2
        },
        "end": {
          "line": 48,
          "column": 5
        }
      },
      "16": {
        "start": {
          "line": 40,
          "column": 4
        },
        "end": {
          "line": 40,
          "column": 165
        }
      },
      "17": {
        "start": {
          "line": 41,
          "column": 4
        },
        "end": {
          "line": 47,
          "column": 7
        }
      },
      "18": {
        "start": {
          "line": 42,
          "column": 6
        },
        "end": {
          "line": 43,
          "column": 15
        }
      },
      "19": {
        "start": {
          "line": 43,
          "column": 8
        },
        "end": {
          "line": 43,
          "column": 15
        }
      },
      "20": {
        "start": {
          "line": 44,
          "column": 32
        },
        "end": {
          "line": 44,
          "column": 115
        }
      },
      "21": {
        "start": {
          "line": 45,
          "column": 6
        },
        "end": {
          "line": 46,
          "column": 54
        }
      },
      "22": {
        "start": {
          "line": 46,
          "column": 8
        },
        "end": {
          "line": 46,
          "column": 54
        }
      }
    },
    "fnMap": {
      "0": {
        "name": "(anonymous_0)",
        "decl": {
          "start": {
            "line": 11,
            "column": 24
          },
          "end": {
            "line": 11,
            "column": 25
          }
        },
        "loc": {
          "start": {
            "line": 11,
            "column": 38
          },
          "end": {
            "line": 13,
            "column": 3
          }
        },
        "line": 11
      },
      "1": {
        "name": "Tabs",
        "decl": {
          "start": {
            "line": 18,
            "column": 9
          },
          "end": {
            "line": 18,
            "column": 13
          }
        },
        "loc": {
          "start": {
            "line": 21,
            "column": 3
          },
          "end": {
            "line": 27,
            "column": 1
          }
        },
        "line": 21
      },
      "2": {
        "name": "(anonymous_2)",
        "decl": {
          "start": {
            "line": 39,
            "column": 9
          },
          "end": {
            "line": 39,
            "column": 10
          }
        },
        "loc": {
          "start": {
            "line": 39,
            "column": 29
          },
          "end": {
            "line": 48,
            "column": 3
          }
        },
        "line": 39
      },
      "3": {
        "name": "(anonymous_3)",
        "decl": {
          "start": {
            "line": 41,
            "column": 27
          },
          "end": {
            "line": 41,
            "column": 28
          }
        },
        "loc": {
          "start": {
            "line": 41,
            "column": 44
          },
          "end": {
            "line": 47,
            "column": 5
          }
        },
        "line": 41
      }
    },
    "branchMap": {
      "0": {
        "loc": {
          "start": {
            "line": 5,
            "column": 0
          },
          "end": {
            "line": 15,
            "column": 1
          }
        },
        "type": "if",
        "locations": [
          {
            "start": {
              "line": 5,
              "column": 0
            },
            "end": {
              "line": 15,
              "column": 1
            }
          },
          {
            "start": {},
            "end": {}
          }
        ],
        "line": 5
      },
      "1": {
        "loc": {
          "start": {
            "line": 6,
            "column": 2
          },
          "end": {
            "line": 8,
            "column": 3
          }
        },
        "type": "if",
        "locations": [
          {
            "start": {
              "line": 6,
              "column": 2
            },
            "end": {
              "line": 8,
              "column": 3
            }
          },
          {
            "start": {},
            "end": {}
          }
        ],
        "line": 6
      },
      "2": {
        "loc": {
          "start": {
            "line": 33,
            "column": 0
          },
          "end": {
            "line": 49,
            "column": 1
          }
        },
        "type": "if",
        "locations": [
          {
            "start": {
              "line": 33,
              "column": 0
            },
            "end": {
              "line": 49,
              "column": 1
            }
          },
          {
            "start": {},
            "end": {}
          }
        ],
        "line": 33
      },
      "3": {
        "loc": {
          "start": {
            "line": 42,
            "column": 6
          },
          "end": {
            "line": 43,
            "column": 15
          }
        },
        "type": "if",
        "locations": [
          {
            "start": {
              "line": 42,
              "column": 6
            },
            "end": {
              "line": 43,
              "column": 15
            }
          },
          {
            "start": {},
            "end": {}
          }
        ],
        "line": 42
      },
      "4": {
        "loc": {
          "start": {
            "line": 45,
            "column": 6
          },
          "end": {
            "line": 46,
            "column": 54
          }
        },
        "type": "if",
        "locations": [
          {
            "start": {
              "line": 45,
              "column": 6
            },
            "end": {
              "line": 46,
              "column": 54
            }
          },
          {
            "start": {},
            "end": {}
          }
        ],
        "line": 45
      }
    },
    "s": {
      "0": 3,
      "1": 3,
      "2": 0,
      "3": 3,
      "4": 3,
      "5": 3,
      "6": 3,
      "7": 3,
      "8": 5,
      "9": 3,
      "10": 3,
      "11": 3,
      "12": 3,
      "13": 3,
      "14": 3,
      "15": 3,
      "16": 3,
      "17": 3,
      "18": 0,
      "19": 0,
      "20": 0,
      "21": 0,
      "22": 0
    },
    "f": {
      "0": 3,
      "1": 5,
      "2": 3,
      "3": 0
    },
    "b": {
      "0": [3, 0],
      "1": [0, 3],
      "2": [3, 0],
      "3": [0, 0],
      "4": [0, 0]
    },
    "inputSourceMap": {
      "version": 3,
      "mappings": "AASS;AATT,2BAA0B;AAAe;AAAA;AAAA;AAAA;AAAA;AAAA;AAAA;AAAA;AAAA;AAAA;AAAA;AAAA;AAAA;AACzC,SAASA,WAAW;AACpB,SAASC,QAAQC,cAAc;AAM/B,SAASD,KAAK;AAAA,EAAEE;AAAAA,EAAkBC;AAAuC,GAAG;AAC1E,SAAO,uBAAC,UAAO,kBAAqCA,YAA7C;AAAA;AAAA;AAAA;AAAA,SAAsD;AAC/D;AAACC,KAFQJ;AAITA,KAAKD,MAAMA;AAEX,SAASC;AAAM;AAAAK",
      "names": ["Tab", "Tabs", "TabsBS", "defaultActiveKey", "children", "_c", "$RefreshReg$"],
      "sources": [
        "/Users/melina/GitHub/dataverse-frontend/packages/design-system/src/lib/components/tabs/Tabs.tsx"
      ],
      "file": "/Users/melina/GitHub/dataverse-frontend/packages/design-system/src/lib/components/tabs/Tabs.tsx"
    },
    "_coverageSchema": "1a1c01bbd47fc00a2c39e90264f33305004495a9",
    "hash": "c4bd44e44bb2d037d4ff06341cc274a505319413"
  },
  "/Users/melina/GitHub/dataverse-frontend/packages/design-system/src/lib/components/dropdown-button/dropdown-button-item/DropdownButtonItem.tsx": {
    "path": "/Users/melina/GitHub/dataverse-frontend/packages/design-system/src/lib/components/dropdown-button/dropdown-button-item/DropdownButtonItem.tsx",
    "statementMap": {
      "0": {
        "start": {
          "line": 5,
          "column": 0
        },
        "end": {
          "line": 15,
          "column": 1
        }
      },
      "1": {
        "start": {
          "line": 6,
          "column": 2
        },
        "end": {
          "line": 8,
          "column": 3
        }
      },
      "2": {
        "start": {
          "line": 7,
          "column": 4
        },
        "end": {
          "line": 7,
          "column": 165
        }
      },
      "3": {
        "start": {
          "line": 9,
          "column": 2
        },
        "end": {
          "line": 9,
          "column": 39
        }
      },
      "4": {
        "start": {
          "line": 10,
          "column": 2
        },
        "end": {
          "line": 10,
          "column": 39
        }
      },
      "5": {
        "start": {
          "line": 11,
          "column": 2
        },
        "end": {
          "line": 13,
          "column": 4
        }
      },
      "6": {
        "start": {
          "line": 12,
          "column": 4
        },
        "end": {
          "line": 12,
          "column": 185
        }
      },
      "7": {
        "start": {
          "line": 14,
          "column": 2
        },
        "end": {
          "line": 14,
          "column": 75
        }
      },
      "8": {
        "start": {
          "line": 21,
          "column": 2
        },
        "end": {
          "line": 25,
          "column": 11
        }
      },
      "9": {
        "start": {
          "line": 27,
          "column": 0
        },
        "end": {
          "line": 27,
          "column": 24
        }
      },
      "10": {
        "start": {
          "line": 29,
          "column": 0
        },
        "end": {
          "line": 29,
          "column": 39
        }
      },
      "11": {
        "start": {
          "line": 30,
          "column": 0
        },
        "end": {
          "line": 46,
          "column": 1
        }
      },
      "12": {
        "start": {
          "line": 31,
          "column": 2
        },
        "end": {
          "line": 31,
          "column": 39
        }
      },
      "13": {
        "start": {
          "line": 32,
          "column": 2
        },
        "end": {
          "line": 32,
          "column": 39
        }
      },
      "14": {
        "start": {
          "line": 33,
          "column": 2
        },
        "end": {
          "line": 45,
          "column": 5
        }
      },
      "15": {
        "start": {
          "line": 37,
          "column": 4
        },
        "end": {
          "line": 37,
          "column": 211
        }
      },
      "16": {
        "start": {
          "line": 38,
          "column": 4
        },
        "end": {
          "line": 44,
          "column": 7
        }
      },
      "17": {
        "start": {
          "line": 39,
          "column": 6
        },
        "end": {
          "line": 40,
          "column": 15
        }
      },
      "18": {
        "start": {
          "line": 40,
          "column": 8
        },
        "end": {
          "line": 40,
          "column": 15
        }
      },
      "19": {
        "start": {
          "line": 41,
          "column": 32
        },
        "end": {
          "line": 41,
          "column": 115
        }
      },
      "20": {
        "start": {
          "line": 42,
          "column": 6
        },
        "end": {
          "line": 43,
          "column": 54
        }
      },
      "21": {
        "start": {
          "line": 43,
          "column": 8
        },
        "end": {
          "line": 43,
          "column": 54
        }
      }
    },
    "fnMap": {
      "0": {
        "name": "(anonymous_0)",
        "decl": {
          "start": {
            "line": 11,
            "column": 24
          },
          "end": {
            "line": 11,
            "column": 25
          }
        },
        "loc": {
          "start": {
            "line": 11,
            "column": 38
          },
          "end": {
            "line": 13,
            "column": 3
          }
        },
        "line": 11
      },
      "1": {
        "name": "DropdownButtonItem",
        "decl": {
          "start": {
            "line": 17,
            "column": 16
          },
          "end": {
            "line": 17,
            "column": 34
          }
        },
        "loc": {
          "start": {
            "line": 20,
            "column": 3
          },
          "end": {
            "line": 26,
            "column": 1
          }
        },
        "line": 20
      },
      "2": {
        "name": "(anonymous_2)",
        "decl": {
          "start": {
            "line": 36,
            "column": 9
          },
          "end": {
            "line": 36,
            "column": 10
          }
        },
        "loc": {
          "start": {
            "line": 36,
            "column": 29
          },
          "end": {
            "line": 45,
            "column": 3
          }
        },
        "line": 36
      },
      "3": {
        "name": "(anonymous_3)",
        "decl": {
          "start": {
            "line": 38,
            "column": 27
          },
          "end": {
            "line": 38,
            "column": 28
          }
        },
        "loc": {
          "start": {
            "line": 38,
            "column": 44
          },
          "end": {
            "line": 44,
            "column": 5
          }
        },
        "line": 38
      }
    },
    "branchMap": {
      "0": {
        "loc": {
          "start": {
            "line": 5,
            "column": 0
          },
          "end": {
            "line": 15,
            "column": 1
          }
        },
        "type": "if",
        "locations": [
          {
            "start": {
              "line": 5,
              "column": 0
            },
            "end": {
              "line": 15,
              "column": 1
            }
          },
          {
            "start": {},
            "end": {}
          }
        ],
        "line": 5
      },
      "1": {
        "loc": {
          "start": {
            "line": 6,
            "column": 2
          },
          "end": {
            "line": 8,
            "column": 3
          }
        },
        "type": "if",
        "locations": [
          {
            "start": {
              "line": 6,
              "column": 2
            },
            "end": {
              "line": 8,
              "column": 3
            }
          },
          {
            "start": {},
            "end": {}
          }
        ],
        "line": 6
      },
      "2": {
        "loc": {
          "start": {
            "line": 30,
            "column": 0
          },
          "end": {
            "line": 46,
            "column": 1
          }
        },
        "type": "if",
        "locations": [
          {
            "start": {
              "line": 30,
              "column": 0
            },
            "end": {
              "line": 46,
              "column": 1
            }
          },
          {
            "start": {},
            "end": {}
          }
        ],
        "line": 30
      },
      "3": {
        "loc": {
          "start": {
            "line": 39,
            "column": 6
          },
          "end": {
            "line": 40,
            "column": 15
          }
        },
        "type": "if",
        "locations": [
          {
            "start": {
              "line": 39,
              "column": 6
            },
            "end": {
              "line": 40,
              "column": 15
            }
          },
          {
            "start": {},
            "end": {}
          }
        ],
        "line": 39
      },
      "4": {
        "loc": {
          "start": {
            "line": 42,
            "column": 6
          },
          "end": {
            "line": 43,
            "column": 54
          }
        },
        "type": "if",
        "locations": [
          {
            "start": {
              "line": 42,
              "column": 6
            },
            "end": {
              "line": 43,
              "column": 54
            }
          },
          {
            "start": {},
            "end": {}
          }
        ],
        "line": 42
      }
    },
    "s": {
      "0": 3,
      "1": 3,
      "2": 0,
      "3": 3,
      "4": 3,
      "5": 3,
      "6": 3,
      "7": 3,
      "8": 5,
      "9": 3,
      "10": 3,
      "11": 3,
      "12": 3,
      "13": 3,
      "14": 3,
      "15": 3,
      "16": 3,
      "17": 0,
      "18": 0,
      "19": 0,
      "20": 0,
      "21": 0
    },
    "f": {
      "0": 3,
      "1": 5,
      "2": 3,
      "3": 0
    },
    "b": {
      "0": [3, 0],
      "1": [0, 3],
      "2": [3, 0],
      "3": [0, 0],
      "4": [0, 0]
    },
    "inputSourceMap": {
      "version": 3,
      "mappings": "AASS;AATT,2BAAqBA;AAAkB;AAAiB;AAAA;AAAA;AAAA;AAAA;AAAA;AAAA;AAAA;AAAA;AAAA;AAAA;AAAA;AAAA;AAQjD,gBAASC,mBAAmB;AAAA,EAAEC;AAAAA,EAAMC;AAA4B,GAAG;AACxE,SAAO,uBAAC,WAAW,MAAX,EAAgB,MAAaA,YAA9B;AAAA;AAAA;AAAA;AAAA,SAAuC;AAChD;AAACC,KAFeH;AAAkB;AAAAI",
      "names": ["DropdownBS", "DropdownButtonItem", "href", "children", "_c", "$RefreshReg$"],
      "sources": [
        "/Users/melina/GitHub/dataverse-frontend/packages/design-system/src/lib/components/dropdown-button/dropdown-button-item/DropdownButtonItem.tsx"
      ],
      "file": "/Users/melina/GitHub/dataverse-frontend/packages/design-system/src/lib/components/dropdown-button/dropdown-button-item/DropdownButtonItem.tsx"
    },
    "_coverageSchema": "1a1c01bbd47fc00a2c39e90264f33305004495a9",
    "hash": "3046ab81c1cfd74934774f62c455d230599c2ac9"
  },
  "/Users/melina/GitHub/dataverse-frontend/packages/design-system/src/lib/components/alert/AlertVariant.ts": {
    "path": "/Users/melina/GitHub/dataverse-frontend/packages/design-system/src/lib/components/alert/AlertVariant.ts",
    "statementMap": {},
    "fnMap": {},
    "branchMap": {},
    "s": {},
    "f": {},
    "b": {}
  },
  "/Users/melina/GitHub/dataverse-frontend/packages/design-system/src/lib/components/button-group/ButtonToolbar.tsx": {
    "path": "/Users/melina/GitHub/dataverse-frontend/packages/design-system/src/lib/components/button-group/ButtonToolbar.tsx",
    "statementMap": {},
    "fnMap": {},
    "branchMap": {},
    "s": {},
    "f": {},
    "b": {}
  }
}
